Log file open, 03/11/18 22:26:51
LogWindows: Failed to load 'aqProf.dll' (GetLastError=126)
LogWindows: File 'aqProf.dll' does not exist
LogWindows: Failed to load 'VSPerf140.dll' (GetLastError=126)
LogWindows: File 'VSPerf140.dll' does not exist
LogWindows: Failed to load 'VtuneApi.dll' (GetLastError=126)
LogWindows: File 'VtuneApi.dll' does not exist
LogWindows: Failed to load 'VtuneApi32e.dll' (GetLastError=126)
LogWindows: File 'VtuneApi32e.dll' does not exist
LogInit: Display: Running engine for game: USG
LogPlatformFile: Not using cached read wrapper
LogInit: Display: RandInit(490765772) SRandInit(490765772).
LogInit: Read version file with build ID '3709383'
LogInit: Overriding engine version to CL 3794801, compatible CL 3709383
LogInit: Registered custom module enumerator with build ID '3709383'
LogTaskGraph: Started task graph with 5 named threads and 11 total threads with 3 sets of task threads.
LogStats: Stats thread started at 3.849068
LogD3D11RHI: Aftermath initialized
LogModuleManager: Display: Found up-to-date module file ../../../Engine/Plugins/Marketplace/LowEntryExtStdLib/Binaries/Win64/UE4Editor-LowEntryExtendedStandardLibrary.dll (API version 3709383).
LogModuleManager: Display: Found up-to-date module file ../../../Engine/Plugins/Marketplace/LowEntryExtStdLib/Binaries/Win64/UE4Editor-LowEntryExtendedStandardLibraryEditor.dll (API version 3709383).
LogModuleManager: Display: Found up-to-date module file ../../../Engine/Plugins/2D/Paper2D/Binaries/Win64/UE4Editor-Paper2D.dll (API version 3709383).
LogModuleManager: Display: Found up-to-date module file ../../../Engine/Plugins/2D/Paper2D/Binaries/Win64/UE4Editor-Paper2DEditor.dll (API version 3709383).
LogModuleManager: Display: Found up-to-date module file ../../../Engine/Plugins/2D/Paper2D/Binaries/Win64/UE4Editor-PaperSpriteSheetImporter.dll (API version 3709383).
LogModuleManager: Display: Found up-to-date module file ../../../Engine/Plugins/2D/Paper2D/Binaries/Win64/UE4Editor-PaperTiledImporter.dll (API version 3709383).
LogModuleManager: Display: Found up-to-date module file ../../../Engine/Plugins/2D/Paper2D/Binaries/Win64/UE4Editor-SmartSnapping.dll (API version 3709383).
LogModuleManager: Display: Found up-to-date module file ../../../Engine/Plugins/Blendables/LightPropagationVolume/Binaries/Win64/UE4Editor-LightPropagationVolumeRuntime.dll (API version 3709383).
LogModuleManager: Display: Found up-to-date module file ../../../Engine/Plugins/Blendables/LightPropagationVolume/Binaries/Win64/UE4Editor-LightPropagationVolumeEditor.dll (API version 3709383).
LogModuleManager: Display: Found up-to-date module file ../../../Engine/Plugins/Developer/GitSourceControl/Binaries/Win64/UE4Editor-GitSourceControl.dll (API version 3709383).
LogModuleManager: Display: Found up-to-date module file ../../../Engine/Plugins/Developer/PerforceSourceControl/Binaries/Win64/UE4Editor-PerforceSourceControl.dll (API version 3709383).
LogModuleManager: Display: Found up-to-date module file ../../../Engine/Plugins/Developer/SubversionSourceControl/Binaries/Win64/UE4Editor-SubversionSourceControl.dll (API version 3709383).
LogModuleManager: Display: Found up-to-date module file ../../../Engine/Plugins/Developer/UObjectPlugin/Binaries/Win64/UE4Editor-UObjectPlugin.dll (API version 3709383).
LogModuleManager: Display: Found up-to-date module file ../../../Engine/Plugins/Developer/VisualStudioCodeSourceCodeAccess/Binaries/Win64/UE4Editor-VisualStudioCodeSourceCodeAccess.dll (API version 3709383).
LogModuleManager: Display: Found up-to-date module file ../../../Engine/Plugins/Developer/VisualStudioSourceCodeAccess/Binaries/Win64/UE4Editor-VisualStudioSourceCodeAccess.dll (API version 3709383).
LogModuleManager: Display: Found up-to-date module file ../../../Engine/Plugins/Editor/AssetManagerEditor/Binaries/Win64/UE4Editor-AssetManagerEditor.dll (API version 3709383).
LogModuleManager: Display: Found up-to-date module file ../../../Engine/Plugins/Editor/AudioCapture/Binaries/Win64/UE4Editor-AudioCapture.dll (API version 3709383).
LogModuleManager: Display: Found up-to-date module file ../../../Engine/Plugins/Editor/FacialAnimation/Binaries/Win64/UE4Editor-FacialAnimation.dll (API version 3709383).
LogModuleManager: Display: Found up-to-date module file ../../../Engine/Plugins/Editor/FacialAnimation/Binaries/Win64/UE4Editor-FacialAnimationEditor.dll (API version 3709383).
LogModuleManager: Display: Found up-to-date module file ../../../Engine/Plugins/Editor/GameplayTagsEditor/Binaries/Win64/UE4Editor-GameplayTagsEditor.dll (API version 3709383).
LogModuleManager: Display: Found up-to-date module file ../../../Engine/Plugins/Editor/MobileLauncherProfileWizard/Binaries/Win64/UE4Editor-MobileLauncherProfileWizard.dll (API version 3709383).
LogModuleManager: Display: Found up-to-date module file ../../../Engine/Plugins/Editor/PluginBrowser/Binaries/Win64/UE4Editor-PluginBrowser.dll (API version 3709383).
LogModuleManager: Display: Found up-to-date module file ../../../Engine/Plugins/Editor/SpeedTreeImporter/Binaries/Win64/UE4Editor-SpeedTreeImporter.dll (API version 3709383).
LogModuleManager: Display: Found up-to-date module file ../../../Engine/Plugins/Experimental/AlembicImporter/Binaries/Win64/UE4Editor-AlembicImporter.dll (API version 3709383).
LogModuleManager: Display: Found up-to-date module file ../../../Engine/Plugins/Experimental/AlembicImporter/Binaries/Win64/UE4Editor-AlembicLibrary.dll (API version 3709383).
LogModuleManager: Display: Found up-to-date module file ../../../Engine/Plugins/Experimental/CharacterAI/Binaries/Win64/UE4Editor-CharacterAI.dll (API version 3709383).
LogModuleManager: Display: Found up-to-date module file ../../../Engine/Plugins/Experimental/HTML5Networking/Binaries/Win64/UE4Editor-HTML5Networking.dll (API version 3709383).
LogModuleManager: Display: Found up-to-date module file ../../../Engine/Plugins/Media/AndroidMedia/Binaries/Win64/UE4Editor-AndroidMediaEditor.dll (API version 3709383).
LogModuleManager: Display: Found up-to-date module file ../../../Engine/Plugins/Media/AndroidMedia/Binaries/Win64/UE4Editor-AndroidMediaFactory.dll (API version 3709383).
LogModuleManager: Display: Found up-to-date module file ../../../Engine/Plugins/Media/AvfMedia/Binaries/Win64/UE4Editor-AvfMediaEditor.dll (API version 3709383).
LogModuleManager: Display: Found up-to-date module file ../../../Engine/Plugins/Media/AvfMedia/Binaries/Win64/UE4Editor-AvfMediaFactory.dll (API version 3709383).
LogModuleManager: Display: Found up-to-date module file ../../../Engine/Plugins/Media/AvfMedia/Binaries/Win64/UE4Editor-AvfMediaFactory.dll (API version 3709383).
LogModuleManager: Display: Found up-to-date module file ../../../Engine/Plugins/Media/ImgMedia/Binaries/Win64/UE4Editor-ImgMedia.dll (API version 3709383).
LogModuleManager: Display: Found up-to-date module file ../../../Engine/Plugins/Media/ImgMedia/Binaries/Win64/UE4Editor-ImgMediaEditor.dll (API version 3709383).
LogModuleManager: Display: Found up-to-date module file ../../../Engine/Plugins/Media/ImgMedia/Binaries/Win64/UE4Editor-ImgMediaFactory.dll (API version 3709383).
LogModuleManager: Display: Found up-to-date module file ../../../Engine/Plugins/Media/ImgMedia/Binaries/Win64/UE4Editor-ImgMediaFactory.dll (API version 3709383).
LogModuleManager: Display: Found up-to-date module file ../../../Engine/Plugins/Media/ImgMedia/Binaries/Win64/UE4Editor-OpenExrWrapper.dll (API version 3709383).
LogModuleManager: Display: Found up-to-date module file ../../../Engine/Plugins/Media/MediaCompositing/Binaries/Win64/UE4Editor-MediaCompositing.dll (API version 3709383).
LogModuleManager: Display: Found up-to-date module file ../../../Engine/Plugins/Media/MediaCompositing/Binaries/Win64/UE4Editor-MediaCompositingEditor.dll (API version 3709383).
LogModuleManager: Display: Found up-to-date module file ../../../Engine/Plugins/Media/MediaPlayerEditor/Binaries/Win64/UE4Editor-MediaPlayerEditor.dll (API version 3709383).
LogModuleManager: Display: Found up-to-date module file ../../../Engine/Plugins/Media/WmfMedia/Binaries/Win64/UE4Editor-WmfMedia.dll (API version 3709383).
LogModuleManager: Display: Found up-to-date module file ../../../Engine/Plugins/Media/WmfMedia/Binaries/Win64/UE4Editor-WmfMediaEditor.dll (API version 3709383).
LogModuleManager: Display: Found up-to-date module file ../../../Engine/Plugins/Media/WmfMedia/Binaries/Win64/UE4Editor-WmfMediaFactory.dll (API version 3709383).
LogModuleManager: Display: Found up-to-date module file ../../../Engine/Plugins/Media/WmfMedia/Binaries/Win64/UE4Editor-WmfMediaFactory.dll (API version 3709383).
LogModuleManager: Display: Found up-to-date module file ../../../Engine/Plugins/Messaging/TcpMessaging/Binaries/Win64/UE4Editor-TcpMessaging.dll (API version 3709383).
LogModuleManager: Display: Found up-to-date module file ../../../Engine/Plugins/Messaging/UdpMessaging/Binaries/Win64/UE4Editor-UdpMessaging.dll (API version 3709383).
LogModuleManager: Display: Found up-to-date module file ../../../Engine/Plugins/MovieScene/ActorSequence/Binaries/Win64/UE4Editor-ActorSequence.dll (API version 3709383).
LogModuleManager: Display: Found up-to-date module file ../../../Engine/Plugins/MovieScene/LevelSequenceEditor/Binaries/Win64/UE4Editor-LevelSequenceEditor.dll (API version 3709383).
LogModuleManager: Display: Found up-to-date module file ../../../Engine/Plugins/MovieScene/MatineeToLevelSequence/Binaries/Win64/UE4Editor-MatineeToLevelSequence.dll (API version 3709383).
LogModuleManager: Display: Found up-to-date module file ../../../Engine/Plugins/Online/OnlineSubsystem/Binaries/Win64/UE4Editor-OnlineSubsystem.dll (API version 3709383).
LogModuleManager: Display: Found up-to-date module file ../../../Engine/Plugins/Runtime/AndroidPermission/Binaries/Win64/UE4Editor-AndroidPermission.dll (API version 3709383).
LogModuleManager: Display: Found up-to-date module file ../../../Engine/Plugins/Online/OnlineSubsystemNull/Binaries/Win64/UE4Editor-OnlineSubsystemNull.dll (API version 3709383).
LogModuleManager: Display: Found up-to-date module file ../../../Engine/Plugins/Online/OnlineSubsystemUtils/Binaries/Win64/UE4Editor-OnlineSubsystemUtils.dll (API version 3709383).
LogModuleManager: Display: Found up-to-date module file ../../../Engine/Plugins/Online/OnlineSubsystemUtils/Binaries/Win64/UE4Editor-OnlineBlueprintSupport.dll (API version 3709383).
LogModuleManager: Display: Found up-to-date module file ../../../Engine/Plugins/Runtime/AndroidDeviceProfileSelector/Binaries/Win64/UE4Editor-AndroidDeviceProfileSelector.dll (API version 3709383).
LogModuleManager: Display: Found up-to-date module file ../../../Engine/Plugins/Runtime/AppleARKit/Binaries/Win64/UE4Editor-AppleARKit.dll (API version 3709383).
LogModuleManager: Display: Found up-to-date module file ../../../Engine/Plugins/Runtime/ArchVisCharacter/Binaries/Win64/UE4Editor-ArchVisCharacter.dll (API version 3709383).
LogModuleManager: Display: Found up-to-date module file ../../../Engine/Plugins/Runtime/CableComponent/Binaries/Win64/UE4Editor-CableComponent.dll (API version 3709383).
LogModuleManager: Display: Found up-to-date module file ../../../Engine/Plugins/Runtime/CustomMeshComponent/Binaries/Win64/UE4Editor-CustomMeshComponent.dll (API version 3709383).
LogModuleManager: Display: Found up-to-date module file ../../../Engine/Plugins/Runtime/ExampleDeviceProfileSelector/Binaries/Win64/UE4Editor-ExampleDeviceProfileSelector.dll (API version 3709383).
LogModuleManager: Display: Found up-to-date module file ../../../Engine/Plugins/Runtime/ImmediatePhysics/Binaries/Win64/UE4Editor-ImmediatePhysics.dll (API version 3709383).
LogModuleManager: Display: Found up-to-date module file ../../../Engine/Plugins/Runtime/ImmediatePhysics/Binaries/Win64/UE4Editor-ImmediatePhysicsEditor.dll (API version 3709383).
LogModuleManager: Display: Found up-to-date module file ../../../Engine/Plugins/Runtime/LocationServicesBPLibrary/Binaries/Win64/UE4Editor-LocationServicesBPLibrary.dll (API version 3709383).
LogModuleManager: Display: Found up-to-date module file ../../../Engine/Plugins/Runtime/MobilePatchingUtils/Binaries/Win64/UE4Editor-MobilePatchingUtils.dll (API version 3709383).
LogModuleManager: Display: Found up-to-date module file ../../../Engine/Plugins/Runtime/Oculus/OculusVR/Binaries/Win64/UE4Editor-OculusHMD.dll (API version 3709383).
LogModuleManager: Display: Found up-to-date module file ../../../Engine/Plugins/Runtime/Oculus/OculusVR/Binaries/Win64/UE4Editor-OculusInput.dll (API version 3709383).
LogModuleManager: Display: Found up-to-date module file ../../../Engine/Plugins/Runtime/Oculus/OculusVR/Binaries/Win64/UE4Editor-OculusEditor.dll (API version 3709383).
LogModuleManager: Display: Found up-to-date module file ../../../Engine/Plugins/Runtime/PhysXVehicles/Binaries/Win64/UE4Editor-PhysXVehicles.dll (API version 3709383).
LogModuleManager: Display: Found up-to-date module file ../../../Engine/Plugins/Runtime/PhysXVehicles/Binaries/Win64/UE4Editor-PhysXVehiclesEditor.dll (API version 3709383).
LogModuleManager: Display: Found up-to-date module file ../../../Engine/Plugins/Runtime/ProceduralMeshComponent/Binaries/Win64/UE4Editor-ProceduralMeshComponent.dll (API version 3709383).
LogModuleManager: Display: Found up-to-date module file ../../../Engine/Plugins/Runtime/ProceduralMeshComponent/Binaries/Win64/UE4Editor-ProceduralMeshComponentEditor.dll (API version 3709383).
LogModuleManager: Display: Found up-to-date module file ../../../Engine/Plugins/Runtime/RuntimePhysXCooking/Binaries/Win64/UE4Editor-RuntimePhysXCooking.dll (API version 3709383).
LogModuleManager: Display: Found up-to-date module file ../../../Engine/Plugins/Runtime/Steam/SteamVR/Binaries/Win64/UE4Editor-SteamVR.dll (API version 3709383).
LogModuleManager: Display: Found up-to-date module file ../../../Engine/Plugins/Runtime/Steam/SteamVR/Binaries/Win64/UE4Editor-SteamVRController.dll (API version 3709383).
LogModuleManager: Display: Found up-to-date module file ../../../Engine/Plugins/Runtime/WindowsMoviePlayer/Binaries/Win64/UE4Editor-WindowsMoviePlayer.dll (API version 3709383).
LogPluginManager: Mounting plugin Paper2D
LogPluginManager: Mounting plugin LightPropagationVolume
LogPluginManager: Mounting plugin CodeLiteSourceCodeAccess
LogPluginManager: Mounting plugin GitSourceControl
LogPluginManager: Mounting plugin KDevelopSourceCodeAccess
LogPluginManager: Mounting plugin NullSourceCodeAccess
LogPluginManager: Mounting plugin PerforceSourceControl
LogPluginManager: Mounting plugin SubversionSourceControl
LogPluginManager: Mounting plugin UObjectPlugin
LogPluginManager: Mounting plugin VisualStudioCodeSourceCodeAccess
LogPluginManager: Mounting plugin VisualStudioSourceCodeAccess
LogPluginManager: Mounting plugin XCodeSourceCodeAccess
LogPluginManager: Mounting plugin AssetManagerEditor
LogPluginManager: Mounting plugin AudioCapture
LogPluginManager: Mounting plugin FacialAnimation
LogPluginManager: Mounting plugin GameplayTagsEditor
LogPluginManager: Mounting plugin MobileLauncherProfileWizard
LogPluginManager: Mounting plugin PluginBrowser
LogPluginManager: Mounting plugin SpeedTreeImporter
LogPluginManager: Mounting plugin AlembicImporter
LogPluginManager: Mounting plugin CharacterAI
LogPluginManager: Mounting plugin HTML5Networking
LogPluginManager: Mounting plugin LowEntryExtStdLib
LogPluginManager: Mounting plugin AndroidMedia
LogPluginManager: Mounting plugin AvfMedia
LogPluginManager: Mounting plugin ImgMedia
LogPluginManager: Mounting plugin MediaCompositing
LogPluginManager: Mounting plugin MediaPlayerEditor
LogPluginManager: Mounting plugin WmfMedia
LogPluginManager: Mounting plugin TcpMessaging
LogPluginManager: Mounting plugin UdpMessaging
LogPluginManager: Mounting plugin ActorSequence
LogPluginManager: Mounting plugin LevelSequenceEditor
LogPluginManager: Mounting plugin MatineeToLevelSequence
LogPluginManager: Mounting plugin OnlineSubsystemGooglePlay
LogPluginManager: Mounting plugin OnlineSubsystemIOS
LogPluginManager: Mounting plugin OnlineSubsystem
LogPluginManager: Mounting plugin OnlineSubsystemNull
LogPluginManager: Mounting plugin OnlineSubsystemUtils
LogPluginManager: Mounting plugin AndroidDeviceProfileSelector
LogPluginManager: Mounting plugin AndroidMoviePlayer
LogPluginManager: Mounting plugin AndroidPermission
LogPluginManager: Mounting plugin AppleARKit
LogPluginManager: Mounting plugin AppleMoviePlayer
LogPluginManager: Mounting plugin ArchVisCharacter
LogPluginManager: Mounting plugin CableComponent
LogPluginManager: Mounting plugin CustomMeshComponent
LogPluginManager: Mounting plugin ExampleDeviceProfileSelector
LogPluginManager: Mounting plugin GoogleCloudMessaging
LogPluginManager: Mounting plugin ImmediatePhysics
LogPluginManager: Mounting plugin IOSDeviceProfileSelector
LogPluginManager: Mounting plugin LinuxDeviceProfileSelector
LogPluginManager: Mounting plugin LocationServicesBPLibrary
LogPluginManager: Mounting plugin MobilePatchingUtils
LogPluginManager: Mounting plugin OculusVR
LogPluginManager: Plugin shader directory ../../../Engine/Plugins/Runtime/Oculus/OculusVR/Shaders found
LogPluginManager: Mapping shader source directory ../../../Engine/Plugins/Runtime/Oculus/OculusVR/Shaders to virtual directory /Plugin/OculusVR
LogPluginManager: Mounting plugin PhysXVehicles
LogPluginManager: Mounting plugin ProceduralMeshComponent
LogPluginManager: Mounting plugin RuntimePhysXCooking
LogPluginManager: Mounting plugin SteamVR
LogPluginManager: Mounting plugin WindowsMoviePlayer
LogInit: Using libcurl 7.47.1
LogInit:  - built for x86_64-pc-win32
LogInit:  - supports SSL with OpenSSL/1.0.2g
LogInit:  - supports HTTP deflate (compression) using libz 1.2.8
LogInit:  - other features:
LogInit:      CURL_VERSION_SSL
LogInit:      CURL_VERSION_LIBZ
LogInit:      CURL_VERSION_IPV6
LogInit:      CURL_VERSION_ASYNCHDNS
LogInit:      CURL_VERSION_LARGEFILE
LogInit:      CURL_VERSION_IDN
LogInit:  CurlRequestOptions (configurable via config and command line):
LogInit:  - bVerifyPeer = false  - Libcurl will NOT verify peer certificate
LogInit:  - bUseHttpProxy = false  - Libcurl will NOT use HTTP proxy
LogInit:  - bDontReuseConnections = false  - Libcurl will reuse connections
LogInit:  - CertBundlePath = nullptr  - Libcurl will use whatever was configured at build time.
LogInit: Build: ++UE4+Release-4.18-CL-3794801
LogInit: Engine Version: 4.18.2-3794801+++UE4+Release-4.18
LogInit: Compatible Engine Version: 4.18.0-3709383+++UE4+Release-4.18
LogInit: Net CL: 3709383
LogDevObjectVersion: Number of dev versions registered: 16
LogDevObjectVersion:   Dev-Blueprints (B0D832E4-1F89-4F0D-ACCF-7EB736FD4AA2): 10
LogDevObjectVersion:   Dev-Build (E1C64328-A22C-4D53-A36C-8E866417BD8C): 0
LogDevObjectVersion:   Dev-Core (375EC13C-06E4-48FB-B500-84F0262A717E): 2
LogDevObjectVersion:   Dev-Editor (E4B068ED-F494-42E9-A231-DA0B2E46BB41): 20
LogDevObjectVersion:   Dev-Framework (CFFC743F-43B0-4480-9391-14DF171D2073): 30
LogDevObjectVersion:   Dev-Mobile (B02B49B5-BB20-44E9-A304-32B752E40360): 0
LogDevObjectVersion:   Dev-Networking (A4E4105C-59A1-49B5-A7C5-40C4547EDFEE): 0
LogDevObjectVersion:   Dev-Online (39C831C9-5AE6-47DC-9A44-9C173E1C8E7C): 0
LogDevObjectVersion:   Dev-Physics (78F01B33-EBEA-4F98-B9B4-84EACCB95AA2): 0
LogDevObjectVersion:   Dev-Platform (6631380F-2D4D-43E0-8009-CF276956A95A): 0
LogDevObjectVersion:   Dev-Rendering (12F88B9F-8875-4AFC-A67C-D90C383ABD29): 20
LogDevObjectVersion:   Dev-Sequencer (7B5AE74C-D270-4C10-A958-57980B212A5A): 4
LogDevObjectVersion:   Dev-VR (D7296918-1DD6-4BDD-9DE2-64A83CC13884): 0
LogDevObjectVersion:   Dev-LoadTimes (C2A15278-BFE7-4AFE-6C17-90FF531DF755): 1
LogDevObjectVersion:   Private-Geometry (6EACA3D4-40EC-4CC1-B786-8BED09428FC5): 1
LogDevObjectVersion:   Dev-AnimPhys (29E575DD-E0A3-4627-9D10-D276232CDCEA): 12
LogInit: Compiled (64-bit): Dec  8 2017 02:04:53
LogInit: Compiled with Visual C++: 19.00.24215.01
LogInit: Build Configuration: Development
LogInit: Branch Name: ++UE4+Release-4.18
LogInit: Command line:  
LogInit: Base directory: D:/Program Files (x86)/Epic Games/UE_4.18/Engine/Binaries/Win64/
LogInit: Installed Engine Build: 1
LogInit: Presizing for max 8388607 objects, including 0 objects not considered by GC, pre-allocating 0 bytes for permanent pool.
LogInit: Object subsystem initialized
[2018.03.12-02.26.58:138][  0]LogInit: Selected Device Profile: [Windows]
[2018.03.12-02.26.58:138][  0]LogInit: Applying CVar settings loaded from the selected device profile: [Windows]
[2018.03.12-02.26.58:210][  0]LogInit: Computer: PEANUT
[2018.03.12-02.26.58:210][  0]LogInit: User: franc
[2018.03.12-02.26.58:210][  0]LogInit: CPU Page size=4096, Cores=3
[2018.03.12-02.26.58:210][  0]LogInit: High frequency timer resolution =3.433892 MHz
[2018.03.12-02.26.58:210][  0]LogMemory: Memory total: Physical=8.0GB (8GB approx)
[2018.03.12-02.26.58:210][  0]LogMemory: Platform Memory Stats for Windows
[2018.03.12-02.26.58:210][  0]LogMemory: Process Physical Memory: 272.33 MB used, 272.33 MB peak
[2018.03.12-02.26.58:210][  0]LogMemory: Process Virtual Memory: 269.31 MB used, 269.31 MB peak
[2018.03.12-02.26.58:210][  0]LogMemory: Physical Memory: 3597.61 MB used,  4560.95 MB free, 8158.56 MB total
[2018.03.12-02.26.58:210][  0]LogMemory: Virtual Memory: 642.18 MB used,  4560.95 MB free, 134217728.00 MB total
[2018.03.12-02.26.59:496][  0]LogInit: Using OS detected language (en-US).
[2018.03.12-02.26.59:496][  0]LogInit: Using OS detected locale (en-US).
[2018.03.12-02.26.59:740][  0]LogTextLocalizationManager: No specific localization for 'en-US' exists, so the 'en' localization will be used.
[2018.03.12-02.27.00:931][  0]LogInit: Setting process to per monitor DPI aware
[2018.03.12-02.27.07:750][  0]LogD3D11RHI: D3D11 adapters:
[2018.03.12-02.27.07:805][  0]LogD3D11RHI:    0. 'Radeon(TM) RX 460 Graphics' (Feature Level 11_0)
[2018.03.12-02.27.07:805][  0]LogD3D11RHI:       1993/0/4079 MB DedicatedVideo/DedicatedSystem/SharedSystem, Outputs:2, VendorId:0x1002
[2018.03.12-02.27.07:855][  0]LogD3D11RHI:    1. 'Microsoft Basic Render Driver' (Feature Level 11_0)
[2018.03.12-02.27.07:856][  0]LogD3D11RHI:       0/0/4079 MB DedicatedVideo/DedicatedSystem/SharedSystem, Outputs:0, VendorId:0x1414
[2018.03.12-02.27.07:856][  0]LogD3D11RHI: Chosen D3D11 Adapter: 0
[2018.03.12-02.27.07:866][  0]LogD3D11RHI: Creating new Direct3DDevice
[2018.03.12-02.27.07:866][  0]LogD3D11RHI:     GPU DeviceId: 0x67ef (for the marketing name, search the web for "GPU Device Id")
[2018.03.12-02.27.07:866][  0]LogWindows: EnumDisplayDevices:
[2018.03.12-02.27.07:866][  0]LogWindows:    0. 'Radeon(TM) RX 460 Graphics' (P:1 D:1)
[2018.03.12-02.27.07:867][  0]LogWindows:    1. 'Radeon(TM) RX 460 Graphics' (P:0 D:1)
[2018.03.12-02.27.07:867][  0]LogWindows:    2. 'Radeon(TM) RX 460 Graphics' (P:0 D:0)
[2018.03.12-02.27.07:867][  0]LogWindows:    3. 'Radeon(TM) RX 460 Graphics' (P:0 D:0)
[2018.03.12-02.27.07:867][  0]LogWindows:    4. 'Radeon(TM) RX 460 Graphics' (P:0 D:0)
[2018.03.12-02.27.07:868][  0]LogWindows:    5. 'Radeon(TM) RX 460 Graphics' (P:0 D:0)
[2018.03.12-02.27.07:868][  0]LogWindows:    6. 'Radeon(TM) RX 460 Graphics' (P:0 D:0)
[2018.03.12-02.27.07:868][  0]LogWindows:    7. 'Radeon(TM) RX 460 Graphics' (P:0 D:0)
[2018.03.12-02.27.07:869][  0]LogWindows:    8. 'Radeon(TM) RX 460 Graphics' (P:0 D:0)
[2018.03.12-02.27.07:869][  0]LogWindows:    9. 'Radeon(TM) RX 460 Graphics' (P:0 D:0)
[2018.03.12-02.27.07:869][  0]LogWindows:    10. 'Radeon(TM) RX 460 Graphics' (P:0 D:0)
[2018.03.12-02.27.07:869][  0]LogWindows:    11. 'Radeon(TM) RX 460 Graphics' (P:0 D:0)
[2018.03.12-02.27.07:870][  0]LogWindows:    12. 'Radeon(TM) RX 460 Graphics' (P:0 D:0)
[2018.03.12-02.27.07:870][  0]LogWindows:    13. 'Radeon(TM) RX 460 Graphics' (P:0 D:0)
[2018.03.12-02.27.07:870][  0]LogWindows:    14. 'Radeon(TM) RX 460 Graphics' (P:0 D:0)
[2018.03.12-02.27.07:870][  0]LogWindows:    15. 'Radeon(TM) RX 460 Graphics' (P:0 D:0)
[2018.03.12-02.27.07:871][  0]LogWindows: DebugString: FoundDriverCount:16 
[2018.03.12-02.27.07:871][  0]LogD3D11RHI:     Adapter Name: Radeon(TM) RX 460 Graphics
[2018.03.12-02.27.07:871][  0]LogD3D11RHI:   Driver Version: Crimson ReLive 17.11.1 (internal:23.20.788.0, unified:23.20.788.0)
[2018.03.12-02.27.07:871][  0]LogD3D11RHI:      Driver Date: 11-2-2017
[2018.03.12-02.27.07:871][  0]LogRHI: Texture pool is 1395 MB (70% of 1993 MB)
[2018.03.12-02.27.07:998][  0]LogD3D11RHI: Async texture creation enabled
[2018.03.12-02.27.08:011][  0]LogD3D11RHI: GPU Timing Frequency: 25.000000 (Debug: 2 1)
[2018.03.12-02.27.08:012][  0]LogShaderCompilers: Guid format shader working directory is 6 characters bigger than the processId version (../../../../../../UnrealSandboxGame/USG/Intermediate/Shaders/WorkingDirectory/13000/).
[2018.03.12-02.27.08:012][  0]LogShaderCompilers: Cleaned the shader compiler working directory 'C:/Users/franc/AppData/Local/Temp/UnrealShaderWorkingDir/497E2A204D98F0ABBEA8259A7A0C8DF0/'.
[2018.03.12-02.27.08:012][  0]LogShaderCompilers: Display: Using Local Shader Compiler.
[2018.03.12-02.27.17:542][  0]LogTemp: Display: Loaded TP AllDesktopTargetPlatform
[2018.03.12-02.27.17:610][  0]LogTemp: Display: Loaded TP MacClientTargetPlatform
[2018.03.12-02.27.17:678][  0]LogTemp: Display: Loaded TP MacNoEditorTargetPlatform
[2018.03.12-02.27.17:747][  0]LogTemp: Display: Loaded TP MacServerTargetPlatform
[2018.03.12-02.27.17:841][  0]LogTemp: Display: Loaded TP MacTargetPlatform
[2018.03.12-02.27.17:910][  0]LogTemp: Display: Loaded TP WindowsClientTargetPlatform
[2018.03.12-02.27.17:980][  0]LogTemp: Display: Loaded TP WindowsNoEditorTargetPlatform
[2018.03.12-02.27.18:049][  0]LogTemp: Display: Loaded TP WindowsServerTargetPlatform
[2018.03.12-02.27.18:108][  0]LogTemp: Display: Loaded TP WindowsTargetPlatform
[2018.03.12-02.27.18:178][  0]LogTemp: Display: Loaded TP Android_ASTCTargetPlatform
[2018.03.12-02.27.18:246][  0]LogTemp: Display: Loaded TP Android_ATCTargetPlatform
[2018.03.12-02.27.18:314][  0]LogTemp: Display: Loaded TP Android_DXTTargetPlatform
[2018.03.12-02.27.18:381][  0]LogTemp: Display: Loaded TP Android_ETC1TargetPlatform
[2018.03.12-02.27.18:449][  0]LogTemp: Display: Loaded TP Android_ETC2TargetPlatform
[2018.03.12-02.27.18:584][  0]LogTemp: Display: Loaded TP Android_MultiTargetPlatform
[2018.03.12-02.27.18:584][  0]LogTemp: Display: Loaded TP Android_PVRTCTargetPlatform
[2018.03.12-02.27.18:735][  0]LogTemp: Display: Loaded TP AndroidTargetPlatform
[2018.03.12-02.27.18:787][  0]LogTemp: Display: Loaded TP HTML5TargetPlatform
[2018.03.12-02.27.18:978][  0]LogTemp: Display: Loaded TP IOSTargetPlatform
[2018.03.12-02.27.19:029][  0]LogTemp: Display: Loaded TP TVOSTargetPlatform
[2018.03.12-02.27.19:095][  0]LogTemp: Display: Loaded TP LinuxClientTargetPlatform
[2018.03.12-02.27.19:161][  0]LogTemp: Display: Loaded TP LinuxNoEditorTargetPlatform
[2018.03.12-02.27.19:226][  0]LogTemp: Display: Loaded TP LinuxServerTargetPlatform
[2018.03.12-02.27.19:315][  0]LogTemp: Display: Loaded TP LinuxTargetPlatform
[2018.03.12-02.27.19:315][  0]LogTargetPlatformManager: Display: Building Assets For Windows
[2018.03.12-02.27.21:518][  0]LogDerivedDataCache: Display: Max Cache Size: 512 MB
[2018.03.12-02.27.23:459][  0]LogDerivedDataCache: Loaded boot cache 1.94s 78MB C:/Users/franc/AppData/Local/UnrealEngine/4.18/DerivedDataCache/Boot.ddc.
[2018.03.12-02.27.23:459][  0]LogDerivedDataCache: Display: Loaded Boot cache: C:/Users/franc/AppData/Local/UnrealEngine/4.18/DerivedDataCache/Boot.ddc
[2018.03.12-02.27.23:459][  0]LogDerivedDataCache: FDerivedDataBackendGraph:  Pak pak cache file ../../../../../../UnrealSandboxGame/USG/DerivedDataCache/DDC.ddp not found, will not use a pak cache.
[2018.03.12-02.27.23:459][  0]LogDerivedDataCache: Unable to find inner node Pak for hierarchical cache Hierarchy.
[2018.03.12-02.27.23:459][  0]LogDerivedDataCache: FDerivedDataBackendGraph:  CompressedPak pak cache file ../../../../../../UnrealSandboxGame/USG/DerivedDataCache/Compressed.ddp not found, will not use a pak cache.
[2018.03.12-02.27.23:459][  0]LogDerivedDataCache: Unable to find inner node CompressedPak for hierarchical cache Hierarchy.
[2018.03.12-02.27.23:588][  0]LogDerivedDataCache: Display: Pak cache opened for reading ../../../Engine/DerivedDataCache/Compressed.ddp.
[2018.03.12-02.27.23:600][  0]LogDerivedDataCache: Using Local data cache path C:/Users/franc/AppData/Local/UnrealEngine/Common/DerivedDataCache: Writable
[2018.03.12-02.27.23:618][  0]LogMaterial: Verifying Global Shaders for PCD3D_SM5
[2018.03.12-02.27.23:619][  0]LogSlate: Using Freetype 2.6.0
[2018.03.12-02.27.23:708][  0]LogSlate: SlateFontCache - WITH_FREETYPE: 1, WITH_HARFBUZZ: 1
[2018.03.12-02.27.23:708][  0]LogSlate: SlateFontCache - WITH_FREETYPE: 1, WITH_HARFBUZZ: 1
[2018.03.12-02.27.33:448][  0]LogInit: Selected Device Profile: [Windows]
[2018.03.12-02.27.34:758][  0]LogSimplygon: Simplygon DLL not present - disabling.
[2018.03.12-02.27.34:836][  0]LogMeshReduction: Using SimplygonSwarm for distributed automatic mesh merging
[2018.03.12-02.27.34:836][  0]LogMeshReduction: Using QuadricMeshReduction for automatic static mesh reduction
[2018.03.12-02.27.34:836][  0]LogMeshReduction: No automatic skeletal mesh reduction module available
[2018.03.12-02.27.34:836][  0]LogMeshReduction: No automatic mesh merging module available
[2018.03.12-02.27.34:836][  0]LogMeshMerging: No automatic mesh merging module available
[2018.03.12-02.27.35:043][  0]LogNetVersion: USG , NetCL: 3709383, EngineNetVer: 2, GameNetVer: 0 (Checksum: 3135608703)
[2018.03.12-02.27.36:488][  0]LogAssetRegistry: FAssetRegistry took 0.0275 seconds to start up
[2018.03.12-02.27.43:462][  0]LogPackageLocalizationCache: Processed 8 localized package path(s) for 2 prioritized culture(s) in 0.163633 seconds
[2018.03.12-02.27.43:470][  0]LogUObjectArray: 35900 objects as part of root set at end of initial load.
[2018.03.12-02.27.43:470][  0]LogUObjectAllocator: 7372024 out of 0 bytes used by permanent object pool.
[2018.03.12-02.27.43:470][  0]LogUObjectArray: CloseDisregardForGC: 0/0 objects in disregard for GC pool
[2018.03.12-02.27.43:541][  0]LogInit: WinSock: version 1.1 (2.2), MaxSocks=32767, MaxUdp=65467
[2018.03.12-02.28.10:920][  0]LogWmfMedia: Failed to load mf.dll
[2018.03.12-02.28.10:920][  0]LogWmfMedia: Failed to load required Windows Media Foundation libraries
[2018.03.12-02.28.10:993][  0]LogWindowsMoviePlayer: Could not load mf.dll. Library not found.
[2018.03.12-02.28.10:993][  0]LogWindowsMoviePlayer: Could not load mfplat.dll. Library not found.
[2018.03.12-02.28.10:994][  0]LogWindowsMoviePlayer: Could not load mfplay.dll. Library not found.
[2018.03.12-02.28.12:368][  0]LogTcpMessaging: Initializing TcpMessaging bridge
[2018.03.12-02.28.12:421][  0]LogUdpMessaging: Initializing bridge on interface 0.0.0.0:0 to multicast group 230.0.0.1:6666.
[2018.03.12-02.28.13:995][  0]LogMaterial: Uniform references updated for custom material expression Custom.
[2018.03.12-02.28.14:959][  0]SourceControl: Source control is disabled
[2018.03.12-02.28.14:959][  0]SourceControl: Source control is disabled
[2018.03.12-02.28.15:036][  0]SourceControl: Source control is disabled
[2018.03.12-02.28.15:108][  0]SourceControl: Source control is disabled
[2018.03.12-02.28.16:505][  0]LogAndroidPermission: UAndroidPermissionCallbackProxy::GetInstance
[2018.03.12-02.28.16:876][  0]LogOcInput: OculusInput pre-init called
[2018.03.12-02.28.17:415][  0]LogEngine: Initializing Engine...
[2018.03.12-02.28.17:439][  0]LogHMD: Failed to initialize OpenVR with code 101
[2018.03.12-02.28.18:567][  0]LogStats: UGameplayTagsManager::ConstructGameplayTagTree: Construct from data asset -  0.000 s
[2018.03.12-02.28.18:567][  0]LogStats: UGameplayTagsManager::ConstructGameplayTagTree: GameplayTagTreeChangedEvent.Broadcast -  0.000 s
[2018.03.12-02.28.18:907][  0]LogAIModule: Creating AISystem for world Untitled
[2018.03.12-02.28.18:957][  0]LogInit: XAudio2 using 'Headphones (TaoTronics TT-BH21 Stereo)' : 2 channels at 44.1 kHz using 16 bits per sample (channel mask 0x3)
[2018.03.12-02.28.18:990][  0]LogInit: FAudioDevice initialized.
[2018.03.12-02.28.19:364][  0]LogDerivedDataCache: Saved boot cache 0.37s 78MB C:/Users/franc/AppData/Local/UnrealEngine/4.18/DerivedDataCache/Boot.ddc.
[2018.03.12-02.28.19:395][  0]LogInit: Texture streaming: Enabled
[2018.03.12-02.28.19:549][  0]LogEngineSessionManager: EngineSessionManager initialized
[2018.03.12-02.28.19:729][  0]LogInit: Transaction tracking system initialized
[2018.03.12-02.28.20:200][  0]BlueprintLog: New page: Editor Load
[2018.03.12-02.28.22:568][  0]LocalizationService: Localization service is disabled
[2018.03.12-02.28.25:145][  0]LogConsoleResponse: Display: 
[2018.03.12-02.28.28:862][  0]LogCook: Display: Max memory allowance for cook 16384mb min free memory 0mb
[2018.03.12-02.28.28:862][  0]LogCook: Display: Mobile HDR setting 1
[2018.03.12-02.28.28:862][  0]LogGameplayTags: Display: UGameplayTagsManager::DoneAddingNativeTags. DelegateIsBound: 0
[2018.03.12-02.28.30:090][  0]LogFileCache: Scanning file cache for directory 'D:/UnrealSandboxGame/USG/Content/' took 0.02s
[2018.03.12-02.28.31:532][  0]SourceControl: Source control is disabled
[2018.03.12-02.28.31:532][  0]Cmd: MAP LOAD FILE="../../../../../../UnrealSandboxGame/USG/Content/ThirdPersonBP/Maps/ThirdPersonExampleMap.umap" TEMPLATE=0 SHOWPROGRESS=1 FEATURELEVEL=3
[2018.03.12-02.28.31:565][  0]LightingResults: New page: Lighting Build
[2018.03.12-02.28.31:622][  0]MapCheck: New page: Map Check
[2018.03.12-02.28.31:622][  0]LightingResults: New page: Lighting Build
[2018.03.12-02.28.32:657][  0]LogLinker: Warning: Asset '../../../Engine/Plugins/Marketplace/LowEntryExtStdLib/Content/Blueprints/LowEntryExtendedStandardLibraryMacros.uasset' has been saved with empty engine version. The asset will be loaded but may be incompatible.
[2018.03.12-02.28.34:985][  0]LogAIModule: Creating AISystem for world ThirdPersonExampleMap
[2018.03.12-02.28.35:110][  0]LogEditorServer: Finished looking for orphan Actors (0.000 secs)
[2018.03.12-02.28.35:228][  0]Cmd: MAP CHECKDEP NOCLEARLOG
[2018.03.12-02.28.35:296][  0]MapCheck: Map check complete: 0 Error(s), 0 Warning(s), took 67.958ms to complete.
[2018.03.12-02.28.35:296][  0]LogFileHelpers: Loading map 'ThirdPersonExampleMap' took 3.764
[2018.03.12-02.28.35:741][  0]LogCollectionManager: Loaded 0 collections in 0.002681 seconds
[2018.03.12-02.28.35:869][  0]LogFileCache: Scanning file cache for directory 'D:/UnrealSandboxGame/USG/Saved/Collections/' took 0.01s
[2018.03.12-02.28.35:869][  0]LogFileCache: Scanning file cache for directory 'D:/UnrealSandboxGame/USG/Content/Developers/franc/Collections/' took 0.01s
[2018.03.12-02.28.35:869][  0]LogFileCache: Scanning file cache for directory 'D:/UnrealSandboxGame/USG/Content/Collections/' took 0.01s
[2018.03.12-02.28.35:869][  0]LogCollectionManager: Rebuilt the GUID cache for 0 collections in 0.000000 seconds
[2018.03.12-02.28.35:883][  0]LogContentBrowser: Native class hierarchy populated in 0.0139 seconds. Added 2388 classes and 528 folders.
[2018.03.12-02.28.35:969][  0]LogContentBrowser: Native class hierarchy updated for 'WidgetCarousel' in 0.0002 seconds. Added 0 classes and 0 folders.
[2018.03.12-02.28.37:950][  0]LogContentBrowser: Native class hierarchy updated for 'AddContentDialog' in 0.0003 seconds. Added 0 classes and 0 folders.
[2018.03.12-02.28.38:041][  0]LogContentBrowser: Native class hierarchy updated for 'SceneOutliner' in 0.0003 seconds. Added 1 classes and 2 folders.
[2018.03.12-02.28.38:145][  0]LogSlate: Took 0.022948 seconds to synchronously load lazily loaded font '../../../Engine/Content/Slate/Fonts/Roboto-Regular.ttf' (155K)
[2018.03.12-02.28.38:163][  0]LogSlate: Took 0.016037 seconds to synchronously load lazily loaded font '../../../Engine/Content/Slate/Fonts/Roboto-Bold.ttf' (160K)
[2018.03.12-02.28.38:181][  0]LogSlate: Took 0.012398 seconds to synchronously load lazily loaded font '../../../Engine/Content/Editor/Slate/Fonts/FontAwesome.ttf' (139K)
[2018.03.12-02.28.38:612][  0]LogRenderer: Reallocating scene render targets to support 920x472 Format 10 NumSamples 1 (Frame:1).
[2018.03.12-02.28.38:994][  0]LogContentBrowser: Native class hierarchy updated for 'HierarchicalLODOutliner' in 0.0003 seconds. Added 1 classes and 2 folders.
[2018.03.12-02.28.38:994][  0]LogLoad: (Engine Initialization) Total time: 137.19 seconds
[2018.03.12-02.28.38:994][  0]LogLoad: (Engine Initialization) Total Blueprint compile time: 0.00 seconds
[2018.03.12-02.28.38:994][  0]LogExternalProfiler: No external profilers were discovered.  External profiling features will not be available.
[2018.03.12-02.28.39:416][  0]LogContentStreaming: Texture pool size now 1000 MB
[2018.03.12-02.28.39:490][  0]LogSlate: Took 0.017093 seconds to synchronously load lazily loaded font '../../../Engine/Content/Slate/Fonts/Roboto-Light.ttf' (159K)
[2018.03.12-02.28.39:680][  1]LogAssetRegistry: Asset discovery search completed in 63.2142 seconds
[2018.03.12-02.28.39:682][  1]LogCollectionManager: Rebuilt the object cache for 0 collections in 0.000001 seconds (found 0 objects)
[2018.03.12-02.28.39:682][  1]LogCollectionManager: Fixed up redirectors for 0 collections in 0.000066 seconds (updated 0 objects)
[2018.03.12-02.28.47:977][413]LogSlate: Took 0.000243 seconds to synchronously load lazily loaded font '../../../Engine/Content/Slate/Fonts/Roboto-Light.ttf' (159K)
[2018.03.12-02.28.48:734][413]LogSlate: Took 0.000239 seconds to synchronously load lazily loaded font '../../../Engine/Content/Slate/Fonts/Roboto-Regular.ttf' (155K)
[2018.03.12-02.28.48:861][413]LogContentBrowser: Native class hierarchy updated for 'BlueprintGraph' in 0.0010 seconds. Added 116 classes and 0 folders.
[2018.03.12-02.28.50:318][413]LogSlate: Took 0.011038 seconds to synchronously load lazily loaded font '../../../Engine/Content/Editor/Slate/Fonts/Roboto-BoldCondensed.ttf' (158K)
[2018.03.12-02.28.50:604][414]LogSlate: Took 0.015573 seconds to synchronously load lazily loaded font '../../../Engine/Content/Editor/Slate/Fonts/Roboto-Italic.ttf' (157K)
[2018.03.12-02.40.30:090][753]LogSlate: Took 0.000279 seconds to synchronously load lazily loaded font '../../../Engine/Content/Slate/Fonts/Roboto-Light.ttf' (159K)
[2018.03.12-02.40.39:178][513]LogFileHelpers: Editor autosave (incl. sublevels) for '/Game/ThirdPersonBP/Maps/ThirdPersonExampleMap' took 0.066
[2018.03.12-02.40.39:239][513]OBJ SavePackage: Generating thumbnails for [0] asset(s) in package [/Game/Items/Computers/Computer] ([1] browsable assets)...
[2018.03.12-02.40.39:252][513]OBJ SavePackage: Finished generating thumbnails for package [/Game/Items/Computers/Computer]
[2018.03.12-02.40.39:252][513]Cmd: OBJ SAVEPACKAGE PACKAGE="/Game/Items/Computers/Computer" FILE="../../../../../../UnrealSandboxGame/USG/Saved/Autosaves/Game/Items/Computers/Computer_Auto1.uasset" SILENT=false AUTOSAVING=true
[2018.03.12-02.40.40:208][513]LogSavePackage: Save=793.52ms
[2018.03.12-02.40.40:208][513]LogSavePackage: Moving '../../../../../../UnrealSandboxGame/USG/Saved/Computer_Auto10F130E904794B49E7008D8865064B047.tmp' to '../../../../../../UnrealSandboxGame/USG/Saved/Autosaves/Game/Items/Computers/Computer_Auto1.uasset'
[2018.03.12-02.40.40:238][513]LogSavePackage: Display: Finished SavePackage ../../../../../../UnrealSandboxGame/USG/Saved/Autosaves/Game/Items/Computers/Computer_Auto1.uasset
[2018.03.12-02.40.40:238][513]LogFileHelpers: Auto-saving content packages took 1.059
[2018.03.12-02.40.57:982][995]LogTemp: Repeating last play command: Selected Viewport
[2018.03.12-02.40.58:111][995]LogBlueprintUserMessages: Early PlayInEditor Detection: Level '/Game/ThirdPersonBP/Maps/ThirdPersonExampleMap.ThirdPersonExampleMap:PersistentLevel' has LevelScriptBlueprint '/Game/ThirdPersonBP/Maps/ThirdPersonExampleMap.ThirdPersonExampleMap:PersistentLevel.ThirdPersonExampleMap' with GeneratedClass '/Game/ThirdPersonBP/Maps/ThirdPersonExampleMap.ThirdPersonExampleMap_C' with ClassGeneratedBy '/Game/ThirdPersonBP/Maps/ThirdPersonExampleMap.ThirdPersonExampleMap:PersistentLevel.ThirdPersonExampleMap'
[2018.03.12-02.40.58:135][995]LogPlayLevel: PlayLevel: No blueprints needed recompiling
[2018.03.12-02.40.58:275][995]PIE: New page: PIE session: ThirdPersonExampleMap (Mar 11, 2018, 6:40:58 PM)
[2018.03.12-02.40.58:284][995]LogPlayLevel: Creating play world package: /Game/ThirdPersonBP/Maps/UEDPIE_0_ThirdPersonExampleMap
[2018.03.12-02.40.58:374][995]LogPlayLevel: PIE: StaticDuplicateObject took: (0.089998s)
[2018.03.12-02.40.58:375][995]LogAIModule: Creating AISystem for world ThirdPersonExampleMap
[2018.03.12-02.40.58:389][995]LogPlayLevel: PIE: World Init took: (0.014898s)
[2018.03.12-02.40.58:397][995]LogPlayLevel: PIE: Created PIE world by copying editor world from /Game/ThirdPersonBP/Maps/ThirdPersonExampleMap.ThirdPersonExampleMap to /Game/ThirdPersonBP/Maps/UEDPIE_0_ThirdPersonExampleMap.ThirdPersonExampleMap (0.113078s)
[2018.03.12-02.40.58:498][995]LogInit: XAudio2 using 'Headphones (TaoTronics TT-BH21 Stereo)' : 2 channels at 44.1 kHz using 16 bits per sample (channel mask 0x3)
[2018.03.12-02.40.58:507][995]LogInit: FAudioDevice initialized.
[2018.03.12-02.40.58:595][995]LogLoad: Game class is 'ThirdPersonGameMode_C'
[2018.03.12-02.40.58:727][995]LogWorld: Bringing World /Game/ThirdPersonBP/Maps/UEDPIE_0_ThirdPersonExampleMap.ThirdPersonExampleMap up for play (max tick rate 0) at 2018.03.11-22.40.58
[2018.03.12-02.40.58:774][995]LogWorld: Bringing up level for play took: 0.062298
[2018.03.12-02.40.59:013][995]LogContentBrowser: Native class hierarchy updated for 'MovieSceneCapture' in 0.0004 seconds. Added 11 classes and 0 folders.
[2018.03.12-02.40.59:262][995]LogScriptCore: Warning: Script Msg: Attempted to access index -1 from array 'CallFunc_RegexGetMatches_ReturnValue' of length 0 in '/Game/Items/Computers/Computer.Computer_C:RemoveComments'!
[2018.03.12-02.40.59:263][995]LogScriptCore: Warning: Script Msg: Attempted to access index 1 from array 'CallFunc_GetCharacterArrayFromString_ReturnValue2' of length 0 in '/Game/Items/Computers/Computer.Computer_C:RemoveComments'!
[2018.03.12-02.40.59:263][995]LogScriptCore: Warning: Script Msg: Attempted to access index 0 from array 'CallFunc_GetCharacterArrayFromString_ReturnValue2' of length 0 in '/Game/Items/Computers/Computer.Computer_C:RemoveComments'!
[2018.03.12-02.40.59:266][995]LogScriptCore: Warning: Script Msg: Attempted to access index -1 from array 'CallFunc_RegexGetMatches_ReturnValue' of length 1 in '/Game/Items/Computers/Computer.Computer_C:ExecuteUbergraph_Computer'!
[2018.03.12-02.40.59:266][995]LogScriptCore: Warning: Script Msg: Attempted to access index -1 from array 'CallFunc_RegexGetMatches_ReturnValue' of length 1 in '/Game/Items/Computers/Computer.Computer_C:ExecuteUbergraph_Computer'!
[2018.03.12-02.40.59:275][995]LogScriptCore: Warning: Script Msg: Attempted to access index 5 from array 'CallFunc_RegexGetMatches_ReturnValue' of length 5 in '/Game/Items/Computers/Computer.Computer_C:ExecuteMath'!
[2018.03.12-02.40.59:282][995]LogBlueprintUserMessages: [Computer_70] ( 3.0 + 1 )
[2018.03.12-02.40.59:307][995]PIE: Play in editor start time for /Game/ThirdPersonBP/Maps/UEDPIE_0_ThirdPersonExampleMap 1.94
[2018.03.12-02.40.59:307][995]LogBlueprintUserMessages: Late PlayInEditor Detection: Level '/Game/ThirdPersonBP/Maps/ThirdPersonExampleMap.ThirdPersonExampleMap:PersistentLevel' has LevelScriptBlueprint '/Game/ThirdPersonBP/Maps/ThirdPersonExampleMap.ThirdPersonExampleMap:PersistentLevel.ThirdPersonExampleMap' with GeneratedClass '/Game/ThirdPersonBP/Maps/ThirdPersonExampleMap.ThirdPersonExampleMap_C' with ClassGeneratedBy '/Game/ThirdPersonBP/Maps/ThirdPersonExampleMap.ThirdPersonExampleMap:PersistentLevel.ThirdPersonExampleMap'
[2018.03.12-02.41.03:337][283]LogBlueprintUserMessages: Early EndPlayMap Detection: Level '/Game/ThirdPersonBP/Maps/ThirdPersonExampleMap.ThirdPersonExampleMap:PersistentLevel' has LevelScriptBlueprint '/Game/ThirdPersonBP/Maps/ThirdPersonExampleMap.ThirdPersonExampleMap:PersistentLevel.ThirdPersonExampleMap' with GeneratedClass '/Game/ThirdPersonBP/Maps/ThirdPersonExampleMap.ThirdPersonExampleMap_C' with ClassGeneratedBy '/Game/ThirdPersonBP/Maps/ThirdPersonExampleMap.ThirdPersonExampleMap:PersistentLevel.ThirdPersonExampleMap'
[2018.03.12-02.41.03:604][283]LogBlueprintUserMessages: Late EndPlayMap Detection: Level '/Game/ThirdPersonBP/Maps/ThirdPersonExampleMap.ThirdPersonExampleMap:PersistentLevel' has LevelScriptBlueprint '/Game/ThirdPersonBP/Maps/ThirdPersonExampleMap.ThirdPersonExampleMap:PersistentLevel.ThirdPersonExampleMap' with GeneratedClass '/Game/ThirdPersonBP/Maps/ThirdPersonExampleMap.ThirdPersonExampleMap_C' with ClassGeneratedBy '/Game/ThirdPersonBP/Maps/ThirdPersonExampleMap.ThirdPersonExampleMap:PersistentLevel.ThirdPersonExampleMap'
[2018.03.12-02.41.44:406][210]LogTemp: Repeating last play command: Selected Viewport
[2018.03.12-02.41.44:428][210]LogBlueprintUserMessages: Early PlayInEditor Detection: Level '/Game/ThirdPersonBP/Maps/ThirdPersonExampleMap.ThirdPersonExampleMap:PersistentLevel' has LevelScriptBlueprint '/Game/ThirdPersonBP/Maps/ThirdPersonExampleMap.ThirdPersonExampleMap:PersistentLevel.ThirdPersonExampleMap' with GeneratedClass '/Game/ThirdPersonBP/Maps/ThirdPersonExampleMap.ThirdPersonExampleMap_C' with ClassGeneratedBy '/Game/ThirdPersonBP/Maps/ThirdPersonExampleMap.ThirdPersonExampleMap:PersistentLevel.ThirdPersonExampleMap'
[2018.03.12-02.41.44:429][210]BlueprintLog: New page: Pre-Play auto-recompile
[2018.03.12-02.41.44:525][210]LogPlayLevel: [PlayLevel] Compiling Computer before play...
[2018.03.12-02.41.45:568][210]LogPlayLevel: PlayLevel: Blueprint regeneration took 1139 ms (1 blueprints)
[2018.03.12-02.41.45:569][210]PIE: New page: PIE session: ThirdPersonExampleMap (Mar 11, 2018, 6:41:45 PM)
[2018.03.12-02.41.45:569][210]LogPlayLevel: Creating play world package: /Game/ThirdPersonBP/Maps/UEDPIE_0_ThirdPersonExampleMap
[2018.03.12-02.41.45:603][210]LogPlayLevel: PIE: StaticDuplicateObject took: (0.034450s)
[2018.03.12-02.41.45:604][210]LogAIModule: Creating AISystem for world ThirdPersonExampleMap
[2018.03.12-02.41.45:605][210]LogPlayLevel: PIE: World Init took: (0.001262s)
[2018.03.12-02.41.45:605][210]LogPlayLevel: PIE: Created PIE world by copying editor world from /Game/ThirdPersonBP/Maps/ThirdPersonExampleMap.ThirdPersonExampleMap to /Game/ThirdPersonBP/Maps/UEDPIE_0_ThirdPersonExampleMap.ThirdPersonExampleMap (0.036055s)
[2018.03.12-02.41.45:652][210]LogInit: XAudio2 using 'Headphones (TaoTronics TT-BH21 Stereo)' : 2 channels at 44.1 kHz using 16 bits per sample (channel mask 0x3)
[2018.03.12-02.41.45:660][210]LogInit: FAudioDevice initialized.
[2018.03.12-02.41.45:691][210]LogLoad: Game class is 'ThirdPersonGameMode_C'
[2018.03.12-02.41.45:693][210]LogWorld: Bringing World /Game/ThirdPersonBP/Maps/UEDPIE_0_ThirdPersonExampleMap.ThirdPersonExampleMap up for play (max tick rate 0) at 2018.03.11-22.41.45
[2018.03.12-02.41.45:694][210]LogWorld: Bringing up level for play took: 0.001789
[2018.03.12-02.41.45:696][210]LogScriptCore: Warning: Script Msg: Attempted to access index -1 from array 'CallFunc_RegexGetMatches_ReturnValue' of length 0 in '/Game/Items/Computers/Computer.Computer_C:RemoveComments'!
[2018.03.12-02.41.45:696][210]LogScriptCore: Warning: Script Msg: Attempted to access index 1 from array 'CallFunc_GetCharacterArrayFromString_ReturnValue2' of length 0 in '/Game/Items/Computers/Computer.Computer_C:RemoveComments'!
[2018.03.12-02.41.45:696][210]LogScriptCore: Warning: Script Msg: Attempted to access index 0 from array 'CallFunc_GetCharacterArrayFromString_ReturnValue2' of length 0 in '/Game/Items/Computers/Computer.Computer_C:RemoveComments'!
[2018.03.12-02.41.45:696][210]LogScriptCore: Warning: Script Msg: Attempted to access index -1 from array 'CallFunc_RegexGetMatches_ReturnValue' of length 1 in '/Game/Items/Computers/Computer.Computer_C:ExecuteUbergraph_Computer'!
[2018.03.12-02.41.45:696][210]LogScriptCore: Warning: Script Msg: Attempted to access index -1 from array 'CallFunc_RegexGetMatches_ReturnValue' of length 1 in '/Game/Items/Computers/Computer.Computer_C:ExecuteUbergraph_Computer'!
[2018.03.12-02.41.45:697][210]LogBlueprintUserMessages: [Computer_70] Hello
[2018.03.12-02.41.45:698][210]LogBlueprintUserMessages: [Computer_70] Hello
[2018.03.12-02.41.45:698][210]LogScriptCore: Warning: Script Msg: Attempted to access index 5 from array 'CallFunc_RegexGetMatches_ReturnValue' of length 5 in '/Game/Items/Computers/Computer.Computer_C:ExecuteMath'!
[2018.03.12-02.41.45:699][210]LogBlueprintUserMessages: [Computer_70] ( 3.0 + 1 )
[2018.03.12-02.41.45:699][210]PIE: Play in editor start time for /Game/ThirdPersonBP/Maps/UEDPIE_0_ThirdPersonExampleMap 0.332
[2018.03.12-02.41.45:699][210]LogBlueprintUserMessages: Late PlayInEditor Detection: Level '/Game/ThirdPersonBP/Maps/ThirdPersonExampleMap.ThirdPersonExampleMap:PersistentLevel' has LevelScriptBlueprint '/Game/ThirdPersonBP/Maps/ThirdPersonExampleMap.ThirdPersonExampleMap:PersistentLevel.ThirdPersonExampleMap' with GeneratedClass '/Game/ThirdPersonBP/Maps/ThirdPersonExampleMap.ThirdPersonExampleMap_C' with ClassGeneratedBy '/Game/ThirdPersonBP/Maps/ThirdPersonExampleMap.ThirdPersonExampleMap:PersistentLevel.ThirdPersonExampleMap'
[2018.03.12-02.41.47:016][304]LogBlueprintUserMessages: Early EndPlayMap Detection: Level '/Game/ThirdPersonBP/Maps/ThirdPersonExampleMap.ThirdPersonExampleMap:PersistentLevel' has LevelScriptBlueprint '/Game/ThirdPersonBP/Maps/ThirdPersonExampleMap.ThirdPersonExampleMap:PersistentLevel.ThirdPersonExampleMap' with GeneratedClass '/Game/ThirdPersonBP/Maps/ThirdPersonExampleMap.ThirdPersonExampleMap_C' with ClassGeneratedBy '/Game/ThirdPersonBP/Maps/ThirdPersonExampleMap.ThirdPersonExampleMap:PersistentLevel.ThirdPersonExampleMap'
[2018.03.12-02.41.47:051][304]LogBlueprintUserMessages: Late EndPlayMap Detection: Level '/Game/ThirdPersonBP/Maps/ThirdPersonExampleMap.ThirdPersonExampleMap:PersistentLevel' has LevelScriptBlueprint '/Game/ThirdPersonBP/Maps/ThirdPersonExampleMap.ThirdPersonExampleMap:PersistentLevel.ThirdPersonExampleMap' with GeneratedClass '/Game/ThirdPersonBP/Maps/ThirdPersonExampleMap.ThirdPersonExampleMap_C' with ClassGeneratedBy '/Game/ThirdPersonBP/Maps/ThirdPersonExampleMap.ThirdPersonExampleMap:PersistentLevel.ThirdPersonExampleMap'
[2018.03.12-02.42.51:894][863]LogTemp: Repeating last play command: Selected Viewport
[2018.03.12-02.42.51:943][863]LogBlueprintUserMessages: Early PlayInEditor Detection: Level '/Game/ThirdPersonBP/Maps/ThirdPersonExampleMap.ThirdPersonExampleMap:PersistentLevel' has LevelScriptBlueprint '/Game/ThirdPersonBP/Maps/ThirdPersonExampleMap.ThirdPersonExampleMap:PersistentLevel.ThirdPersonExampleMap' with GeneratedClass '/Game/ThirdPersonBP/Maps/ThirdPersonExampleMap.ThirdPersonExampleMap_C' with ClassGeneratedBy '/Game/ThirdPersonBP/Maps/ThirdPersonExampleMap.ThirdPersonExampleMap:PersistentLevel.ThirdPersonExampleMap'
[2018.03.12-02.42.51:943][863]BlueprintLog: New page: Pre-Play auto-recompile
[2018.03.12-02.42.52:030][863]LogPlayLevel: [PlayLevel] Compiling Computer before play...
[2018.03.12-02.42.52:685][863]LogPlayLevel: PlayLevel: Blueprint regeneration took 742 ms (1 blueprints)
[2018.03.12-02.42.52:685][863]PIE: New page: PIE session: ThirdPersonExampleMap (Mar 11, 2018, 6:42:52 PM)
[2018.03.12-02.42.52:685][863]LogPlayLevel: Creating play world package: /Game/ThirdPersonBP/Maps/UEDPIE_0_ThirdPersonExampleMap
[2018.03.12-02.42.52:720][863]LogPlayLevel: PIE: StaticDuplicateObject took: (0.034977s)
[2018.03.12-02.42.52:722][863]LogAIModule: Creating AISystem for world ThirdPersonExampleMap
[2018.03.12-02.42.52:722][863]LogPlayLevel: PIE: World Init took: (0.001572s)
[2018.03.12-02.42.52:722][863]LogPlayLevel: PIE: Created PIE world by copying editor world from /Game/ThirdPersonBP/Maps/ThirdPersonExampleMap.ThirdPersonExampleMap to /Game/ThirdPersonBP/Maps/UEDPIE_0_ThirdPersonExampleMap.ThirdPersonExampleMap (0.036969s)
[2018.03.12-02.42.52:765][863]LogInit: XAudio2 using 'Headphones (TaoTronics TT-BH21 Stereo)' : 2 channels at 44.1 kHz using 16 bits per sample (channel mask 0x3)
[2018.03.12-02.42.52:774][863]LogInit: FAudioDevice initialized.
[2018.03.12-02.42.52:804][863]LogLoad: Game class is 'ThirdPersonGameMode_C'
[2018.03.12-02.42.52:806][863]LogWorld: Bringing World /Game/ThirdPersonBP/Maps/UEDPIE_0_ThirdPersonExampleMap.ThirdPersonExampleMap up for play (max tick rate 0) at 2018.03.11-22.42.52
[2018.03.12-02.42.52:806][863]LogWorld: Bringing up level for play took: 0.001806
[2018.03.12-02.42.52:808][863]LogScriptCore: Warning: Script Msg: Attempted to access index -1 from array 'CallFunc_RegexGetMatches_ReturnValue' of length 0 in '/Game/Items/Computers/Computer.Computer_C:RemoveComments'!
[2018.03.12-02.42.52:808][863]LogScriptCore: Warning: Script Msg: Attempted to access index 1 from array 'CallFunc_GetCharacterArrayFromString_ReturnValue2' of length 0 in '/Game/Items/Computers/Computer.Computer_C:RemoveComments'!
[2018.03.12-02.42.52:809][863]LogScriptCore: Warning: Script Msg: Attempted to access index 0 from array 'CallFunc_GetCharacterArrayFromString_ReturnValue2' of length 0 in '/Game/Items/Computers/Computer.Computer_C:RemoveComments'!
[2018.03.12-02.42.52:809][863]LogScriptCore: Warning: Script Msg: Attempted to access index -1 from array 'CallFunc_RegexGetMatches_ReturnValue' of length 1 in '/Game/Items/Computers/Computer.Computer_C:ExecuteUbergraph_Computer'!
[2018.03.12-02.42.52:809][863]LogScriptCore: Warning: Script Msg: Attempted to access index -1 from array 'CallFunc_RegexGetMatches_ReturnValue' of length 1 in '/Game/Items/Computers/Computer.Computer_C:ExecuteUbergraph_Computer'!
[2018.03.12-02.42.52:811][863]LogScriptCore: Warning: Script Msg: Attempted to access index 5 from array 'CallFunc_RegexGetMatches_ReturnValue' of length 5 in '/Game/Items/Computers/Computer.Computer_C:ExecuteMath'!
[2018.03.12-02.42.52:812][863]LogBlueprintUserMessages: [Computer_70] ( 3.0 + 1 )
[2018.03.12-02.42.52:812][863]PIE: Play in editor start time for /Game/ThirdPersonBP/Maps/UEDPIE_0_ThirdPersonExampleMap 1.445
[2018.03.12-02.42.52:812][863]LogBlueprintUserMessages: Late PlayInEditor Detection: Level '/Game/ThirdPersonBP/Maps/ThirdPersonExampleMap.ThirdPersonExampleMap:PersistentLevel' has LevelScriptBlueprint '/Game/ThirdPersonBP/Maps/ThirdPersonExampleMap.ThirdPersonExampleMap:PersistentLevel.ThirdPersonExampleMap' with GeneratedClass '/Game/ThirdPersonBP/Maps/ThirdPersonExampleMap.ThirdPersonExampleMap_C' with ClassGeneratedBy '/Game/ThirdPersonBP/Maps/ThirdPersonExampleMap.ThirdPersonExampleMap:PersistentLevel.ThirdPersonExampleMap'
[2018.03.12-02.42.53:959][939]LogBlueprintUserMessages: Early EndPlayMap Detection: Level '/Game/ThirdPersonBP/Maps/ThirdPersonExampleMap.ThirdPersonExampleMap:PersistentLevel' has LevelScriptBlueprint '/Game/ThirdPersonBP/Maps/ThirdPersonExampleMap.ThirdPersonExampleMap:PersistentLevel.ThirdPersonExampleMap' with GeneratedClass '/Game/ThirdPersonBP/Maps/ThirdPersonExampleMap.ThirdPersonExampleMap_C' with ClassGeneratedBy '/Game/ThirdPersonBP/Maps/ThirdPersonExampleMap.ThirdPersonExampleMap:PersistentLevel.ThirdPersonExampleMap'
[2018.03.12-02.42.53:992][939]LogBlueprintUserMessages: Late EndPlayMap Detection: Level '/Game/ThirdPersonBP/Maps/ThirdPersonExampleMap.ThirdPersonExampleMap:PersistentLevel' has LevelScriptBlueprint '/Game/ThirdPersonBP/Maps/ThirdPersonExampleMap.ThirdPersonExampleMap:PersistentLevel.ThirdPersonExampleMap' with GeneratedClass '/Game/ThirdPersonBP/Maps/ThirdPersonExampleMap.ThirdPersonExampleMap_C' with ClassGeneratedBy '/Game/ThirdPersonBP/Maps/ThirdPersonExampleMap.ThirdPersonExampleMap:PersistentLevel.ThirdPersonExampleMap'
[2018.03.12-02.51.51:226][696]LogTemp: Repeating last play command: Selected Viewport
[2018.03.12-02.51.51:267][696]LogBlueprintUserMessages: Early PlayInEditor Detection: Level '/Game/ThirdPersonBP/Maps/ThirdPersonExampleMap.ThirdPersonExampleMap:PersistentLevel' has LevelScriptBlueprint '/Game/ThirdPersonBP/Maps/ThirdPersonExampleMap.ThirdPersonExampleMap:PersistentLevel.ThirdPersonExampleMap' with GeneratedClass '/Game/ThirdPersonBP/Maps/ThirdPersonExampleMap.ThirdPersonExampleMap_C' with ClassGeneratedBy '/Game/ThirdPersonBP/Maps/ThirdPersonExampleMap.ThirdPersonExampleMap:PersistentLevel.ThirdPersonExampleMap'
[2018.03.12-02.51.51:267][696]BlueprintLog: New page: Pre-Play auto-recompile
[2018.03.12-02.51.51:360][696]LogPlayLevel: [PlayLevel] Compiling Computer before play...
[2018.03.12-02.51.52:038][696]LogPlayLevel: PlayLevel: Blueprint regeneration took 770 ms (1 blueprints)
[2018.03.12-02.51.52:038][696]PIE: New page: PIE session: ThirdPersonExampleMap (Mar 11, 2018, 6:51:52 PM)
[2018.03.12-02.51.52:038][696]LogPlayLevel: Creating play world package: /Game/ThirdPersonBP/Maps/UEDPIE_0_ThirdPersonExampleMap
[2018.03.12-02.51.52:073][696]LogPlayLevel: PIE: StaticDuplicateObject took: (0.035389s)
[2018.03.12-02.51.52:074][696]LogAIModule: Creating AISystem for world ThirdPersonExampleMap
[2018.03.12-02.51.52:075][696]LogPlayLevel: PIE: World Init took: (0.001180s)
[2018.03.12-02.51.52:075][696]LogPlayLevel: PIE: Created PIE world by copying editor world from /Game/ThirdPersonBP/Maps/ThirdPersonExampleMap.ThirdPersonExampleMap to /Game/ThirdPersonBP/Maps/UEDPIE_0_ThirdPersonExampleMap.ThirdPersonExampleMap (0.036942s)
[2018.03.12-02.51.52:119][696]LogInit: XAudio2 using 'Headphones (TaoTronics TT-BH21 Stereo)' : 2 channels at 44.1 kHz using 16 bits per sample (channel mask 0x3)
[2018.03.12-02.51.52:128][696]LogInit: FAudioDevice initialized.
[2018.03.12-02.51.52:163][696]LogLoad: Game class is 'ThirdPersonGameMode_C'
[2018.03.12-02.51.52:165][696]LogWorld: Bringing World /Game/ThirdPersonBP/Maps/UEDPIE_0_ThirdPersonExampleMap.ThirdPersonExampleMap up for play (max tick rate 0) at 2018.03.11-22.51.52
[2018.03.12-02.51.52:165][696]LogWorld: Bringing up level for play took: 0.001779
[2018.03.12-02.51.52:167][696]LogScriptCore: Warning: Script Msg: Attempted to access index -1 from array 'CallFunc_RegexGetMatches_ReturnValue' of length 0 in '/Game/Items/Computers/Computer.Computer_C:RemoveComments'!
[2018.03.12-02.51.52:167][696]LogScriptCore: Warning: Script Msg: Attempted to access index 1 from array 'CallFunc_GetCharacterArrayFromString_ReturnValue2' of length 0 in '/Game/Items/Computers/Computer.Computer_C:RemoveComments'!
[2018.03.12-02.51.52:167][696]LogScriptCore: Warning: Script Msg: Attempted to access index 0 from array 'CallFunc_GetCharacterArrayFromString_ReturnValue2' of length 0 in '/Game/Items/Computers/Computer.Computer_C:RemoveComments'!
[2018.03.12-02.51.52:167][696]LogScriptCore: Warning: Script Msg: Attempted to access index -1 from array 'CallFunc_RegexGetMatches_ReturnValue' of length 1 in '/Game/Items/Computers/Computer.Computer_C:ExecuteUbergraph_Computer'!
[2018.03.12-02.51.52:167][696]LogScriptCore: Warning: Script Msg: Attempted to access index -1 from array 'CallFunc_RegexGetMatches_ReturnValue' of length 1 in '/Game/Items/Computers/Computer.Computer_C:ExecuteUbergraph_Computer'!
[2018.03.12-02.51.52:171][696]LogScriptCore: Warning: Script Msg: Attempted to access index -1 from array 'CallFunc_RegexGetMatches_ReturnValue2' of length 7 in '/Game/Items/Computers/Computer.Computer_C:ExecuteMath'!
[2018.03.12-02.51.52:178][696]LogScriptCore: Warning: Script Msg: Attempted to access index -1 from array 'CallFunc_RegexGetMatches_ReturnValue2' of length 7 in '/Game/Items/Computers/Computer.Computer_C:ExecuteMath'!
[2018.03.12-02.51.52:186][696]LogBlueprintUserMessages: [Computer_70] (1 * 3 + 1)
[2018.03.12-02.51.52:187][696]PIE: Play in editor start time for /Game/ThirdPersonBP/Maps/UEDPIE_0_ThirdPersonExampleMap 0.82
[2018.03.12-02.51.52:187][696]LogBlueprintUserMessages: Late PlayInEditor Detection: Level '/Game/ThirdPersonBP/Maps/ThirdPersonExampleMap.ThirdPersonExampleMap:PersistentLevel' has LevelScriptBlueprint '/Game/ThirdPersonBP/Maps/ThirdPersonExampleMap.ThirdPersonExampleMap:PersistentLevel.ThirdPersonExampleMap' with GeneratedClass '/Game/ThirdPersonBP/Maps/ThirdPersonExampleMap.ThirdPersonExampleMap_C' with ClassGeneratedBy '/Game/ThirdPersonBP/Maps/ThirdPersonExampleMap.ThirdPersonExampleMap:PersistentLevel.ThirdPersonExampleMap'
[2018.03.12-02.51.54:396][848]LogBlueprintUserMessages: Early EndPlayMap Detection: Level '/Game/ThirdPersonBP/Maps/ThirdPersonExampleMap.ThirdPersonExampleMap:PersistentLevel' has LevelScriptBlueprint '/Game/ThirdPersonBP/Maps/ThirdPersonExampleMap.ThirdPersonExampleMap:PersistentLevel.ThirdPersonExampleMap' with GeneratedClass '/Game/ThirdPersonBP/Maps/ThirdPersonExampleMap.ThirdPersonExampleMap_C' with ClassGeneratedBy '/Game/ThirdPersonBP/Maps/ThirdPersonExampleMap.ThirdPersonExampleMap:PersistentLevel.ThirdPersonExampleMap'
[2018.03.12-02.51.54:434][848]LogBlueprintUserMessages: Late EndPlayMap Detection: Level '/Game/ThirdPersonBP/Maps/ThirdPersonExampleMap.ThirdPersonExampleMap:PersistentLevel' has LevelScriptBlueprint '/Game/ThirdPersonBP/Maps/ThirdPersonExampleMap.ThirdPersonExampleMap:PersistentLevel.ThirdPersonExampleMap' with GeneratedClass '/Game/ThirdPersonBP/Maps/ThirdPersonExampleMap.ThirdPersonExampleMap_C' with ClassGeneratedBy '/Game/ThirdPersonBP/Maps/ThirdPersonExampleMap.ThirdPersonExampleMap:PersistentLevel.ThirdPersonExampleMap'
[2018.03.12-02.52.16:117][330]LogTemp: Repeating last play command: Selected Viewport
[2018.03.12-02.52.16:160][330]LogBlueprintUserMessages: Early PlayInEditor Detection: Level '/Game/ThirdPersonBP/Maps/ThirdPersonExampleMap.ThirdPersonExampleMap:PersistentLevel' has LevelScriptBlueprint '/Game/ThirdPersonBP/Maps/ThirdPersonExampleMap.ThirdPersonExampleMap:PersistentLevel.ThirdPersonExampleMap' with GeneratedClass '/Game/ThirdPersonBP/Maps/ThirdPersonExampleMap.ThirdPersonExampleMap_C' with ClassGeneratedBy '/Game/ThirdPersonBP/Maps/ThirdPersonExampleMap.ThirdPersonExampleMap:PersistentLevel.ThirdPersonExampleMap'
[2018.03.12-02.52.16:160][330]BlueprintLog: New page: Pre-Play auto-recompile
[2018.03.12-02.52.16:250][330]LogPlayLevel: [PlayLevel] Compiling Computer before play...
[2018.03.12-02.52.16:912][330]LogPlayLevel: PlayLevel: Blueprint regeneration took 752 ms (1 blueprints)
[2018.03.12-02.52.16:912][330]PIE: New page: PIE session: ThirdPersonExampleMap (Mar 11, 2018, 6:52:16 PM)
[2018.03.12-02.52.16:913][330]LogPlayLevel: Creating play world package: /Game/ThirdPersonBP/Maps/UEDPIE_0_ThirdPersonExampleMap
[2018.03.12-02.52.16:947][330]LogPlayLevel: PIE: StaticDuplicateObject took: (0.034535s)
[2018.03.12-02.52.16:948][330]LogAIModule: Creating AISystem for world ThirdPersonExampleMap
[2018.03.12-02.52.16:948][330]LogPlayLevel: PIE: World Init took: (0.001192s)
[2018.03.12-02.52.16:949][330]LogPlayLevel: PIE: Created PIE world by copying editor world from /Game/ThirdPersonBP/Maps/ThirdPersonExampleMap.ThirdPersonExampleMap to /Game/ThirdPersonBP/Maps/UEDPIE_0_ThirdPersonExampleMap.ThirdPersonExampleMap (0.036110s)
[2018.03.12-02.52.16:991][330]LogInit: XAudio2 using 'Headphones (TaoTronics TT-BH21 Stereo)' : 2 channels at 44.1 kHz using 16 bits per sample (channel mask 0x3)
[2018.03.12-02.52.17:000][330]LogInit: FAudioDevice initialized.
[2018.03.12-02.52.17:033][330]LogLoad: Game class is 'ThirdPersonGameMode_C'
[2018.03.12-02.52.17:035][330]LogWorld: Bringing World /Game/ThirdPersonBP/Maps/UEDPIE_0_ThirdPersonExampleMap.ThirdPersonExampleMap up for play (max tick rate 0) at 2018.03.11-22.52.17
[2018.03.12-02.52.17:035][330]LogWorld: Bringing up level for play took: 0.001803
[2018.03.12-02.52.17:037][330]LogScriptCore: Warning: Script Msg: Attempted to access index -1 from array 'CallFunc_RegexGetMatches_ReturnValue' of length 0 in '/Game/Items/Computers/Computer.Computer_C:RemoveComments'!
[2018.03.12-02.52.17:037][330]LogScriptCore: Warning: Script Msg: Attempted to access index 1 from array 'CallFunc_GetCharacterArrayFromString_ReturnValue2' of length 0 in '/Game/Items/Computers/Computer.Computer_C:RemoveComments'!
[2018.03.12-02.52.17:037][330]LogScriptCore: Warning: Script Msg: Attempted to access index 0 from array 'CallFunc_GetCharacterArrayFromString_ReturnValue2' of length 0 in '/Game/Items/Computers/Computer.Computer_C:RemoveComments'!
[2018.03.12-02.52.17:037][330]LogScriptCore: Warning: Script Msg: Attempted to access index -1 from array 'CallFunc_RegexGetMatches_ReturnValue' of length 1 in '/Game/Items/Computers/Computer.Computer_C:ExecuteUbergraph_Computer'!
[2018.03.12-02.52.17:038][330]LogScriptCore: Warning: Script Msg: Attempted to access index -1 from array 'CallFunc_RegexGetMatches_ReturnValue' of length 1 in '/Game/Items/Computers/Computer.Computer_C:ExecuteUbergraph_Computer'!
[2018.03.12-02.52.17:050][330]LogBlueprintUserMessages: [Computer_70] ( 4.0 )
[2018.03.12-02.52.17:051][330]PIE: Play in editor start time for /Game/ThirdPersonBP/Maps/UEDPIE_0_ThirdPersonExampleMap 1.684
[2018.03.12-02.52.17:051][330]LogBlueprintUserMessages: Late PlayInEditor Detection: Level '/Game/ThirdPersonBP/Maps/ThirdPersonExampleMap.ThirdPersonExampleMap:PersistentLevel' has LevelScriptBlueprint '/Game/ThirdPersonBP/Maps/ThirdPersonExampleMap.ThirdPersonExampleMap:PersistentLevel.ThirdPersonExampleMap' with GeneratedClass '/Game/ThirdPersonBP/Maps/ThirdPersonExampleMap.ThirdPersonExampleMap_C' with ClassGeneratedBy '/Game/ThirdPersonBP/Maps/ThirdPersonExampleMap.ThirdPersonExampleMap:PersistentLevel.ThirdPersonExampleMap'
[2018.03.12-02.52.19:092][476]LogBlueprintUserMessages: Early EndPlayMap Detection: Level '/Game/ThirdPersonBP/Maps/ThirdPersonExampleMap.ThirdPersonExampleMap:PersistentLevel' has LevelScriptBlueprint '/Game/ThirdPersonBP/Maps/ThirdPersonExampleMap.ThirdPersonExampleMap:PersistentLevel.ThirdPersonExampleMap' with GeneratedClass '/Game/ThirdPersonBP/Maps/ThirdPersonExampleMap.ThirdPersonExampleMap_C' with ClassGeneratedBy '/Game/ThirdPersonBP/Maps/ThirdPersonExampleMap.ThirdPersonExampleMap:PersistentLevel.ThirdPersonExampleMap'
[2018.03.12-02.52.19:126][476]LogBlueprintUserMessages: Late EndPlayMap Detection: Level '/Game/ThirdPersonBP/Maps/ThirdPersonExampleMap.ThirdPersonExampleMap:PersistentLevel' has LevelScriptBlueprint '/Game/ThirdPersonBP/Maps/ThirdPersonExampleMap.ThirdPersonExampleMap:PersistentLevel.ThirdPersonExampleMap' with GeneratedClass '/Game/ThirdPersonBP/Maps/ThirdPersonExampleMap.ThirdPersonExampleMap_C' with ClassGeneratedBy '/Game/ThirdPersonBP/Maps/ThirdPersonExampleMap.ThirdPersonExampleMap:PersistentLevel.ThirdPersonExampleMap'
[2018.03.12-02.53.00:746][910]LogTemp: Repeating last play command: Selected Viewport
[2018.03.12-02.53.00:796][910]LogBlueprintUserMessages: Early PlayInEditor Detection: Level '/Game/ThirdPersonBP/Maps/ThirdPersonExampleMap.ThirdPersonExampleMap:PersistentLevel' has LevelScriptBlueprint '/Game/ThirdPersonBP/Maps/ThirdPersonExampleMap.ThirdPersonExampleMap:PersistentLevel.ThirdPersonExampleMap' with GeneratedClass '/Game/ThirdPersonBP/Maps/ThirdPersonExampleMap.ThirdPersonExampleMap_C' with ClassGeneratedBy '/Game/ThirdPersonBP/Maps/ThirdPersonExampleMap.ThirdPersonExampleMap:PersistentLevel.ThirdPersonExampleMap'
[2018.03.12-02.53.00:797][910]BlueprintLog: New page: Pre-Play auto-recompile
[2018.03.12-02.53.00:889][910]LogPlayLevel: [PlayLevel] Compiling Computer before play...
[2018.03.12-02.53.01:556][910]LogPlayLevel: PlayLevel: Blueprint regeneration took 759 ms (1 blueprints)
[2018.03.12-02.53.01:556][910]PIE: New page: PIE session: ThirdPersonExampleMap (Mar 11, 2018, 6:53:01 PM)
[2018.03.12-02.53.01:556][910]LogPlayLevel: Creating play world package: /Game/ThirdPersonBP/Maps/UEDPIE_0_ThirdPersonExampleMap
[2018.03.12-02.53.01:589][910]LogPlayLevel: PIE: StaticDuplicateObject took: (0.032558s)
[2018.03.12-02.53.01:590][910]LogAIModule: Creating AISystem for world ThirdPersonExampleMap
[2018.03.12-02.53.01:590][910]LogPlayLevel: PIE: World Init took: (0.001350s)
[2018.03.12-02.53.01:590][910]LogPlayLevel: PIE: Created PIE world by copying editor world from /Game/ThirdPersonBP/Maps/ThirdPersonExampleMap.ThirdPersonExampleMap to /Game/ThirdPersonBP/Maps/UEDPIE_0_ThirdPersonExampleMap.ThirdPersonExampleMap (0.034299s)
[2018.03.12-02.53.01:637][910]LogInit: XAudio2 using 'Headphones (TaoTronics TT-BH21 Stereo)' : 2 channels at 44.1 kHz using 16 bits per sample (channel mask 0x3)
[2018.03.12-02.53.01:645][910]LogInit: FAudioDevice initialized.
[2018.03.12-02.53.01:682][910]LogLoad: Game class is 'ThirdPersonGameMode_C'
[2018.03.12-02.53.01:684][910]LogWorld: Bringing World /Game/ThirdPersonBP/Maps/UEDPIE_0_ThirdPersonExampleMap.ThirdPersonExampleMap up for play (max tick rate 0) at 2018.03.11-22.53.01
[2018.03.12-02.53.01:684][910]LogWorld: Bringing up level for play took: 0.001737
[2018.03.12-02.53.01:686][910]LogScriptCore: Warning: Script Msg: Attempted to access index -1 from array 'CallFunc_RegexGetMatches_ReturnValue' of length 0 in '/Game/Items/Computers/Computer.Computer_C:RemoveComments'!
[2018.03.12-02.53.01:686][910]LogScriptCore: Warning: Script Msg: Attempted to access index 1 from array 'CallFunc_GetCharacterArrayFromString_ReturnValue2' of length 0 in '/Game/Items/Computers/Computer.Computer_C:RemoveComments'!
[2018.03.12-02.53.01:686][910]LogScriptCore: Warning: Script Msg: Attempted to access index 0 from array 'CallFunc_GetCharacterArrayFromString_ReturnValue2' of length 0 in '/Game/Items/Computers/Computer.Computer_C:RemoveComments'!
[2018.03.12-02.53.01:686][910]LogScriptCore: Warning: Script Msg: Attempted to access index -1 from array 'CallFunc_RegexGetMatches_ReturnValue' of length 1 in '/Game/Items/Computers/Computer.Computer_C:ExecuteUbergraph_Computer'!
[2018.03.12-02.53.01:686][910]LogScriptCore: Warning: Script Msg: Attempted to access index -1 from array 'CallFunc_RegexGetMatches_ReturnValue' of length 1 in '/Game/Items/Computers/Computer.Computer_C:ExecuteUbergraph_Computer'!
[2018.03.12-02.53.01:702][910]LogBlueprintUserMessages: [Computer_70] ( 14.0 )
[2018.03.12-02.53.01:703][910]PIE: Play in editor start time for /Game/ThirdPersonBP/Maps/UEDPIE_0_ThirdPersonExampleMap 0.336
[2018.03.12-02.53.01:703][910]LogBlueprintUserMessages: Late PlayInEditor Detection: Level '/Game/ThirdPersonBP/Maps/ThirdPersonExampleMap.ThirdPersonExampleMap:PersistentLevel' has LevelScriptBlueprint '/Game/ThirdPersonBP/Maps/ThirdPersonExampleMap.ThirdPersonExampleMap:PersistentLevel.ThirdPersonExampleMap' with GeneratedClass '/Game/ThirdPersonBP/Maps/ThirdPersonExampleMap.ThirdPersonExampleMap_C' with ClassGeneratedBy '/Game/ThirdPersonBP/Maps/ThirdPersonExampleMap.ThirdPersonExampleMap:PersistentLevel.ThirdPersonExampleMap'
[2018.03.12-02.53.02:852][998]LogBlueprintUserMessages: Early EndPlayMap Detection: Level '/Game/ThirdPersonBP/Maps/ThirdPersonExampleMap.ThirdPersonExampleMap:PersistentLevel' has LevelScriptBlueprint '/Game/ThirdPersonBP/Maps/ThirdPersonExampleMap.ThirdPersonExampleMap:PersistentLevel.ThirdPersonExampleMap' with GeneratedClass '/Game/ThirdPersonBP/Maps/ThirdPersonExampleMap.ThirdPersonExampleMap_C' with ClassGeneratedBy '/Game/ThirdPersonBP/Maps/ThirdPersonExampleMap.ThirdPersonExampleMap:PersistentLevel.ThirdPersonExampleMap'
[2018.03.12-02.53.02:886][998]LogBlueprintUserMessages: Late EndPlayMap Detection: Level '/Game/ThirdPersonBP/Maps/ThirdPersonExampleMap.ThirdPersonExampleMap:PersistentLevel' has LevelScriptBlueprint '/Game/ThirdPersonBP/Maps/ThirdPersonExampleMap.ThirdPersonExampleMap:PersistentLevel.ThirdPersonExampleMap' with GeneratedClass '/Game/ThirdPersonBP/Maps/ThirdPersonExampleMap.ThirdPersonExampleMap_C' with ClassGeneratedBy '/Game/ThirdPersonBP/Maps/ThirdPersonExampleMap.ThirdPersonExampleMap:PersistentLevel.ThirdPersonExampleMap'
[2018.03.12-02.53.29:380][ 52]LogSavePackage: Save=255.12ms
[2018.03.12-02.53.29:380][ 52]LogSavePackage: Moving '../../../../../../UnrealSandboxGame/USG/Saved/ThirdPersonExampleMap_Auto29C48B4504F51BE5918CF0085C492E506.tmp' to '../../../../../../UnrealSandboxGame/USG/Saved/Autosaves/Game/ThirdPersonBP/Maps/ThirdPersonExampleMap_Auto2.umap'
[2018.03.12-02.53.29:386][ 52]LogSavePackage: Display: Finished SavePackage ../../../../../../UnrealSandboxGame/USG/Saved/Autosaves/Game/ThirdPersonBP/Maps/ThirdPersonExampleMap_Auto2.umap
[2018.03.12-02.53.29:402][ 52]LogFileHelpers: Editor autosave (incl. sublevels) for '/Game/ThirdPersonBP/Maps/ThirdPersonExampleMap' took 0.416
[2018.03.12-02.53.29:402][ 52]LogFileHelpers: Editor autosave (incl. sublevels) for all levels took 0.416
[2018.03.12-02.53.29:404][ 52]OBJ SavePackage: Generating thumbnails for [0] asset(s) in package [/Game/Items/Computers/Computer] ([1] browsable assets)...
[2018.03.12-02.53.29:404][ 52]OBJ SavePackage: Finished generating thumbnails for package [/Game/Items/Computers/Computer]
[2018.03.12-02.53.29:404][ 52]Cmd: OBJ SAVEPACKAGE PACKAGE="/Game/Items/Computers/Computer" FILE="../../../../../../UnrealSandboxGame/USG/Saved/Autosaves/Game/Items/Computers/Computer_Auto2.uasset" SILENT=false AUTOSAVING=true
[2018.03.12-02.53.30:123][ 52]LogSavePackage: Save=707.95ms
[2018.03.12-02.53.30:123][ 52]LogSavePackage: Moving '../../../../../../UnrealSandboxGame/USG/Saved/Computer_Auto2B4458D914126D37A7F2EF28C35D9AE42.tmp' to '../../../../../../UnrealSandboxGame/USG/Saved/Autosaves/Game/Items/Computers/Computer_Auto2.uasset'
[2018.03.12-02.53.30:132][ 52]LogSavePackage: Display: Finished SavePackage ../../../../../../UnrealSandboxGame/USG/Saved/Autosaves/Game/Items/Computers/Computer_Auto2.uasset
[2018.03.12-02.53.30:132][ 52]LogFileHelpers: Auto-saving content packages took 0.730
[2018.03.12-02.56.41:020][429]Cmd: OBJ SAVEPACKAGE PACKAGE="/Game/Items/Computers/Computer" FILE="../../../../../../UnrealSandboxGame/USG/Content/Items/Computers/Computer.uasset" SILENT=true
[2018.03.12-02.56.41:748][429]LogSavePackage: Save=721.69ms
[2018.03.12-02.56.41:748][429]LogSavePackage: Moving '../../../../../../UnrealSandboxGame/USG/Saved/ComputerA2190ED24B4E4ED2609CA1BA137184CF.tmp' to '../../../../../../UnrealSandboxGame/USG/Content/Items/Computers/Computer.uasset'
[2018.03.12-02.56.41:754][429]LogSavePackage: Display: Finished SavePackage ../../../../../../UnrealSandboxGame/USG/Content/Items/Computers/Computer.uasset
[2018.03.12-02.56.43:361][508]LogSavePackage: Save=225.03ms
[2018.03.12-02.56.43:361][508]LogSavePackage: Moving '../../../../../../UnrealSandboxGame/USG/Saved/ThirdPersonExampleMapE38A5D3B4A9FDDA8B0FC6B87B10D301D.tmp' to '../../../../../../UnrealSandboxGame/USG/Content/ThirdPersonBP/Maps/ThirdPersonExampleMap.umap'
[2018.03.12-02.56.43:377][508]LogSavePackage: Display: Finished SavePackage ../../../../../../UnrealSandboxGame/USG/Content/ThirdPersonBP/Maps/ThirdPersonExampleMap.umap
[2018.03.12-02.56.43:412][508]LogFileHelpers: Saving map 'ThirdPersonExampleMap' took 0.391
[2018.03.12-03.00.36:832][971]LogTemp: Repeating last play command: Selected Viewport
[2018.03.12-03.00.36:885][971]LogBlueprintUserMessages: Early PlayInEditor Detection: Level '/Game/ThirdPersonBP/Maps/ThirdPersonExampleMap.ThirdPersonExampleMap:PersistentLevel' has LevelScriptBlueprint '/Game/ThirdPersonBP/Maps/ThirdPersonExampleMap.ThirdPersonExampleMap:PersistentLevel.ThirdPersonExampleMap' with GeneratedClass '/Game/ThirdPersonBP/Maps/ThirdPersonExampleMap.ThirdPersonExampleMap_C' with ClassGeneratedBy '/Game/ThirdPersonBP/Maps/ThirdPersonExampleMap.ThirdPersonExampleMap:PersistentLevel.ThirdPersonExampleMap'
[2018.03.12-03.00.36:885][971]BlueprintLog: New page: Pre-Play auto-recompile
[2018.03.12-03.00.36:976][971]LogPlayLevel: [PlayLevel] Compiling Computer before play...
[2018.03.12-03.00.37:643][971]LogPlayLevel: PlayLevel: Blueprint regeneration took 757 ms (1 blueprints)
[2018.03.12-03.00.37:643][971]PIE: New page: PIE session: ThirdPersonExampleMap (Mar 11, 2018, 7:00:37 PM)
[2018.03.12-03.00.37:643][971]LogPlayLevel: Creating play world package: /Game/ThirdPersonBP/Maps/UEDPIE_0_ThirdPersonExampleMap
[2018.03.12-03.00.37:678][971]LogPlayLevel: PIE: StaticDuplicateObject took: (0.034763s)
[2018.03.12-03.00.37:679][971]LogAIModule: Creating AISystem for world ThirdPersonExampleMap
[2018.03.12-03.00.37:679][971]LogPlayLevel: PIE: World Init took: (0.001056s)
[2018.03.12-03.00.37:679][971]LogPlayLevel: PIE: Created PIE world by copying editor world from /Game/ThirdPersonBP/Maps/ThirdPersonExampleMap.ThirdPersonExampleMap to /Game/ThirdPersonBP/Maps/UEDPIE_0_ThirdPersonExampleMap.ThirdPersonExampleMap (0.036243s)
[2018.03.12-03.00.37:725][971]LogInit: XAudio2 using 'Headphones (TaoTronics TT-BH21 Stereo)' : 2 channels at 44.1 kHz using 16 bits per sample (channel mask 0x3)
[2018.03.12-03.00.37:735][971]LogInit: FAudioDevice initialized.
[2018.03.12-03.00.37:771][971]LogLoad: Game class is 'ThirdPersonGameMode_C'
[2018.03.12-03.00.37:773][971]LogWorld: Bringing World /Game/ThirdPersonBP/Maps/UEDPIE_0_ThirdPersonExampleMap.ThirdPersonExampleMap up for play (max tick rate 0) at 2018.03.11-23.00.37
[2018.03.12-03.00.37:773][971]LogWorld: Bringing up level for play took: 0.001877
[2018.03.12-03.00.37:775][971]LogScriptCore: Warning: Script Msg: Attempted to access index -1 from array 'CallFunc_RegexGetMatches_ReturnValue' of length 0 in '/Game/Items/Computers/Computer.Computer_C:RemoveComments'!
[2018.03.12-03.00.37:775][971]LogScriptCore: Warning: Script Msg: Attempted to access index 1 from array 'CallFunc_GetCharacterArrayFromString_ReturnValue2' of length 0 in '/Game/Items/Computers/Computer.Computer_C:RemoveComments'!
[2018.03.12-03.00.37:775][971]LogScriptCore: Warning: Script Msg: Attempted to access index 0 from array 'CallFunc_GetCharacterArrayFromString_ReturnValue2' of length 0 in '/Game/Items/Computers/Computer.Computer_C:RemoveComments'!
[2018.03.12-03.01.15:185][971]LogScript: Warning: Runaway loop detected (over 1,000,000 iterations) - see log for stack trace
	Computer_C /Game/ThirdPersonBP/Maps/UEDPIE_0_ThirdPersonExampleMap.ThirdPersonExampleMap:PersistentLevel.Computer_70
	Function /Game/Items/Computers/Computer.Computer_C:ExecuteMath:0298
[2018.03.12-03.01.15:205][971]PIE: Error: Infinite Loop detected in  Computer , asserted during  ForLoopWithBreak with the following  Call Stack
