Log file open, 03/13/18 18:33:20
LogWindows: Failed to load 'aqProf.dll' (GetLastError=126)
LogWindows: File 'aqProf.dll' does not exist
LogWindows: Failed to load 'VSPerf140.dll' (GetLastError=126)
LogWindows: File 'VSPerf140.dll' does not exist
LogWindows: Failed to load 'VtuneApi.dll' (GetLastError=126)
LogWindows: File 'VtuneApi.dll' does not exist
LogWindows: Failed to load 'VtuneApi32e.dll' (GetLastError=126)
LogWindows: File 'VtuneApi32e.dll' does not exist
LogInit: Display: Running engine for game: USG
LogPlatformFile: Not using cached read wrapper
LogInit: Display: RandInit(418392670) SRandInit(418392670).
LogInit: Read version file with build ID '3709383'
LogInit: Overriding engine version to CL 3794801, compatible CL 3709383
LogInit: Registered custom module enumerator with build ID '3709383'
LogTaskGraph: Started task graph with 5 named threads and 11 total threads with 3 sets of task threads.
LogStats: Stats thread started at 4.401360
LogD3D11RHI: Aftermath initialized
LogModuleManager: Display: Found up-to-date module file ../../../Engine/Plugins/Marketplace/LowEntryExtStdLib/Binaries/Win64/UE4Editor-LowEntryExtendedStandardLibrary.dll (API version 3709383).
LogModuleManager: Display: Found up-to-date module file ../../../Engine/Plugins/Marketplace/LowEntryExtStdLib/Binaries/Win64/UE4Editor-LowEntryExtendedStandardLibraryEditor.dll (API version 3709383).
LogModuleManager: Display: Found up-to-date module file ../../../Engine/Plugins/2D/Paper2D/Binaries/Win64/UE4Editor-Paper2D.dll (API version 3709383).
LogModuleManager: Display: Found up-to-date module file ../../../Engine/Plugins/2D/Paper2D/Binaries/Win64/UE4Editor-Paper2DEditor.dll (API version 3709383).
LogModuleManager: Display: Found up-to-date module file ../../../Engine/Plugins/2D/Paper2D/Binaries/Win64/UE4Editor-PaperSpriteSheetImporter.dll (API version 3709383).
LogModuleManager: Display: Found up-to-date module file ../../../Engine/Plugins/2D/Paper2D/Binaries/Win64/UE4Editor-PaperTiledImporter.dll (API version 3709383).
LogModuleManager: Display: Found up-to-date module file ../../../Engine/Plugins/2D/Paper2D/Binaries/Win64/UE4Editor-SmartSnapping.dll (API version 3709383).
LogModuleManager: Display: Found up-to-date module file ../../../Engine/Plugins/Blendables/LightPropagationVolume/Binaries/Win64/UE4Editor-LightPropagationVolumeRuntime.dll (API version 3709383).
LogModuleManager: Display: Found up-to-date module file ../../../Engine/Plugins/Blendables/LightPropagationVolume/Binaries/Win64/UE4Editor-LightPropagationVolumeEditor.dll (API version 3709383).
LogModuleManager: Display: Found up-to-date module file ../../../Engine/Plugins/Developer/GitSourceControl/Binaries/Win64/UE4Editor-GitSourceControl.dll (API version 3709383).
LogModuleManager: Display: Found up-to-date module file ../../../Engine/Plugins/Developer/PerforceSourceControl/Binaries/Win64/UE4Editor-PerforceSourceControl.dll (API version 3709383).
LogModuleManager: Display: Found up-to-date module file ../../../Engine/Plugins/Developer/SubversionSourceControl/Binaries/Win64/UE4Editor-SubversionSourceControl.dll (API version 3709383).
LogModuleManager: Display: Found up-to-date module file ../../../Engine/Plugins/Developer/UObjectPlugin/Binaries/Win64/UE4Editor-UObjectPlugin.dll (API version 3709383).
LogModuleManager: Display: Found up-to-date module file ../../../Engine/Plugins/Developer/VisualStudioCodeSourceCodeAccess/Binaries/Win64/UE4Editor-VisualStudioCodeSourceCodeAccess.dll (API version 3709383).
LogModuleManager: Display: Found up-to-date module file ../../../Engine/Plugins/Developer/VisualStudioSourceCodeAccess/Binaries/Win64/UE4Editor-VisualStudioSourceCodeAccess.dll (API version 3709383).
LogModuleManager: Display: Found up-to-date module file ../../../Engine/Plugins/Editor/AssetManagerEditor/Binaries/Win64/UE4Editor-AssetManagerEditor.dll (API version 3709383).
LogModuleManager: Display: Found up-to-date module file ../../../Engine/Plugins/Editor/AudioCapture/Binaries/Win64/UE4Editor-AudioCapture.dll (API version 3709383).
LogModuleManager: Display: Found up-to-date module file ../../../Engine/Plugins/Editor/FacialAnimation/Binaries/Win64/UE4Editor-FacialAnimation.dll (API version 3709383).
LogModuleManager: Display: Found up-to-date module file ../../../Engine/Plugins/Editor/FacialAnimation/Binaries/Win64/UE4Editor-FacialAnimationEditor.dll (API version 3709383).
LogModuleManager: Display: Found up-to-date module file ../../../Engine/Plugins/Editor/GameplayTagsEditor/Binaries/Win64/UE4Editor-GameplayTagsEditor.dll (API version 3709383).
LogModuleManager: Display: Found up-to-date module file ../../../Engine/Plugins/Editor/MobileLauncherProfileWizard/Binaries/Win64/UE4Editor-MobileLauncherProfileWizard.dll (API version 3709383).
LogModuleManager: Display: Found up-to-date module file ../../../Engine/Plugins/Editor/PluginBrowser/Binaries/Win64/UE4Editor-PluginBrowser.dll (API version 3709383).
LogModuleManager: Display: Found up-to-date module file ../../../Engine/Plugins/Editor/SpeedTreeImporter/Binaries/Win64/UE4Editor-SpeedTreeImporter.dll (API version 3709383).
LogModuleManager: Display: Found up-to-date module file ../../../Engine/Plugins/Experimental/AlembicImporter/Binaries/Win64/UE4Editor-AlembicImporter.dll (API version 3709383).
LogModuleManager: Display: Found up-to-date module file ../../../Engine/Plugins/Experimental/AlembicImporter/Binaries/Win64/UE4Editor-AlembicLibrary.dll (API version 3709383).
LogModuleManager: Display: Found up-to-date module file ../../../Engine/Plugins/Experimental/CharacterAI/Binaries/Win64/UE4Editor-CharacterAI.dll (API version 3709383).
LogModuleManager: Display: Found up-to-date module file ../../../Engine/Plugins/Experimental/HTML5Networking/Binaries/Win64/UE4Editor-HTML5Networking.dll (API version 3709383).
LogModuleManager: Display: Found up-to-date module file ../../../Engine/Plugins/Media/AndroidMedia/Binaries/Win64/UE4Editor-AndroidMediaEditor.dll (API version 3709383).
LogModuleManager: Display: Found up-to-date module file ../../../Engine/Plugins/Media/AndroidMedia/Binaries/Win64/UE4Editor-AndroidMediaFactory.dll (API version 3709383).
LogModuleManager: Display: Found up-to-date module file ../../../Engine/Plugins/Media/AvfMedia/Binaries/Win64/UE4Editor-AvfMediaEditor.dll (API version 3709383).
LogModuleManager: Display: Found up-to-date module file ../../../Engine/Plugins/Media/AvfMedia/Binaries/Win64/UE4Editor-AvfMediaFactory.dll (API version 3709383).
LogModuleManager: Display: Found up-to-date module file ../../../Engine/Plugins/Media/AvfMedia/Binaries/Win64/UE4Editor-AvfMediaFactory.dll (API version 3709383).
LogModuleManager: Display: Found up-to-date module file ../../../Engine/Plugins/Media/ImgMedia/Binaries/Win64/UE4Editor-ImgMedia.dll (API version 3709383).
LogModuleManager: Display: Found up-to-date module file ../../../Engine/Plugins/Media/ImgMedia/Binaries/Win64/UE4Editor-ImgMediaEditor.dll (API version 3709383).
LogModuleManager: Display: Found up-to-date module file ../../../Engine/Plugins/Media/ImgMedia/Binaries/Win64/UE4Editor-ImgMediaFactory.dll (API version 3709383).
LogModuleManager: Display: Found up-to-date module file ../../../Engine/Plugins/Media/ImgMedia/Binaries/Win64/UE4Editor-ImgMediaFactory.dll (API version 3709383).
LogModuleManager: Display: Found up-to-date module file ../../../Engine/Plugins/Media/ImgMedia/Binaries/Win64/UE4Editor-OpenExrWrapper.dll (API version 3709383).
LogModuleManager: Display: Found up-to-date module file ../../../Engine/Plugins/Media/MediaCompositing/Binaries/Win64/UE4Editor-MediaCompositing.dll (API version 3709383).
LogModuleManager: Display: Found up-to-date module file ../../../Engine/Plugins/Media/MediaCompositing/Binaries/Win64/UE4Editor-MediaCompositingEditor.dll (API version 3709383).
LogModuleManager: Display: Found up-to-date module file ../../../Engine/Plugins/Media/MediaPlayerEditor/Binaries/Win64/UE4Editor-MediaPlayerEditor.dll (API version 3709383).
LogModuleManager: Display: Found up-to-date module file ../../../Engine/Plugins/Media/WmfMedia/Binaries/Win64/UE4Editor-WmfMedia.dll (API version 3709383).
LogModuleManager: Display: Found up-to-date module file ../../../Engine/Plugins/Media/WmfMedia/Binaries/Win64/UE4Editor-WmfMediaEditor.dll (API version 3709383).
LogModuleManager: Display: Found up-to-date module file ../../../Engine/Plugins/Media/WmfMedia/Binaries/Win64/UE4Editor-WmfMediaFactory.dll (API version 3709383).
LogModuleManager: Display: Found up-to-date module file ../../../Engine/Plugins/Media/WmfMedia/Binaries/Win64/UE4Editor-WmfMediaFactory.dll (API version 3709383).
LogModuleManager: Display: Found up-to-date module file ../../../Engine/Plugins/Messaging/TcpMessaging/Binaries/Win64/UE4Editor-TcpMessaging.dll (API version 3709383).
LogModuleManager: Display: Found up-to-date module file ../../../Engine/Plugins/Messaging/UdpMessaging/Binaries/Win64/UE4Editor-UdpMessaging.dll (API version 3709383).
LogModuleManager: Display: Found up-to-date module file ../../../Engine/Plugins/MovieScene/ActorSequence/Binaries/Win64/UE4Editor-ActorSequence.dll (API version 3709383).
LogModuleManager: Display: Found up-to-date module file ../../../Engine/Plugins/MovieScene/LevelSequenceEditor/Binaries/Win64/UE4Editor-LevelSequenceEditor.dll (API version 3709383).
LogModuleManager: Display: Found up-to-date module file ../../../Engine/Plugins/MovieScene/MatineeToLevelSequence/Binaries/Win64/UE4Editor-MatineeToLevelSequence.dll (API version 3709383).
LogModuleManager: Display: Found up-to-date module file ../../../Engine/Plugins/Online/OnlineSubsystem/Binaries/Win64/UE4Editor-OnlineSubsystem.dll (API version 3709383).
LogModuleManager: Display: Found up-to-date module file ../../../Engine/Plugins/Runtime/AndroidPermission/Binaries/Win64/UE4Editor-AndroidPermission.dll (API version 3709383).
LogModuleManager: Display: Found up-to-date module file ../../../Engine/Plugins/Online/OnlineSubsystemNull/Binaries/Win64/UE4Editor-OnlineSubsystemNull.dll (API version 3709383).
LogModuleManager: Display: Found up-to-date module file ../../../Engine/Plugins/Online/OnlineSubsystemUtils/Binaries/Win64/UE4Editor-OnlineSubsystemUtils.dll (API version 3709383).
LogModuleManager: Display: Found up-to-date module file ../../../Engine/Plugins/Online/OnlineSubsystemUtils/Binaries/Win64/UE4Editor-OnlineBlueprintSupport.dll (API version 3709383).
LogModuleManager: Display: Found up-to-date module file ../../../Engine/Plugins/Runtime/AndroidDeviceProfileSelector/Binaries/Win64/UE4Editor-AndroidDeviceProfileSelector.dll (API version 3709383).
LogModuleManager: Display: Found up-to-date module file ../../../Engine/Plugins/Runtime/AppleARKit/Binaries/Win64/UE4Editor-AppleARKit.dll (API version 3709383).
LogModuleManager: Display: Found up-to-date module file ../../../Engine/Plugins/Runtime/ArchVisCharacter/Binaries/Win64/UE4Editor-ArchVisCharacter.dll (API version 3709383).
LogModuleManager: Display: Found up-to-date module file ../../../Engine/Plugins/Runtime/CableComponent/Binaries/Win64/UE4Editor-CableComponent.dll (API version 3709383).
LogModuleManager: Display: Found up-to-date module file ../../../Engine/Plugins/Runtime/CustomMeshComponent/Binaries/Win64/UE4Editor-CustomMeshComponent.dll (API version 3709383).
LogModuleManager: Display: Found up-to-date module file ../../../Engine/Plugins/Runtime/ExampleDeviceProfileSelector/Binaries/Win64/UE4Editor-ExampleDeviceProfileSelector.dll (API version 3709383).
LogModuleManager: Display: Found up-to-date module file ../../../Engine/Plugins/Runtime/ImmediatePhysics/Binaries/Win64/UE4Editor-ImmediatePhysics.dll (API version 3709383).
LogModuleManager: Display: Found up-to-date module file ../../../Engine/Plugins/Runtime/ImmediatePhysics/Binaries/Win64/UE4Editor-ImmediatePhysicsEditor.dll (API version 3709383).
LogModuleManager: Display: Found up-to-date module file ../../../Engine/Plugins/Runtime/LocationServicesBPLibrary/Binaries/Win64/UE4Editor-LocationServicesBPLibrary.dll (API version 3709383).
LogModuleManager: Display: Found up-to-date module file ../../../Engine/Plugins/Runtime/MobilePatchingUtils/Binaries/Win64/UE4Editor-MobilePatchingUtils.dll (API version 3709383).
LogModuleManager: Display: Found up-to-date module file ../../../Engine/Plugins/Runtime/Oculus/OculusVR/Binaries/Win64/UE4Editor-OculusHMD.dll (API version 3709383).
LogModuleManager: Display: Found up-to-date module file ../../../Engine/Plugins/Runtime/Oculus/OculusVR/Binaries/Win64/UE4Editor-OculusInput.dll (API version 3709383).
LogModuleManager: Display: Found up-to-date module file ../../../Engine/Plugins/Runtime/Oculus/OculusVR/Binaries/Win64/UE4Editor-OculusEditor.dll (API version 3709383).
LogModuleManager: Display: Found up-to-date module file ../../../Engine/Plugins/Runtime/PhysXVehicles/Binaries/Win64/UE4Editor-PhysXVehicles.dll (API version 3709383).
LogModuleManager: Display: Found up-to-date module file ../../../Engine/Plugins/Runtime/PhysXVehicles/Binaries/Win64/UE4Editor-PhysXVehiclesEditor.dll (API version 3709383).
LogModuleManager: Display: Found up-to-date module file ../../../Engine/Plugins/Runtime/ProceduralMeshComponent/Binaries/Win64/UE4Editor-ProceduralMeshComponent.dll (API version 3709383).
LogModuleManager: Display: Found up-to-date module file ../../../Engine/Plugins/Runtime/ProceduralMeshComponent/Binaries/Win64/UE4Editor-ProceduralMeshComponentEditor.dll (API version 3709383).
LogModuleManager: Display: Found up-to-date module file ../../../Engine/Plugins/Runtime/RuntimePhysXCooking/Binaries/Win64/UE4Editor-RuntimePhysXCooking.dll (API version 3709383).
LogModuleManager: Display: Found up-to-date module file ../../../Engine/Plugins/Runtime/Steam/SteamVR/Binaries/Win64/UE4Editor-SteamVR.dll (API version 3709383).
LogModuleManager: Display: Found up-to-date module file ../../../Engine/Plugins/Runtime/Steam/SteamVR/Binaries/Win64/UE4Editor-SteamVRController.dll (API version 3709383).
LogModuleManager: Display: Found up-to-date module file ../../../Engine/Plugins/Runtime/WindowsMoviePlayer/Binaries/Win64/UE4Editor-WindowsMoviePlayer.dll (API version 3709383).
LogPluginManager: Mounting plugin Paper2D
LogPluginManager: Mounting plugin LightPropagationVolume
LogPluginManager: Mounting plugin CodeLiteSourceCodeAccess
LogPluginManager: Mounting plugin GitSourceControl
LogPluginManager: Mounting plugin KDevelopSourceCodeAccess
LogPluginManager: Mounting plugin NullSourceCodeAccess
LogPluginManager: Mounting plugin PerforceSourceControl
LogPluginManager: Mounting plugin SubversionSourceControl
LogPluginManager: Mounting plugin UObjectPlugin
LogPluginManager: Mounting plugin VisualStudioCodeSourceCodeAccess
LogPluginManager: Mounting plugin VisualStudioSourceCodeAccess
LogPluginManager: Mounting plugin XCodeSourceCodeAccess
LogPluginManager: Mounting plugin AssetManagerEditor
LogPluginManager: Mounting plugin AudioCapture
LogPluginManager: Mounting plugin FacialAnimation
LogPluginManager: Mounting plugin GameplayTagsEditor
LogPluginManager: Mounting plugin MobileLauncherProfileWizard
LogPluginManager: Mounting plugin PluginBrowser
LogPluginManager: Mounting plugin SpeedTreeImporter
LogPluginManager: Mounting plugin AlembicImporter
LogPluginManager: Mounting plugin CharacterAI
LogPluginManager: Mounting plugin HTML5Networking
LogPluginManager: Mounting plugin LowEntryExtStdLib
LogPluginManager: Mounting plugin AndroidMedia
LogPluginManager: Mounting plugin AvfMedia
LogPluginManager: Mounting plugin ImgMedia
LogPluginManager: Mounting plugin MediaCompositing
LogPluginManager: Mounting plugin MediaPlayerEditor
LogPluginManager: Mounting plugin WmfMedia
LogPluginManager: Mounting plugin TcpMessaging
LogPluginManager: Mounting plugin UdpMessaging
LogPluginManager: Mounting plugin ActorSequence
LogPluginManager: Mounting plugin LevelSequenceEditor
LogPluginManager: Mounting plugin MatineeToLevelSequence
LogPluginManager: Mounting plugin OnlineSubsystemGooglePlay
LogPluginManager: Mounting plugin OnlineSubsystemIOS
LogPluginManager: Mounting plugin OnlineSubsystem
LogPluginManager: Mounting plugin OnlineSubsystemNull
LogPluginManager: Mounting plugin OnlineSubsystemUtils
LogPluginManager: Mounting plugin AndroidDeviceProfileSelector
LogPluginManager: Mounting plugin AndroidMoviePlayer
LogPluginManager: Mounting plugin AndroidPermission
LogPluginManager: Mounting plugin AppleARKit
LogPluginManager: Mounting plugin AppleMoviePlayer
LogPluginManager: Mounting plugin ArchVisCharacter
LogPluginManager: Mounting plugin CableComponent
LogPluginManager: Mounting plugin CustomMeshComponent
LogPluginManager: Mounting plugin ExampleDeviceProfileSelector
LogPluginManager: Mounting plugin GoogleCloudMessaging
LogPluginManager: Mounting plugin ImmediatePhysics
LogPluginManager: Mounting plugin IOSDeviceProfileSelector
LogPluginManager: Mounting plugin LinuxDeviceProfileSelector
LogPluginManager: Mounting plugin LocationServicesBPLibrary
LogPluginManager: Mounting plugin MobilePatchingUtils
LogPluginManager: Mounting plugin OculusVR
LogPluginManager: Plugin shader directory ../../../Engine/Plugins/Runtime/Oculus/OculusVR/Shaders found
LogPluginManager: Mapping shader source directory ../../../Engine/Plugins/Runtime/Oculus/OculusVR/Shaders to virtual directory /Plugin/OculusVR
LogPluginManager: Mounting plugin PhysXVehicles
LogPluginManager: Mounting plugin ProceduralMeshComponent
LogPluginManager: Mounting plugin RuntimePhysXCooking
LogPluginManager: Mounting plugin SteamVR
LogPluginManager: Mounting plugin WindowsMoviePlayer
LogInit: Using libcurl 7.47.1
LogInit:  - built for x86_64-pc-win32
LogInit:  - supports SSL with OpenSSL/1.0.2g
LogInit:  - supports HTTP deflate (compression) using libz 1.2.8
LogInit:  - other features:
LogInit:      CURL_VERSION_SSL
LogInit:      CURL_VERSION_LIBZ
LogInit:      CURL_VERSION_IPV6
LogInit:      CURL_VERSION_ASYNCHDNS
LogInit:      CURL_VERSION_LARGEFILE
LogInit:      CURL_VERSION_IDN
LogInit:  CurlRequestOptions (configurable via config and command line):
LogInit:  - bVerifyPeer = false  - Libcurl will NOT verify peer certificate
LogInit:  - bUseHttpProxy = false  - Libcurl will NOT use HTTP proxy
LogInit:  - bDontReuseConnections = false  - Libcurl will reuse connections
LogInit:  - CertBundlePath = nullptr  - Libcurl will use whatever was configured at build time.
LogInit: Build: ++UE4+Release-4.18-CL-3794801
LogInit: Engine Version: 4.18.2-3794801+++UE4+Release-4.18
LogInit: Compatible Engine Version: 4.18.0-3709383+++UE4+Release-4.18
LogInit: Net CL: 3709383
LogDevObjectVersion: Number of dev versions registered: 16
LogDevObjectVersion:   Dev-Blueprints (B0D832E4-1F89-4F0D-ACCF-7EB736FD4AA2): 10
LogDevObjectVersion:   Dev-Build (E1C64328-A22C-4D53-A36C-8E866417BD8C): 0
LogDevObjectVersion:   Dev-Core (375EC13C-06E4-48FB-B500-84F0262A717E): 2
LogDevObjectVersion:   Dev-Editor (E4B068ED-F494-42E9-A231-DA0B2E46BB41): 20
LogDevObjectVersion:   Dev-Framework (CFFC743F-43B0-4480-9391-14DF171D2073): 30
LogDevObjectVersion:   Dev-Mobile (B02B49B5-BB20-44E9-A304-32B752E40360): 0
LogDevObjectVersion:   Dev-Networking (A4E4105C-59A1-49B5-A7C5-40C4547EDFEE): 0
LogDevObjectVersion:   Dev-Online (39C831C9-5AE6-47DC-9A44-9C173E1C8E7C): 0
LogDevObjectVersion:   Dev-Physics (78F01B33-EBEA-4F98-B9B4-84EACCB95AA2): 0
LogDevObjectVersion:   Dev-Platform (6631380F-2D4D-43E0-8009-CF276956A95A): 0
LogDevObjectVersion:   Dev-Rendering (12F88B9F-8875-4AFC-A67C-D90C383ABD29): 20
LogDevObjectVersion:   Dev-Sequencer (7B5AE74C-D270-4C10-A958-57980B212A5A): 4
LogDevObjectVersion:   Dev-VR (D7296918-1DD6-4BDD-9DE2-64A83CC13884): 0
LogDevObjectVersion:   Dev-LoadTimes (C2A15278-BFE7-4AFE-6C17-90FF531DF755): 1
LogDevObjectVersion:   Private-Geometry (6EACA3D4-40EC-4CC1-B786-8BED09428FC5): 1
LogDevObjectVersion:   Dev-AnimPhys (29E575DD-E0A3-4627-9D10-D276232CDCEA): 12
LogInit: Compiled (64-bit): Dec  8 2017 02:04:53
LogInit: Compiled with Visual C++: 19.00.24215.01
LogInit: Build Configuration: Development
LogInit: Branch Name: ++UE4+Release-4.18
LogInit: Command line:  
LogInit: Base directory: D:/Program Files (x86)/Epic Games/UE_4.18/Engine/Binaries/Win64/
LogInit: Installed Engine Build: 1
LogInit: Presizing for max 8388607 objects, including 0 objects not considered by GC, pre-allocating 0 bytes for permanent pool.
LogInit: Object subsystem initialized
[2018.03.13-22.33.27:707][  0]LogInit: Selected Device Profile: [Windows]
[2018.03.13-22.33.27:708][  0]LogInit: Applying CVar settings loaded from the selected device profile: [Windows]
[2018.03.13-22.33.27:789][  0]LogInit: Computer: PEANUT
[2018.03.13-22.33.27:789][  0]LogInit: User: franc
[2018.03.13-22.33.27:789][  0]LogInit: CPU Page size=4096, Cores=3
[2018.03.13-22.33.27:789][  0]LogInit: High frequency timer resolution =3.433892 MHz
[2018.03.13-22.33.27:790][  0]LogMemory: Memory total: Physical=8.0GB (8GB approx)
[2018.03.13-22.33.27:790][  0]LogMemory: Platform Memory Stats for Windows
[2018.03.13-22.33.27:790][  0]LogMemory: Process Physical Memory: 272.44 MB used, 272.44 MB peak
[2018.03.13-22.33.27:790][  0]LogMemory: Process Virtual Memory: 269.50 MB used, 269.50 MB peak
[2018.03.13-22.33.27:790][  0]LogMemory: Physical Memory: 3980.82 MB used,  4177.73 MB free, 8158.56 MB total
[2018.03.13-22.33.27:790][  0]LogMemory: Virtual Memory: 642.18 MB used,  4177.73 MB free, 134217728.00 MB total
[2018.03.13-22.33.30:667][  0]LogInit: Using OS detected language (en-US).
[2018.03.13-22.33.30:667][  0]LogInit: Using OS detected locale (en-US).
[2018.03.13-22.33.30:841][  0]LogTextLocalizationManager: No specific localization for 'en-US' exists, so the 'en' localization will be used.
[2018.03.13-22.33.33:270][  0]LogInit: Setting process to per monitor DPI aware
[2018.03.13-22.33.41:664][  0]LogD3D11RHI: D3D11 adapters:
[2018.03.13-22.33.41:751][  0]LogD3D11RHI:    0. 'Radeon(TM) RX 460 Graphics' (Feature Level 11_0)
[2018.03.13-22.33.41:751][  0]LogD3D11RHI:       1993/0/4079 MB DedicatedVideo/DedicatedSystem/SharedSystem, Outputs:2, VendorId:0x1002
[2018.03.13-22.33.41:753][  0]LogD3D11RHI:    1. 'Microsoft Basic Render Driver' (Feature Level 11_0)
[2018.03.13-22.33.41:753][  0]LogD3D11RHI:       0/0/4079 MB DedicatedVideo/DedicatedSystem/SharedSystem, Outputs:0, VendorId:0x1414
[2018.03.13-22.33.41:753][  0]LogD3D11RHI: Chosen D3D11 Adapter: 0
[2018.03.13-22.33.41:785][  0]LogD3D11RHI: Creating new Direct3DDevice
[2018.03.13-22.33.41:785][  0]LogD3D11RHI:     GPU DeviceId: 0x67ef (for the marketing name, search the web for "GPU Device Id")
[2018.03.13-22.33.41:785][  0]LogWindows: EnumDisplayDevices:
[2018.03.13-22.33.41:785][  0]LogWindows:    0. 'Radeon(TM) RX 460 Graphics' (P:1 D:1)
[2018.03.13-22.33.41:797][  0]LogWindows:    1. 'Radeon(TM) RX 460 Graphics' (P:0 D:1)
[2018.03.13-22.33.41:797][  0]LogWindows:    2. 'Radeon(TM) RX 460 Graphics' (P:0 D:0)
[2018.03.13-22.33.41:798][  0]LogWindows:    3. 'Radeon(TM) RX 460 Graphics' (P:0 D:0)
[2018.03.13-22.33.41:798][  0]LogWindows:    4. 'Radeon(TM) RX 460 Graphics' (P:0 D:0)
[2018.03.13-22.33.41:798][  0]LogWindows:    5. 'Radeon(TM) RX 460 Graphics' (P:0 D:0)
[2018.03.13-22.33.41:798][  0]LogWindows:    6. 'Radeon(TM) RX 460 Graphics' (P:0 D:0)
[2018.03.13-22.33.41:799][  0]LogWindows:    7. 'Radeon(TM) RX 460 Graphics' (P:0 D:0)
[2018.03.13-22.33.41:799][  0]LogWindows:    8. 'Radeon(TM) RX 460 Graphics' (P:0 D:0)
[2018.03.13-22.33.41:799][  0]LogWindows:    9. 'Radeon(TM) RX 460 Graphics' (P:0 D:0)
[2018.03.13-22.33.41:800][  0]LogWindows:    10. 'Radeon(TM) RX 460 Graphics' (P:0 D:0)
[2018.03.13-22.33.41:800][  0]LogWindows:    11. 'Radeon(TM) RX 460 Graphics' (P:0 D:0)
[2018.03.13-22.33.41:800][  0]LogWindows:    12. 'Radeon(TM) RX 460 Graphics' (P:0 D:0)
[2018.03.13-22.33.41:800][  0]LogWindows:    13. 'Radeon(TM) RX 460 Graphics' (P:0 D:0)
[2018.03.13-22.33.41:801][  0]LogWindows:    14. 'Radeon(TM) RX 460 Graphics' (P:0 D:0)
[2018.03.13-22.33.41:801][  0]LogWindows:    15. 'Radeon(TM) RX 460 Graphics' (P:0 D:0)
[2018.03.13-22.33.41:801][  0]LogWindows: DebugString: FoundDriverCount:16 
[2018.03.13-22.33.41:801][  0]LogD3D11RHI:     Adapter Name: Radeon(TM) RX 460 Graphics
[2018.03.13-22.33.41:801][  0]LogD3D11RHI:   Driver Version: Crimson ReLive 17.11.1 (internal:23.20.788.0, unified:23.20.788.0)
[2018.03.13-22.33.41:801][  0]LogD3D11RHI:      Driver Date: 11-2-2017
[2018.03.13-22.33.41:801][  0]LogRHI: Texture pool is 1395 MB (70% of 1993 MB)
[2018.03.13-22.33.42:604][  0]LogD3D11RHI: Async texture creation enabled
[2018.03.13-22.33.42:978][  0]LogD3D11RHI: GPU Timing Frequency: 25.000000 (Debug: 2 1)
[2018.03.13-22.33.43:145][  0]LogShaderCompilers: Guid format shader working directory is 6 characters bigger than the processId version (../../../../../../UnrealSandboxGame/USG/Intermediate/Shaders/WorkingDirectory/15804/).
[2018.03.13-22.33.43:145][  0]LogShaderCompilers: Cleaned the shader compiler working directory 'C:/Users/franc/AppData/Local/Temp/UnrealShaderWorkingDir/B4C033884A7E02DFEDB15F8333F381C9/'.
[2018.03.13-22.33.43:168][  0]LogShaderCompilers: Display: Using Local Shader Compiler.
[2018.03.13-22.34.03:765][  0]LogTemp: Display: Loaded TP AllDesktopTargetPlatform
[2018.03.13-22.34.03:834][  0]LogTemp: Display: Loaded TP MacClientTargetPlatform
[2018.03.13-22.34.03:903][  0]LogTemp: Display: Loaded TP MacNoEditorTargetPlatform
[2018.03.13-22.34.03:973][  0]LogTemp: Display: Loaded TP MacServerTargetPlatform
[2018.03.13-22.34.04:065][  0]LogTemp: Display: Loaded TP MacTargetPlatform
[2018.03.13-22.34.04:134][  0]LogTemp: Display: Loaded TP WindowsClientTargetPlatform
[2018.03.13-22.34.04:205][  0]LogTemp: Display: Loaded TP WindowsNoEditorTargetPlatform
[2018.03.13-22.34.04:277][  0]LogTemp: Display: Loaded TP WindowsServerTargetPlatform
[2018.03.13-22.34.04:348][  0]LogTemp: Display: Loaded TP WindowsTargetPlatform
[2018.03.13-22.34.04:416][  0]LogTemp: Display: Loaded TP Android_ASTCTargetPlatform
[2018.03.13-22.34.04:483][  0]LogTemp: Display: Loaded TP Android_ATCTargetPlatform
[2018.03.13-22.34.04:552][  0]LogTemp: Display: Loaded TP Android_DXTTargetPlatform
[2018.03.13-22.34.04:623][  0]LogTemp: Display: Loaded TP Android_ETC1TargetPlatform
[2018.03.13-22.34.04:695][  0]LogTemp: Display: Loaded TP Android_ETC2TargetPlatform
[2018.03.13-22.34.04:832][  0]LogTemp: Display: Loaded TP Android_MultiTargetPlatform
[2018.03.13-22.34.04:832][  0]LogTemp: Display: Loaded TP Android_PVRTCTargetPlatform
[2018.03.13-22.34.04:933][  0]LogTemp: Display: Loaded TP AndroidTargetPlatform
[2018.03.13-22.34.04:988][  0]LogTemp: Display: Loaded TP HTML5TargetPlatform
[2018.03.13-22.34.05:485][  0]LogTemp: Display: Loaded TP IOSTargetPlatform
[2018.03.13-22.34.05:536][  0]LogTemp: Display: Loaded TP TVOSTargetPlatform
[2018.03.13-22.34.05:605][  0]LogTemp: Display: Loaded TP LinuxClientTargetPlatform
[2018.03.13-22.34.05:676][  0]LogTemp: Display: Loaded TP LinuxNoEditorTargetPlatform
[2018.03.13-22.34.05:746][  0]LogTemp: Display: Loaded TP LinuxServerTargetPlatform
[2018.03.13-22.34.05:846][  0]LogTemp: Display: Loaded TP LinuxTargetPlatform
[2018.03.13-22.34.05:846][  0]LogTargetPlatformManager: Display: Building Assets For Windows
[2018.03.13-22.34.08:734][  0]LogDerivedDataCache: Display: Max Cache Size: 512 MB
[2018.03.13-22.34.37:146][  0]LogDerivedDataCache: Loaded boot cache 28.39s 78MB C:/Users/franc/AppData/Local/UnrealEngine/4.18/DerivedDataCache/Boot.ddc.
[2018.03.13-22.34.37:147][  0]LogDerivedDataCache: Display: Loaded Boot cache: C:/Users/franc/AppData/Local/UnrealEngine/4.18/DerivedDataCache/Boot.ddc
[2018.03.13-22.34.37:147][  0]LogDerivedDataCache: FDerivedDataBackendGraph:  Pak pak cache file ../../../../../../UnrealSandboxGame/USG/DerivedDataCache/DDC.ddp not found, will not use a pak cache.
[2018.03.13-22.34.37:147][  0]LogDerivedDataCache: Unable to find inner node Pak for hierarchical cache Hierarchy.
[2018.03.13-22.34.37:147][  0]LogDerivedDataCache: FDerivedDataBackendGraph:  CompressedPak pak cache file ../../../../../../UnrealSandboxGame/USG/DerivedDataCache/Compressed.ddp not found, will not use a pak cache.
[2018.03.13-22.34.37:147][  0]LogDerivedDataCache: Unable to find inner node CompressedPak for hierarchical cache Hierarchy.
[2018.03.13-22.34.37:310][  0]LogDerivedDataCache: Display: Pak cache opened for reading ../../../Engine/DerivedDataCache/Compressed.ddp.
[2018.03.13-22.34.37:353][  0]LogDerivedDataCache: Using Local data cache path C:/Users/franc/AppData/Local/UnrealEngine/Common/DerivedDataCache: Writable
[2018.03.13-22.34.37:502][  0]LogMaterial: Verifying Global Shaders for PCD3D_SM5
[2018.03.13-22.34.37:638][  0]LogSlate: Using Freetype 2.6.0
[2018.03.13-22.34.37:739][  0]LogSlate: SlateFontCache - WITH_FREETYPE: 1, WITH_HARFBUZZ: 1
[2018.03.13-22.34.37:746][  0]LogSlate: SlateFontCache - WITH_FREETYPE: 1, WITH_HARFBUZZ: 1
[2018.03.13-22.34.56:946][  0]LogInit: Selected Device Profile: [Windows]
[2018.03.13-22.34.59:580][  0]LogSimplygon: Simplygon DLL not present - disabling.
[2018.03.13-22.34.59:667][  0]LogMeshReduction: Using SimplygonSwarm for distributed automatic mesh merging
[2018.03.13-22.34.59:667][  0]LogMeshReduction: Using QuadricMeshReduction for automatic static mesh reduction
[2018.03.13-22.34.59:667][  0]LogMeshReduction: No automatic skeletal mesh reduction module available
[2018.03.13-22.34.59:667][  0]LogMeshReduction: No automatic mesh merging module available
[2018.03.13-22.34.59:667][  0]LogMeshMerging: No automatic mesh merging module available
[2018.03.13-22.35.00:342][  0]LogNetVersion: USG , NetCL: 3709383, EngineNetVer: 2, GameNetVer: 0 (Checksum: 3135608703)
[2018.03.13-22.35.02:646][  0]LogAssetRegistry: FAssetRegistry took 0.0518 seconds to start up
[2018.03.13-22.35.10:522][  0]LogPackageLocalizationCache: Processed 8 localized package path(s) for 2 prioritized culture(s) in 0.179504 seconds
[2018.03.13-22.35.10:569][  0]LogUObjectArray: 35900 objects as part of root set at end of initial load.
[2018.03.13-22.35.10:570][  0]LogUObjectAllocator: 7372016 out of 0 bytes used by permanent object pool.
[2018.03.13-22.35.10:570][  0]LogUObjectArray: CloseDisregardForGC: 0/0 objects in disregard for GC pool
[2018.03.13-22.35.10:717][  0]LogInit: WinSock: version 1.1 (2.2), MaxSocks=32767, MaxUdp=65467
[2018.03.13-22.35.37:338][  0]LogWmfMedia: Failed to load mf.dll
[2018.03.13-22.35.37:338][  0]LogWmfMedia: Failed to load required Windows Media Foundation libraries
[2018.03.13-22.35.37:453][  0]LogWindowsMoviePlayer: Could not load mf.dll. Library not found.
[2018.03.13-22.35.37:454][  0]LogWindowsMoviePlayer: Could not load mfplat.dll. Library not found.
[2018.03.13-22.35.37:454][  0]LogWindowsMoviePlayer: Could not load mfplay.dll. Library not found.
[2018.03.13-22.35.39:820][  0]LogTcpMessaging: Initializing TcpMessaging bridge
[2018.03.13-22.35.39:903][  0]LogUdpMessaging: Initializing bridge on interface 0.0.0.0:0 to multicast group 230.0.0.1:6666.
[2018.03.13-22.35.42:891][  0]LogMaterial: Uniform references updated for custom material expression Custom.
[2018.03.13-22.35.44:428][  0]SourceControl: Source control is disabled
[2018.03.13-22.35.44:479][  0]SourceControl: Source control is disabled
[2018.03.13-22.35.44:712][  0]SourceControl: Source control is disabled
[2018.03.13-22.35.44:881][  0]SourceControl: Source control is disabled
[2018.03.13-22.35.47:887][  0]LogAndroidPermission: UAndroidPermissionCallbackProxy::GetInstance
[2018.03.13-22.35.48:419][  0]LogOcInput: OculusInput pre-init called
[2018.03.13-22.35.50:095][  0]LogEngine: Initializing Engine...
[2018.03.13-22.35.50:296][  0]LogHMD: Failed to initialize OpenVR with code 101
[2018.03.13-22.35.51:636][  0]LogStats: UGameplayTagsManager::ConstructGameplayTagTree: Construct from data asset -  0.000 s
[2018.03.13-22.35.51:637][  0]LogStats: UGameplayTagsManager::ConstructGameplayTagTree: GameplayTagTreeChangedEvent.Broadcast -  0.000 s
[2018.03.13-22.35.52:512][  0]LogAIModule: Creating AISystem for world Untitled
[2018.03.13-22.35.53:217][  0]LogInit: XAudio2 using 'Headphones (TaoTronics TT-BH21 Stereo)' : 2 channels at 44.1 kHz using 16 bits per sample (channel mask 0x3)
[2018.03.13-22.35.53:392][  0]LogInit: FAudioDevice initialized.
[2018.03.13-22.35.53:839][  0]LogDerivedDataCache: Saved boot cache 0.41s 78MB C:/Users/franc/AppData/Local/UnrealEngine/4.18/DerivedDataCache/Boot.ddc.
[2018.03.13-22.35.53:871][  0]LogInit: Texture streaming: Enabled
[2018.03.13-22.35.54:216][  0]LogEngineSessionManager: EngineSessionManager initialized
[2018.03.13-22.35.54:751][  0]LogInit: Transaction tracking system initialized
[2018.03.13-22.35.55:834][  0]BlueprintLog: New page: Editor Load
[2018.03.13-22.35.59:879][  0]LocalizationService: Localization service is disabled
[2018.03.13-22.36.03:197][  0]LogConsoleResponse: Display: 
[2018.03.13-22.36.07:230][  0]LogFileCache: Scanning file cache for directory 'D:/UnrealSandboxGame/USG/Content/' took 0.03s
[2018.03.13-22.36.07:230][  0]LogCook: Display: Max memory allowance for cook 16384mb min free memory 0mb
[2018.03.13-22.36.07:230][  0]LogCook: Display: Mobile HDR setting 1
[2018.03.13-22.36.07:243][  0]LogGameplayTags: Display: UGameplayTagsManager::DoneAddingNativeTags. DelegateIsBound: 0
[2018.03.13-22.36.10:673][  0]SourceControl: Source control is disabled
[2018.03.13-22.36.10:735][  0]Cmd: MAP LOAD FILE="../../../../../../UnrealSandboxGame/USG/Content/ThirdPersonBP/Maps/ThirdPersonExampleMap.umap" TEMPLATE=0 SHOWPROGRESS=1 FEATURELEVEL=3
[2018.03.13-22.36.10:763][  0]LightingResults: New page: Lighting Build
[2018.03.13-22.36.11:113][  0]MapCheck: New page: Map Check
[2018.03.13-22.36.11:113][  0]LightingResults: New page: Lighting Build
[2018.03.13-22.36.14:459][  0]LogLinker: Warning: Asset '../../../Engine/Plugins/Marketplace/LowEntryExtStdLib/Content/Blueprints/LowEntryExtendedStandardLibraryMacros.uasset' has been saved with empty engine version. The asset will be loaded but may be incompatible.
[2018.03.13-22.36.17:804][  0]LogAIModule: Creating AISystem for world ThirdPersonExampleMap
[2018.03.13-22.36.18:976][  0]LogEditorServer: Finished looking for orphan Actors (0.000 secs)
[2018.03.13-22.36.19:187][  0]Cmd: MAP CHECKDEP NOCLEARLOG
[2018.03.13-22.36.19:294][  0]MapCheck: Map check complete: 0 Error(s), 0 Warning(s), took 107.315ms to complete.
[2018.03.13-22.36.19:296][  0]LogFileHelpers: Loading map 'ThirdPersonExampleMap' took 8.586
[2018.03.13-22.36.21:180][  0]LogCollectionManager: Loaded 0 collections in 0.002758 seconds
[2018.03.13-22.36.21:543][  0]LogFileCache: Scanning file cache for directory 'D:/UnrealSandboxGame/USG/Saved/Collections/' took 0.01s
[2018.03.13-22.36.21:543][  0]LogFileCache: Scanning file cache for directory 'D:/UnrealSandboxGame/USG/Content/Developers/franc/Collections/' took 0.01s
[2018.03.13-22.36.21:543][  0]LogFileCache: Scanning file cache for directory 'D:/UnrealSandboxGame/USG/Content/Collections/' took 0.01s
[2018.03.13-22.36.21:543][  0]LogCollectionManager: Rebuilt the GUID cache for 0 collections in 0.000000 seconds
[2018.03.13-22.36.21:586][  0]LogContentBrowser: Native class hierarchy populated in 0.0162 seconds. Added 2388 classes and 528 folders.
[2018.03.13-22.36.21:823][  0]LogContentBrowser: Native class hierarchy updated for 'WidgetCarousel' in 0.0003 seconds. Added 0 classes and 0 folders.
[2018.03.13-22.36.23:771][  0]LogContentBrowser: Native class hierarchy updated for 'AddContentDialog' in 0.0003 seconds. Added 0 classes and 0 folders.
[2018.03.13-22.36.23:893][  0]LogContentBrowser: Native class hierarchy updated for 'SceneOutliner' in 0.0004 seconds. Added 1 classes and 2 folders.
[2018.03.13-22.36.24:685][  0]LogSlate: Took 0.023893 seconds to synchronously load lazily loaded font '../../../Engine/Content/Slate/Fonts/Roboto-Regular.ttf' (155K)
[2018.03.13-22.36.24:727][  0]LogSlate: Took 0.017673 seconds to synchronously load lazily loaded font '../../../Engine/Content/Slate/Fonts/Roboto-Bold.ttf' (160K)
[2018.03.13-22.36.24:794][  0]LogSlate: Took 0.017453 seconds to synchronously load lazily loaded font '../../../Engine/Content/Editor/Slate/Fonts/FontAwesome.ttf' (139K)
[2018.03.13-22.36.25:483][  0]LogRenderer: Reallocating scene render targets to support 920x472 Format 10 NumSamples 1 (Frame:1).
[2018.03.13-22.36.26:464][  0]LogContentBrowser: Native class hierarchy updated for 'HierarchicalLODOutliner' in 0.0003 seconds. Added 1 classes and 2 folders.
[2018.03.13-22.36.26:464][  0]LogLoad: (Engine Initialization) Total time: 198.95 seconds
[2018.03.13-22.36.26:464][  0]LogLoad: (Engine Initialization) Total Blueprint compile time: 0.00 seconds
[2018.03.13-22.36.26:479][  0]LogExternalProfiler: No external profilers were discovered.  External profiling features will not be available.
[2018.03.13-22.36.27:089][  0]LogContentStreaming: Texture pool size now 1000 MB
[2018.03.13-22.36.27:453][  1]LogSlate: Took 0.037889 seconds to synchronously load lazily loaded font '../../../Engine/Content/Slate/Fonts/Roboto-Light.ttf' (159K)
[2018.03.13-22.36.27:975][  3]LogAssetRegistry: Asset discovery search completed in 85.3645 seconds
[2018.03.13-22.36.27:977][  3]LogCollectionManager: Rebuilt the object cache for 0 collections in 0.000000 seconds (found 0 objects)
[2018.03.13-22.36.27:977][  3]LogCollectionManager: Fixed up redirectors for 0 collections in 0.000067 seconds (updated 0 objects)
[2018.03.13-22.42.57:008][815]LogSlate: Took 0.000230 seconds to synchronously load lazily loaded font '../../../Engine/Content/Slate/Fonts/Roboto-Light.ttf' (159K)
[2018.03.13-22.42.57:812][815]LogSlate: Took 0.000233 seconds to synchronously load lazily loaded font '../../../Engine/Content/Slate/Fonts/Roboto-Regular.ttf' (155K)
[2018.03.13-22.42.58:627][815]LogContentBrowser: Native class hierarchy updated for 'BlueprintGraph' in 0.0109 seconds. Added 116 classes and 0 folders.
[2018.03.13-22.43.01:924][815]LogSlate: Took 0.020612 seconds to synchronously load lazily loaded font '../../../Engine/Content/Editor/Slate/Fonts/Roboto-BoldCondensed.ttf' (158K)
[2018.03.13-22.43.03:259][816]LogSlate: Took 0.042156 seconds to synchronously load lazily loaded font '../../../Engine/Content/Editor/Slate/Fonts/Roboto-Italic.ttf' (157K)
[2018.03.13-22.46.46:833][866]LogSlate: Took 0.000283 seconds to synchronously load lazily loaded font '../../../Engine/Content/Slate/Fonts/Roboto-Light.ttf' (159K)
[2018.03.13-22.46.55:880][483]LogFileHelpers: Editor autosave (incl. sublevels) for '/Game/ThirdPersonBP/Maps/ThirdPersonExampleMap' took 0.048
[2018.03.13-22.46.55:932][483]OBJ SavePackage: Generating thumbnails for [0] asset(s) in package [/Game/Items/Computers/Computer] ([1] browsable assets)...
[2018.03.13-22.46.55:938][483]OBJ SavePackage: Finished generating thumbnails for package [/Game/Items/Computers/Computer]
[2018.03.13-22.46.55:938][483]Cmd: OBJ SAVEPACKAGE PACKAGE="/Game/Items/Computers/Computer" FILE="../../../../../../UnrealSandboxGame/USG/Saved/Autosaves/Game/Items/Computers/Computer_Auto1.uasset" SILENT=false AUTOSAVING=true
[2018.03.13-22.46.56:532][483]LogSavePackage: Save=421.39ms
[2018.03.13-22.46.56:532][483]LogSavePackage: Moving '../../../../../../UnrealSandboxGame/USG/Saved/Computer_Auto1F702FD3A4338AE036DAA5F80527B5382.tmp' to '../../../../../../UnrealSandboxGame/USG/Saved/Autosaves/Game/Items/Computers/Computer_Auto1.uasset'
[2018.03.13-22.46.56:599][483]LogSavePackage: Display: Finished SavePackage ../../../../../../UnrealSandboxGame/USG/Saved/Autosaves/Game/Items/Computers/Computer_Auto1.uasset
[2018.03.13-22.46.56:599][483]LogFileHelpers: Auto-saving content packages took 0.717
[2018.03.13-22.54.26:754][453]LogSlate: Took 0.015782 seconds to synchronously load lazily loaded font '../../../Engine/Content/Editor/Slate/Fonts/Roboto-BoldCondensedItalic.ttf' (160K)
[2018.03.13-22.54.46:202][783]LogEditorTransaction: Undo Change Parameter Type
[2018.03.13-22.57.36:453][218]LogFileHelpers: Editor autosave (incl. sublevels) for '/Game/ThirdPersonBP/Maps/ThirdPersonExampleMap' took 0.034
[2018.03.13-22.57.36:455][218]OBJ SavePackage: Generating thumbnails for [0] asset(s) in package [/Game/Items/Computers/Computer] ([1] browsable assets)...
[2018.03.13-22.57.36:455][218]OBJ SavePackage: Finished generating thumbnails for package [/Game/Items/Computers/Computer]
[2018.03.13-22.57.36:455][218]Cmd: OBJ SAVEPACKAGE PACKAGE="/Game/Items/Computers/Computer" FILE="../../../../../../UnrealSandboxGame/USG/Saved/Autosaves/Game/Items/Computers/Computer_Auto2.uasset" SILENT=false AUTOSAVING=true
[2018.03.13-22.57.36:817][218]LogSavePackage: Save=342.59ms
[2018.03.13-22.57.36:817][218]LogSavePackage: Moving '../../../../../../UnrealSandboxGame/USG/Saved/Computer_Auto284976994467C6BE45FB1328920D963FA.tmp' to '../../../../../../UnrealSandboxGame/USG/Saved/Autosaves/Game/Items/Computers/Computer_Auto2.uasset'
[2018.03.13-22.57.36:818][218]LogSavePackage: Display: Finished SavePackage ../../../../../../UnrealSandboxGame/USG/Saved/Autosaves/Game/Items/Computers/Computer_Auto2.uasset
[2018.03.13-22.57.36:818][218]LogFileHelpers: Auto-saving content packages took 0.364
[2018.03.13-23.12.51:115][430]Cmd: OBJ SAVEPACKAGE PACKAGE="/Game/Items/Computers/Computer" FILE="../../../../../../UnrealSandboxGame/USG/Content/Items/Computers/Computer.uasset" SILENT=true
[2018.03.13-23.12.51:492][430]LogSavePackage: Save=361.63ms
[2018.03.13-23.12.51:492][430]LogSavePackage: Moving '../../../../../../UnrealSandboxGame/USG/Saved/Computer5FDF429F494853896EF332BB15E3BAE1.tmp' to '../../../../../../UnrealSandboxGame/USG/Content/Items/Computers/Computer.uasset'
[2018.03.13-23.12.51:511][430]LogSavePackage: Display: Finished SavePackage ../../../../../../UnrealSandboxGame/USG/Content/Items/Computers/Computer.uasset
[2018.03.13-23.12.51:948][466]BlueprintLog: New page: Compile Computer
[2018.03.13-23.14.10:489][749]LogFileHelpers: Editor autosave (incl. sublevels) for '/Game/ThirdPersonBP/Maps/ThirdPersonExampleMap' took 0.034
[2018.03.13-23.14.10:491][749]OBJ SavePackage: Generating thumbnails for [0] asset(s) in package [/Game/Items/Computers/Computer] ([1] browsable assets)...
[2018.03.13-23.14.10:491][749]OBJ SavePackage: Finished generating thumbnails for package [/Game/Items/Computers/Computer]
[2018.03.13-23.14.10:491][749]Cmd: OBJ SAVEPACKAGE PACKAGE="/Game/Items/Computers/Computer" FILE="../../../../../../UnrealSandboxGame/USG/Saved/Autosaves/Game/Items/Computers/Computer_Auto3.uasset" SILENT=false AUTOSAVING=true
[2018.03.13-23.14.10:879][749]LogSavePackage: Save=381.80ms
[2018.03.13-23.14.10:879][749]LogSavePackage: Moving '../../../../../../UnrealSandboxGame/USG/Saved/Computer_Auto34038CF084ECB7694BC44C5BCE3FE251C.tmp' to '../../../../../../UnrealSandboxGame/USG/Saved/Autosaves/Game/Items/Computers/Computer_Auto3.uasset'
[2018.03.13-23.14.10:891][749]LogSavePackage: Display: Finished SavePackage ../../../../../../UnrealSandboxGame/USG/Saved/Autosaves/Game/Items/Computers/Computer_Auto3.uasset
[2018.03.13-23.14.10:891][749]LogFileHelpers: Auto-saving content packages took 0.401
[2018.03.13-23.27.29:295][ 27]LogFileHelpers: Editor autosave (incl. sublevels) for '/Game/ThirdPersonBP/Maps/ThirdPersonExampleMap' took 0.036
[2018.03.13-23.27.29:297][ 27]OBJ SavePackage: Generating thumbnails for [0] asset(s) in package [/Game/Items/Computers/Computer] ([1] browsable assets)...
[2018.03.13-23.27.29:297][ 27]OBJ SavePackage: Finished generating thumbnails for package [/Game/Items/Computers/Computer]
[2018.03.13-23.27.29:298][ 27]Cmd: OBJ SAVEPACKAGE PACKAGE="/Game/Items/Computers/Computer" FILE="../../../../../../UnrealSandboxGame/USG/Saved/Autosaves/Game/Items/Computers/Computer_Auto4.uasset" SILENT=false AUTOSAVING=true
[2018.03.13-23.27.29:725][ 27]LogSavePackage: Save=392.15ms
[2018.03.13-23.27.29:725][ 27]LogSavePackage: Moving '../../../../../../UnrealSandboxGame/USG/Saved/Computer_Auto498D42F5549D3E22EE8DBCA8A52A3E8F6.tmp' to '../../../../../../UnrealSandboxGame/USG/Saved/Autosaves/Game/Items/Computers/Computer_Auto4.uasset'
[2018.03.13-23.27.29:727][ 27]LogSavePackage: Display: Finished SavePackage ../../../../../../UnrealSandboxGame/USG/Saved/Autosaves/Game/Items/Computers/Computer_Auto4.uasset
[2018.03.13-23.27.29:727][ 27]LogFileHelpers: Auto-saving content packages took 0.430
[2018.03.13-23.29.01:401][340]LogEditorTransaction: Undo Move Node
[2018.03.13-23.29.02:130][379]LogEditorTransaction: Undo Create Reroute Node
[2018.03.13-23.29.37:794][ 25]LogEditorTransaction: Undo Move Node
[2018.03.13-23.37.51:318][724]LogFileHelpers: Editor autosave (incl. sublevels) for '/Game/ThirdPersonBP/Maps/ThirdPersonExampleMap' took 0.032
[2018.03.13-23.37.51:320][724]OBJ SavePackage: Generating thumbnails for [0] asset(s) in package [/Game/Items/Computers/Computer] ([1] browsable assets)...
[2018.03.13-23.37.51:320][724]OBJ SavePackage: Finished generating thumbnails for package [/Game/Items/Computers/Computer]
[2018.03.13-23.37.51:320][724]Cmd: OBJ SAVEPACKAGE PACKAGE="/Game/Items/Computers/Computer" FILE="../../../../../../UnrealSandboxGame/USG/Saved/Autosaves/Game/Items/Computers/Computer_Auto5.uasset" SILENT=false AUTOSAVING=true
[2018.03.13-23.37.51:800][724]LogSavePackage: Save=419.19ms
[2018.03.13-23.37.51:800][724]LogSavePackage: Moving '../../../../../../UnrealSandboxGame/USG/Saved/Computer_Auto5ADB07A4E4930EFAAA6D7B19C45257151.tmp' to '../../../../../../UnrealSandboxGame/USG/Saved/Autosaves/Game/Items/Computers/Computer_Auto5.uasset'
[2018.03.13-23.37.51:813][724]LogSavePackage: Display: Finished SavePackage ../../../../../../UnrealSandboxGame/USG/Saved/Autosaves/Game/Items/Computers/Computer_Auto5.uasset
[2018.03.13-23.37.51:813][724]LogFileHelpers: Auto-saving content packages took 0.494
[2018.03.14-00.09.25:652][301]Cmd: OBJ SAVEPACKAGE PACKAGE="/Game/Items/Computers/ParenthesisOrder" FILE="../../../../../../UnrealSandboxGame/USG/Content/Items/Computers/ParenthesisOrder.uasset" SILENT=true
[2018.03.14-00.09.25:670][301]LogSavePackage: Save=14.59ms
[2018.03.14-00.09.25:670][301]LogSavePackage: Moving '../../../../../../UnrealSandboxGame/USG/Saved/ParenthesisOrder28CB52354953D6CFC3B31BB8B4D1862A.tmp' to '../../../../../../UnrealSandboxGame/USG/Content/Items/Computers/ParenthesisOrder.uasset'
[2018.03.14-00.09.25:673][301]LogSavePackage: Display: Finished SavePackage ../../../../../../UnrealSandboxGame/USG/Content/Items/Computers/ParenthesisOrder.uasset
[2018.03.14-00.13.20:810][150]BlueprintLog: New page: Compile Computer
[2018.03.14-00.13.24:160][363]Cmd: OBJ SAVEPACKAGE PACKAGE="/Game/Items/Computers/Computer" FILE="../../../../../../UnrealSandboxGame/USG/Content/Items/Computers/Computer.uasset" SILENT=true
[2018.03.14-00.13.24:716][363]LogSavePackage: Save=414.80ms
[2018.03.14-00.13.24:716][363]LogSavePackage: Moving '../../../../../../UnrealSandboxGame/USG/Saved/Computer33D127324EF4B27EC37FD39D39F793DC.tmp' to '../../../../../../UnrealSandboxGame/USG/Content/Items/Computers/Computer.uasset'
[2018.03.14-00.13.24:722][363]LogSavePackage: Display: Finished SavePackage ../../../../../../UnrealSandboxGame/USG/Content/Items/Computers/Computer.uasset
[2018.03.14-00.20.12:743][385]LogFileHelpers: Editor autosave (incl. sublevels) for '/Game/ThirdPersonBP/Maps/ThirdPersonExampleMap' took 0.040
[2018.03.14-00.20.12:745][385]OBJ SavePackage: Generating thumbnails for [0] asset(s) in package [/Game/Items/Computers/Computer] ([1] browsable assets)...
[2018.03.14-00.20.12:745][385]OBJ SavePackage: Finished generating thumbnails for package [/Game/Items/Computers/Computer]
[2018.03.14-00.20.12:745][385]Cmd: OBJ SAVEPACKAGE PACKAGE="/Game/Items/Computers/Computer" FILE="../../../../../../UnrealSandboxGame/USG/Saved/Autosaves/Game/Items/Computers/Computer_Auto6.uasset" SILENT=false AUTOSAVING=true
[2018.03.14-00.20.13:303][385]LogSavePackage: Save=535.88ms
[2018.03.14-00.20.13:304][385]LogSavePackage: Moving '../../../../../../UnrealSandboxGame/USG/Saved/Computer_Auto66EAD1A3443E56C6D3579C588808971F9.tmp' to '../../../../../../UnrealSandboxGame/USG/Saved/Autosaves/Game/Items/Computers/Computer_Auto6.uasset'
[2018.03.14-00.20.13:305][385]LogSavePackage: Display: Finished SavePackage ../../../../../../UnrealSandboxGame/USG/Saved/Autosaves/Game/Items/Computers/Computer_Auto6.uasset
[2018.03.14-00.20.13:305][385]LogFileHelpers: Auto-saving content packages took 0.562
[2018.03.14-00.35.37:220][149]LogFileHelpers: Editor autosave (incl. sublevels) for '/Game/ThirdPersonBP/Maps/ThirdPersonExampleMap' took 0.044
[2018.03.14-00.35.37:223][149]OBJ SavePackage: Generating thumbnails for [0] asset(s) in package [/Game/Items/Computers/Computer] ([1] browsable assets)...
[2018.03.14-00.35.37:223][149]OBJ SavePackage: Finished generating thumbnails for package [/Game/Items/Computers/Computer]
[2018.03.14-00.35.37:223][149]Cmd: OBJ SAVEPACKAGE PACKAGE="/Game/Items/Computers/Computer" FILE="../../../../../../UnrealSandboxGame/USG/Saved/Autosaves/Game/Items/Computers/Computer_Auto7.uasset" SILENT=false AUTOSAVING=true
[2018.03.14-00.35.37:705][149]LogSavePackage: Save=468.29ms
[2018.03.14-00.35.37:705][149]LogSavePackage: Moving '../../../../../../UnrealSandboxGame/USG/Saved/Computer_Auto7D7FB00654D2BEEBA4330798F979602E8.tmp' to '../../../../../../UnrealSandboxGame/USG/Saved/Autosaves/Game/Items/Computers/Computer_Auto7.uasset'
[2018.03.14-00.35.37:726][149]LogSavePackage: Display: Finished SavePackage ../../../../../../UnrealSandboxGame/USG/Saved/Autosaves/Game/Items/Computers/Computer_Auto7.uasset
[2018.03.14-00.35.37:726][149]LogFileHelpers: Auto-saving content packages took 0.504
[2018.03.14-00.37.16:340][610]LogEditorTransaction: Undo Create Pin Link
[2018.03.14-00.41.06:059][527]Cmd: OBJ SAVEPACKAGE PACKAGE="/Game/Items/Computers/Computer" FILE="../../../../../../UnrealSandboxGame/USG/Content/Items/Computers/Computer.uasset" SILENT=true
[2018.03.14-00.41.06:588][527]LogSavePackage: Save=502.12ms
[2018.03.14-00.41.06:588][527]LogSavePackage: Moving '../../../../../../UnrealSandboxGame/USG/Saved/ComputerEB1735C24945E8256EDF6DB8E989F354.tmp' to '../../../../../../UnrealSandboxGame/USG/Content/Items/Computers/Computer.uasset'
[2018.03.14-00.41.06:591][527]LogSavePackage: Display: Finished SavePackage ../../../../../../UnrealSandboxGame/USG/Content/Items/Computers/Computer.uasset
[2018.03.14-00.41.06:987][551]BlueprintLog: New page: Compile Computer
[2018.03.14-00.43.16:355][752]Cmd: OBJ SAVEPACKAGE PACKAGE="/Game/Items/Computers/Computer" FILE="../../../../../../UnrealSandboxGame/USG/Content/Items/Computers/Computer.uasset" SILENT=true
[2018.03.14-00.43.16:851][752]LogSavePackage: Save=489.43ms
[2018.03.14-00.43.16:851][752]LogSavePackage: Moving '../../../../../../UnrealSandboxGame/USG/Saved/Computer071F5EBA450D497B544807946DBDEF56.tmp' to '../../../../../../UnrealSandboxGame/USG/Content/Items/Computers/Computer.uasset'
[2018.03.14-00.43.16:853][752]LogSavePackage: Display: Finished SavePackage ../../../../../../UnrealSandboxGame/USG/Content/Items/Computers/Computer.uasset
[2018.03.14-00.43.17:264][783]BlueprintLog: New page: Compile Computer
[2018.03.14-00.43.23:748][221]LogMetaData: Removing '/Game/Items/Computers/ParenthesesOrder.ParenthesesOrder' ref from Metadata '/Game/Items/Computers/ParenthesisOrder.PackageMetaData'
[2018.03.14-00.43.23:748][221]LogMetaData: Removing '/Game/Items/Computers/ParenthesesOrder.ParenthesesOrder:Contents_4_CD53EDD64D0370F2B435078BCC369928' ref from Metadata '/Game/Items/Computers/ParenthesisOrder.PackageMetaData'
[2018.03.14-00.43.23:748][221]LogMetaData: Removing '/Game/Items/Computers/ParenthesesOrder.ParenthesesOrder:Index_3_FD58F441459076020416009CEBFE4650' ref from Metadata '/Game/Items/Computers/ParenthesisOrder.PackageMetaData'
[2018.03.14-00.43.23:894][221]Cmd: OBJ SAVEPACKAGE PACKAGE="/Game/Items/Computers/ParenthesesOrder" FILE="../../../../../../UnrealSandboxGame/USG/Content/Items/Computers/ParenthesesOrder.uasset" SILENT=true
[2018.03.14-00.43.23:904][221]LogSavePackage: Save=8.11ms
[2018.03.14-00.43.23:904][221]LogSavePackage: Moving '../../../../../../UnrealSandboxGame/USG/Saved/ParenthesesOrderB1EFE36E4BD30F9115082E9A8DAC548D.tmp' to '../../../../../../UnrealSandboxGame/USG/Content/Items/Computers/ParenthesesOrder.uasset'
[2018.03.14-00.43.23:907][221]LogSavePackage: Display: Finished SavePackage ../../../../../../UnrealSandboxGame/USG/Content/Items/Computers/ParenthesesOrder.uasset
[2018.03.14-00.43.24:392][221]Cmd: OBJ SAVEPACKAGE PACKAGE="/Game/Items/Computers/Computer" FILE="../../../../../../UnrealSandboxGame/USG/Content/Items/Computers/Computer.uasset" SILENT=true
[2018.03.14-00.43.24:884][221]LogSavePackage: Save=486.34ms
[2018.03.14-00.43.24:885][221]LogSavePackage: Moving '../../../../../../UnrealSandboxGame/USG/Saved/Computer87EFC8834529412021ABCB86CA899AFA.tmp' to '../../../../../../UnrealSandboxGame/USG/Content/Items/Computers/Computer.uasset'
[2018.03.14-00.43.24:887][221]LogSavePackage: Display: Finished SavePackage ../../../../../../UnrealSandboxGame/USG/Content/Items/Computers/Computer.uasset
[2018.03.14-00.45.38:281][653]LogFileHelpers: Editor autosave (incl. sublevels) for '/Game/ThirdPersonBP/Maps/ThirdPersonExampleMap' took 0.035
[2018.03.14-00.45.38:283][653]OBJ SavePackage: Generating thumbnails for [0] asset(s) in package [/Game/Items/Computers/Computer] ([1] browsable assets)...
[2018.03.14-00.45.38:284][653]OBJ SavePackage: Finished generating thumbnails for package [/Game/Items/Computers/Computer]
[2018.03.14-00.45.38:284][653]Cmd: OBJ SAVEPACKAGE PACKAGE="/Game/Items/Computers/Computer" FILE="../../../../../../UnrealSandboxGame/USG/Saved/Autosaves/Game/Items/Computers/Computer_Auto8.uasset" SILENT=false AUTOSAVING=true
[2018.03.14-00.45.38:784][653]LogSavePackage: Save=493.58ms
[2018.03.14-00.45.38:784][653]LogSavePackage: Moving '../../../../../../UnrealSandboxGame/USG/Saved/Computer_Auto8CF15FDCB464A934CB91F67B11EF00DAA.tmp' to '../../../../../../UnrealSandboxGame/USG/Saved/Autosaves/Game/Items/Computers/Computer_Auto8.uasset'
[2018.03.14-00.45.38:785][653]LogSavePackage: Display: Finished SavePackage ../../../../../../UnrealSandboxGame/USG/Saved/Autosaves/Game/Items/Computers/Computer_Auto8.uasset
[2018.03.14-00.45.38:786][653]LogFileHelpers: Auto-saving content packages took 0.503
[2018.03.14-01.13.27:627][233]LogEditorTransaction: Undo Move Nodes
[2018.03.14-01.14.31:115][992]Cmd: OBJ SAVEPACKAGE PACKAGE="/Game/Items/Computers/Computer" FILE="../../../../../../UnrealSandboxGame/USG/Content/Items/Computers/Computer.uasset" SILENT=true
[2018.03.14-01.14.31:705][992]LogSavePackage: Save=537.12ms
[2018.03.14-01.14.31:705][992]LogSavePackage: Moving '../../../../../../UnrealSandboxGame/USG/Saved/Computer779627AD44A895E63E504990D96C9E53.tmp' to '../../../../../../UnrealSandboxGame/USG/Content/Items/Computers/Computer.uasset'
[2018.03.14-01.14.31:709][992]LogSavePackage: Display: Finished SavePackage ../../../../../../UnrealSandboxGame/USG/Content/Items/Computers/Computer.uasset
[2018.03.14-02.22.59:114][139]LogEditorTransaction: Undo Create Reroute Node
[2018.03.14-02.24.53:179][165]LogFileHelpers: Editor autosave (incl. sublevels) for '/Game/ThirdPersonBP/Maps/ThirdPersonExampleMap' took 0.048
[2018.03.14-02.24.53:181][165]OBJ SavePackage: Generating thumbnails for [0] asset(s) in package [/Game/Items/Computers/Computer] ([1] browsable assets)...
[2018.03.14-02.24.53:181][165]OBJ SavePackage: Finished generating thumbnails for package [/Game/Items/Computers/Computer]
[2018.03.14-02.24.53:181][165]Cmd: OBJ SAVEPACKAGE PACKAGE="/Game/Items/Computers/Computer" FILE="../../../../../../UnrealSandboxGame/USG/Saved/Autosaves/Game/Items/Computers/Computer_Auto9.uasset" SILENT=false AUTOSAVING=true
[2018.03.14-02.24.53:752][165]LogSavePackage: Save=558.04ms
[2018.03.14-02.24.53:753][165]LogSavePackage: Moving '../../../../../../UnrealSandboxGame/USG/Saved/Computer_Auto97F5B296948F5213CE283B6A5F0C12104.tmp' to '../../../../../../UnrealSandboxGame/USG/Saved/Autosaves/Game/Items/Computers/Computer_Auto9.uasset'
[2018.03.14-02.24.53:772][165]LogSavePackage: Display: Finished SavePackage ../../../../../../UnrealSandboxGame/USG/Saved/Autosaves/Game/Items/Computers/Computer_Auto9.uasset
[2018.03.14-02.24.53:772][165]LogFileHelpers: Auto-saving content packages took 0.592
[2018.03.14-02.40.07:677][363]LogEditorTransaction: Undo Move Node
[2018.03.14-02.40.08:249][386]LogEditorTransaction: Undo Create Reroute Node
[2018.03.14-02.44.41:071][256]LogFileHelpers: Editor autosave (incl. sublevels) for '/Game/ThirdPersonBP/Maps/ThirdPersonExampleMap' took 0.031
[2018.03.14-02.44.41:074][256]OBJ SavePackage: Generating thumbnails for [0] asset(s) in package [/Game/Items/Computers/Computer] ([1] browsable assets)...
[2018.03.14-02.44.41:074][256]OBJ SavePackage: Finished generating thumbnails for package [/Game/Items/Computers/Computer]
[2018.03.14-02.44.41:074][256]Cmd: OBJ SAVEPACKAGE PACKAGE="/Game/Items/Computers/Computer" FILE="../../../../../../UnrealSandboxGame/USG/Saved/Autosaves/Game/Items/Computers/Computer_Auto0.uasset" SILENT=false AUTOSAVING=true
[2018.03.14-02.44.41:686][256]LogSavePackage: Save=597.79ms
[2018.03.14-02.44.41:686][256]LogSavePackage: Moving '../../../../../../UnrealSandboxGame/USG/Saved/Computer_Auto0D9F04CA44C969F3B1F666FA5D4C9D87D.tmp' to '../../../../../../UnrealSandboxGame/USG/Saved/Autosaves/Game/Items/Computers/Computer_Auto0.uasset'
[2018.03.14-02.44.41:702][256]LogSavePackage: Display: Finished SavePackage ../../../../../../UnrealSandboxGame/USG/Saved/Autosaves/Game/Items/Computers/Computer_Auto0.uasset
[2018.03.14-02.44.41:702][256]LogFileHelpers: Auto-saving content packages took 0.629
[2018.03.14-02.47.36:897][251]Cmd: OBJ SAVEPACKAGE PACKAGE="/Game/Items/Computers/Computer" FILE="../../../../../../UnrealSandboxGame/USG/Content/Items/Computers/Computer.uasset" SILENT=true
[2018.03.14-02.47.37:493][251]LogSavePackage: Save=587.47ms
[2018.03.14-02.47.37:494][251]LogSavePackage: Moving '../../../../../../UnrealSandboxGame/USG/Saved/ComputerDBBC342C4884D7C0B70167BE615AE12A.tmp' to '../../../../../../UnrealSandboxGame/USG/Content/Items/Computers/Computer.uasset'
[2018.03.14-02.47.37:496][251]LogSavePackage: Display: Finished SavePackage ../../../../../../UnrealSandboxGame/USG/Content/Items/Computers/Computer.uasset
[2018.03.14-02.47.38:119][292]BlueprintLog: New page: Compile Computer
[2018.03.14-02.50.40:130][193]Cmd: OBJ SAVEPACKAGE PACKAGE="/Game/Items/Computers/Computer" FILE="../../../../../../UnrealSandboxGame/USG/Content/Items/Computers/Computer.uasset" SILENT=true
[2018.03.14-02.50.40:772][193]LogSavePackage: Save=612.63ms
[2018.03.14-02.50.40:772][193]LogSavePackage: Moving '../../../../../../UnrealSandboxGame/USG/Saved/Computer55AEA7304D749DF496E78ABAC7638066.tmp' to '../../../../../../UnrealSandboxGame/USG/Content/Items/Computers/Computer.uasset'
[2018.03.14-02.50.40:775][193]LogSavePackage: Display: Finished SavePackage ../../../../../../UnrealSandboxGame/USG/Content/Items/Computers/Computer.uasset
[2018.03.14-02.50.41:227][221]BlueprintLog: New page: Compile Computer
[2018.03.14-03.00.36:981][160]LogEditorTransaction: Undo Move Node
[2018.03.14-03.01.36:494][339]LogFileHelpers: Editor autosave (incl. sublevels) for '/Game/ThirdPersonBP/Maps/ThirdPersonExampleMap' took 0.044
[2018.03.14-03.01.36:496][339]OBJ SavePackage: Generating thumbnails for [0] asset(s) in package [/Game/Items/Computers/Computer] ([1] browsable assets)...
[2018.03.14-03.01.36:496][339]OBJ SavePackage: Finished generating thumbnails for package [/Game/Items/Computers/Computer]
[2018.03.14-03.01.36:496][339]Cmd: OBJ SAVEPACKAGE PACKAGE="/Game/Items/Computers/Computer" FILE="../../../../../../UnrealSandboxGame/USG/Saved/Autosaves/Game/Items/Computers/Computer_Auto1.uasset" SILENT=false AUTOSAVING=true
[2018.03.14-03.01.37:152][339]LogSavePackage: Save=640.30ms
[2018.03.14-03.01.37:152][339]LogSavePackage: Moving '../../../../../../UnrealSandboxGame/USG/Saved/Computer_Auto16560553341FC632D0847CFBFA14A40DA.tmp' to '../../../../../../UnrealSandboxGame/USG/Saved/Autosaves/Game/Items/Computers/Computer_Auto1.uasset'
[2018.03.14-03.01.37:153][339]LogSavePackage: Display: Finished SavePackage ../../../../../../UnrealSandboxGame/USG/Saved/Autosaves/Game/Items/Computers/Computer_Auto1.uasset
[2018.03.14-03.01.37:153][339]LogFileHelpers: Auto-saving content packages took 0.658
[2018.03.14-03.02.23:863][960]LogEditorTransaction: Undo Move Node
[2018.03.14-03.06.24:470][105]LogEditorTransaction: Undo Move Node
[2018.03.14-03.07.48:169][549]LogEditorTransaction: Undo Move Node
[2018.03.14-03.08.40:444][565]Cmd: OBJ SAVEPACKAGE PACKAGE="/Game/Items/Computers/Computer" FILE="../../../../../../UnrealSandboxGame/USG/Content/Items/Computers/Computer.uasset" SILENT=true
[2018.03.14-03.08.41:118][565]LogSavePackage: Save=659.61ms
[2018.03.14-03.08.41:118][565]LogSavePackage: Moving '../../../../../../UnrealSandboxGame/USG/Saved/Computer9AA5E8FB44E96CC7CF807F988E3AEA06.tmp' to '../../../../../../UnrealSandboxGame/USG/Content/Items/Computers/Computer.uasset'
[2018.03.14-03.08.41:121][565]LogSavePackage: Display: Finished SavePackage ../../../../../../UnrealSandboxGame/USG/Content/Items/Computers/Computer.uasset
[2018.03.14-03.08.41:533][593]BlueprintLog: New page: Compile Computer
[2018.03.14-03.08.41:775][593]LogBlueprint: Error: [Compiler Computer] No input structure to break for  Token Structure
[2018.03.14-03.08.42:021][593]LogBlueprint: Warning: [Compiler Computer] [6534.51] Compile of Computer failed. 1 Fatal Issue(s) 0 Warning(s) [in 487 ms] (/Game/Items/Computers/Computer.Computer)
[2018.03.14-03.10.58:602][486]Cmd: OBJ SAVEPACKAGE PACKAGE="/Game/Items/Computers/Computer" FILE="../../../../../../UnrealSandboxGame/USG/Content/Items/Computers/Computer.uasset" SILENT=true
[2018.03.14-03.10.59:246][486]LogSavePackage: Save=637.29ms
[2018.03.14-03.10.59:246][486]LogSavePackage: Moving '../../../../../../UnrealSandboxGame/USG/Saved/Computer51FFBE0F43DEBCAC59D88E9420DF8B60.tmp' to '../../../../../../UnrealSandboxGame/USG/Content/Items/Computers/Computer.uasset'
[2018.03.14-03.10.59:249][486]LogSavePackage: Display: Finished SavePackage ../../../../../../UnrealSandboxGame/USG/Content/Items/Computers/Computer.uasset
[2018.03.14-03.10.59:754][523]BlueprintLog: New page: Compile Computer
[2018.03.14-03.12.26:633][ 30]LogFileHelpers: Editor autosave (incl. sublevels) for '/Game/ThirdPersonBP/Maps/ThirdPersonExampleMap' took 0.033
[2018.03.14-03.12.26:636][ 30]OBJ SavePackage: Generating thumbnails for [0] asset(s) in package [/Game/Items/Computers/Computer] ([1] browsable assets)...
[2018.03.14-03.12.26:636][ 30]OBJ SavePackage: Finished generating thumbnails for package [/Game/Items/Computers/Computer]
[2018.03.14-03.12.26:636][ 30]Cmd: OBJ SAVEPACKAGE PACKAGE="/Game/Items/Computers/Computer" FILE="../../../../../../UnrealSandboxGame/USG/Saved/Autosaves/Game/Items/Computers/Computer_Auto2.uasset" SILENT=false AUTOSAVING=true
[2018.03.14-03.12.27:310][ 30]LogSavePackage: Save=665.12ms
[2018.03.14-03.12.27:310][ 30]LogSavePackage: Moving '../../../../../../UnrealSandboxGame/USG/Saved/Computer_Auto2622037974EC2BA7B153E289CE08A1EFA.tmp' to '../../../../../../UnrealSandboxGame/USG/Saved/Autosaves/Game/Items/Computers/Computer_Auto2.uasset'
[2018.03.14-03.12.27:311][ 30]LogSavePackage: Display: Finished SavePackage ../../../../../../UnrealSandboxGame/USG/Saved/Autosaves/Game/Items/Computers/Computer_Auto2.uasset
[2018.03.14-03.12.27:311][ 30]LogFileHelpers: Auto-saving content packages took 0.677
[2018.03.14-03.16.34:025][619]Cmd: OBJ SAVEPACKAGE PACKAGE="/Game/Items/Computers/Computer" FILE="../../../../../../UnrealSandboxGame/USG/Content/Items/Computers/Computer.uasset" SILENT=true
[2018.03.14-03.16.34:713][619]LogSavePackage: Save=672.55ms
[2018.03.14-03.16.34:713][619]LogSavePackage: Moving '../../../../../../UnrealSandboxGame/USG/Saved/ComputerFA56A7824722D1A23DAEFCB7044A94D2.tmp' to '../../../../../../UnrealSandboxGame/USG/Content/Items/Computers/Computer.uasset'
[2018.03.14-03.16.34:715][619]LogSavePackage: Display: Finished SavePackage ../../../../../../UnrealSandboxGame/USG/Content/Items/Computers/Computer.uasset
[2018.03.14-03.16.36:285][726]BlueprintLog: New page: Compile Computer
[2018.03.14-03.16.37:461][761]Cmd: OBJ SAVEPACKAGE PACKAGE="/Game/Items/Computers/Computer" FILE="../../../../../../UnrealSandboxGame/USG/Content/Items/Computers/Computer.uasset" SILENT=true
[2018.03.14-03.16.38:142][761]LogSavePackage: Save=673.02ms
[2018.03.14-03.16.38:142][761]LogSavePackage: Moving '../../../../../../UnrealSandboxGame/USG/Saved/Computer1FCD8CAB4CA56CC4B8F932AD5550130F.tmp' to '../../../../../../UnrealSandboxGame/USG/Content/Items/Computers/Computer.uasset'
[2018.03.14-03.16.38:143][761]LogSavePackage: Display: Finished SavePackage ../../../../../../UnrealSandboxGame/USG/Content/Items/Computers/Computer.uasset
[2018.03.14-03.16.43:132][178]LogWindowsTextInputMethodSystem: Display: IME system now deactivated.
[2018.03.14-03.16.43:640][179]Cmd: QUIT_EDITOR
[2018.03.14-03.16.44:119][179]LogExit: Preparing to exit.
[2018.03.14-03.16.45:216][179]LogDirectoryWatcher: A directory notification for 'D:/UnrealSandboxGame/USG/Content/' was aborted.
[2018.03.14-03.16.45:486][179]LogExit: Editor shut down
[2018.03.14-03.16.45:493][179]LogExit: Transaction tracking system shut down
[2018.03.14-03.16.46:188][179]LogDirectoryWatcher: A directory notification for '../../../Engine/Content/' was aborted.
[2018.03.14-03.16.46:188][179]LogDirectoryWatcher: A directory notification for '../../../../../../UnrealSandboxGame/USG/Content/' was aborted.
[2018.03.14-03.16.46:189][179]LogDirectoryWatcher: A directory notification for '../../../Engine/Plugins/2D/Paper2D/Content/' was aborted.
[2018.03.14-03.16.46:189][179]LogDirectoryWatcher: A directory notification for '../../../Engine/Plugins/Marketplace/LowEntryExtStdLib/Content/' was aborted.
[2018.03.14-03.16.46:189][179]LogDirectoryWatcher: A directory notification for '../../../Engine/Plugins/Media/MediaCompositing/Content/' was aborted.
[2018.03.14-03.16.46:189][179]LogDirectoryWatcher: A directory notification for '../../../Engine/Plugins/Runtime/AppleARKit/Content/' was aborted.
[2018.03.14-03.16.46:189][179]LogDirectoryWatcher: A directory notification for '../../../Engine/Plugins/Runtime/Oculus/OculusVR/Content/' was aborted.
[2018.03.14-03.16.46:189][179]LogDirectoryWatcher: A directory notification for '../../../Engine/Plugins/Runtime/Steam/SteamVR/Content/' was aborted.
[2018.03.14-03.16.49:835][179]LogExit: Object subsystem successfully closed.
[2018.03.14-03.16.50:149][179]LogD3D11RHI: Shutdown
[2018.03.14-03.16.50:156][179]LogD3D11RHI: CleanupD3DDevice
[2018.03.14-03.16.50:343][179]LogD3D11RHI: ~FD3D11DynamicRHI
[2018.03.14-03.16.51:896][179]LogModuleManager: Shutting down and abandoning module BlueprintGraph (554)
[2018.03.14-03.16.51:896][179]LogModuleManager: Shutting down and abandoning module HierarchicalLODOutliner (552)
[2018.03.14-03.16.51:896][179]LogModuleManager: Shutting down and abandoning module SceneOutliner (550)
[2018.03.14-03.16.51:909][179]LogModuleManager: Shutting down and abandoning module AddContentDialog (548)
[2018.03.14-03.16.51:916][179]LogDirectoryWatcher: A directory notification for 'D:/Program Files (x86)/Epic Games/UE_4.18/FeaturePacks/' was aborted.
[2018.03.14-03.16.51:918][179]LogModuleManager: Shutting down and abandoning module WidgetCarousel (547)
[2018.03.14-03.16.51:918][179]LogModuleManager: Shutting down and abandoning module EditorWidgets (544)
[2018.03.14-03.16.51:918][179]LogModuleManager: Shutting down and abandoning module CollectionManager (542)
[2018.03.14-03.16.51:933][179]LogDirectoryWatcher: A directory notification for 'D:/UnrealSandboxGame/USG/Content/Collections/' was aborted.
[2018.03.14-03.16.51:933][179]LogDirectoryWatcher: A directory notification for 'D:/UnrealSandboxGame/USG/Content/Developers/franc/Collections/' was aborted.
[2018.03.14-03.16.51:933][179]LogDirectoryWatcher: A directory notification for 'D:/UnrealSandboxGame/USG/Saved/Collections/' was aborted.
[2018.03.14-03.16.51:933][179]LogModuleManager: Shutting down and abandoning module StatsViewer (540)
[2018.03.14-03.16.51:952][179]LogModuleManager: Shutting down and abandoning module FoliageEdit (538)
[2018.03.14-03.16.51:962][179]LogModuleManager: Shutting down and abandoning module LandscapeEditor (536)
[2018.03.14-03.16.51:992][179]LogModuleManager: Shutting down and abandoning module MeshPaintMode (534)
[2018.03.14-03.16.52:001][179]LogModuleManager: Shutting down and abandoning module SceneDepthPickerMode (532)
[2018.03.14-03.16.52:001][179]LogModuleManager: Shutting down and abandoning module ActorPickerMode (530)
[2018.03.14-03.16.52:002][179]LogModuleManager: Shutting down and abandoning module GeometryMode (528)
[2018.03.14-03.16.52:002][179]LogModuleManager: Shutting down and abandoning module TextureAlignMode (526)
[2018.03.14-03.16.52:002][179]LogModuleManager: Shutting down and abandoning module BspMode (524)
[2018.03.14-03.16.52:002][179]LogModuleManager: Shutting down and abandoning module PIEPreviewDeviceProfileSelector (522)
[2018.03.14-03.16.52:002][179]LogModuleManager: Shutting down and abandoning module HardwareSurvey (520)
[2018.03.14-03.16.52:002][179]LogModuleManager: Shutting down and abandoning module SequenceRecorderSections (518)
[2018.03.14-03.16.52:010][179]LogModuleManager: Shutting down and abandoning module AutomationWorker (516)
[2018.03.14-03.16.52:057][179]LogModuleManager: Shutting down and abandoning module MatineeToLevelSequence (514)
[2018.03.14-03.16.52:076][179]LogModuleManager: Shutting down and abandoning module LevelSequenceEditor (512)
[2018.03.14-03.16.52:113][179]LogModuleManager: Shutting down and abandoning module PlacementMode (511)
[2018.03.14-03.16.52:114][179]LogModuleManager: Shutting down and abandoning module WmfMediaFactory (508)
[2018.03.14-03.16.52:114][179]LogModuleManager: Shutting down and abandoning module WmfMediaEditor (506)
[2018.03.14-03.16.52:114][179]LogModuleManager: Shutting down and abandoning module OpenExrWrapper (504)
[2018.03.14-03.16.52:114][179]LogModuleManager: Shutting down and abandoning module ImgMediaFactory (502)
[2018.03.14-03.16.52:114][179]LogModuleManager: Shutting down and abandoning module ImgMediaEditor (500)
[2018.03.14-03.16.52:114][179]LogModuleManager: Shutting down and abandoning module AvfMediaFactory (498)
[2018.03.14-03.16.52:114][179]LogModuleManager: Shutting down and abandoning module AvfMediaEditor (496)
[2018.03.14-03.16.52:114][179]LogModuleManager: Shutting down and abandoning module AndroidMediaFactory (494)
[2018.03.14-03.16.52:114][179]LogModuleManager: Shutting down and abandoning module AndroidMediaEditor (492)
[2018.03.14-03.16.52:114][179]LogModuleManager: Shutting down and abandoning module CharacterAI (490)
[2018.03.14-03.16.52:114][179]LogModuleManager: Shutting down and abandoning module AudioCapture (488)
[2018.03.14-03.16.52:124][179]LogModuleManager: Shutting down and abandoning module SequenceRecorder (487)
[2018.03.14-03.16.52:132][179]LogModuleManager: Shutting down and abandoning module SmartSnapping (484)
[2018.03.14-03.16.52:132][179]LogModuleManager: Shutting down and abandoning module SessionServices (482)
[2018.03.14-03.16.52:132][179]LogModuleManager: Shutting down and abandoning module ViewportSnapping (480)
[2018.03.14-03.16.52:132][179]LogModuleManager: Shutting down and abandoning module ViewportInteraction (478)
[2018.03.14-03.16.52:132][179]LogModuleManager: Shutting down and abandoning module ClothPainter (476)
[2018.03.14-03.16.52:172][179]LogModuleManager: Shutting down and abandoning module SkeletalMeshEditor (475)
[2018.03.14-03.16.52:194][179]LogModuleManager: Shutting down and abandoning module LogVisualizer (472)
[2018.03.14-03.16.52:229][179]LogModuleManager: Shutting down and abandoning module IntroTutorials (470)
[2018.03.14-03.16.52:304][179]LogModuleManager: Shutting down and abandoning module GameProjectGeneration (469)
[2018.03.14-03.16.52:370][179]LogModuleManager: Shutting down and abandoning module IOSPlatformEditor (466)
[2018.03.14-03.16.52:371][179]LogModuleManager: Shutting down and abandoning module HTML5PlatformEditor (464)
[2018.03.14-03.16.52:371][179]LogModuleManager: Shutting down and abandoning module AndroidPlatformEditor (462)
[2018.03.14-03.16.52:371][179]LogModuleManager: Shutting down and abandoning module AndroidDeviceDetection (461)
[2018.03.14-03.16.53:251][179]LogModuleManager: Shutting down and abandoning module WindowsPlatformEditor (458)
[2018.03.14-03.16.53:251][179]LogModuleManager: Shutting down and abandoning module IOSRuntimeSettings (456)
[2018.03.14-03.16.53:251][179]LogModuleManager: Shutting down and abandoning module AndroidRuntimeSettings (454)
[2018.03.14-03.16.53:251][179]LogModuleManager: Shutting down and abandoning module InputBindingEditor (452)
[2018.03.14-03.16.53:265][179]LogModuleManager: Shutting down and abandoning module MergeActors (450)
[2018.03.14-03.16.53:304][179]LogModuleManager: Shutting down and abandoning module SizeMap (448)
[2018.03.14-03.16.53:305][179]LogModuleManager: Shutting down and abandoning module TreeMap (446)
[2018.03.14-03.16.53:370][179]LogModuleManager: Shutting down and abandoning module ReferenceViewer (444)
[2018.03.14-03.16.53:370][179]LogModuleManager: Shutting down and abandoning module LocalizationDashboard (442)
[2018.03.14-03.16.53:425][179]LogModuleManager: Shutting down and abandoning module LocalizationService (441)
[2018.03.14-03.16.53:445][179]LogModuleManager: Shutting down and abandoning module HardwareTargeting (438)
[2018.03.14-03.16.53:445][179]LogModuleManager: Shutting down and abandoning module DeviceProfileEditor (436)
[2018.03.14-03.16.53:446][179]LogModuleManager: Shutting down and abandoning module UndoHistory (434)
[2018.03.14-03.16.53:446][179]LogModuleManager: Shutting down and abandoning module XmlParser (432)
[2018.03.14-03.16.53:456][179]LogModuleManager: Shutting down and abandoning module Blutility (430)
[2018.03.14-03.16.53:456][179]LogModuleManager: Shutting down and abandoning module ProjectSettingsViewer (428)
[2018.03.14-03.16.53:456][179]LogModuleManager: Shutting down and abandoning module ProjectTargetPlatformEditor (427)
[2018.03.14-03.16.53:456][179]LogModuleManager: Shutting down and abandoning module EditorSettingsViewer (424)
[2018.03.14-03.16.53:457][179]LogModuleManager: Shutting down and abandoning module SettingsEditor (422)
[2018.03.14-03.16.53:529][179]LogModuleManager: Shutting down and abandoning module ProjectLauncher (420)
[2018.03.14-03.16.53:562][179]LogModuleManager: Shutting down and abandoning module SessionFrontend (418)
[2018.03.14-03.16.53:597][179]LogModuleManager: Shutting down and abandoning module ProfilerClient (416)
[2018.03.14-03.16.53:610][179]LogModuleManager: Shutting down and abandoning module DeviceManager (414)
[2018.03.14-03.16.53:624][179]LogModuleManager: Shutting down and abandoning module TargetDeviceServices (413)
[2018.03.14-03.16.53:678][179]LogModuleManager: Shutting down and abandoning module AutomationController (410)
[2018.03.14-03.16.53:691][179]LogModuleManager: Shutting down and abandoning module AutomationWindow (408)
[2018.03.14-03.16.53:711][179]LogModuleManager: Shutting down and abandoning module Layers (406)
[2018.03.14-03.16.53:734][179]LogModuleManager: Shutting down and abandoning module ComponentVisualizers (404)
[2018.03.14-03.16.53:734][179]LogModuleManager: Shutting down and abandoning module DetailCustomizations (402)
[2018.03.14-03.16.53:752][179]LogModuleManager: Shutting down and abandoning module PackagesDialog (400)
[2018.03.14-03.16.53:763][179]LogModuleManager: Shutting down and abandoning module Persona (398)
[2018.03.14-03.16.53:794][179]LogModuleManager: Shutting down and abandoning module AdvancedPreviewScene (397)
[2018.03.14-03.16.53:794][179]LogModuleManager: Shutting down and abandoning module AnimGraph (395)
[2018.03.14-03.16.53:794][179]LogModuleManager: Shutting down and abandoning module Kismet (392)
[2018.03.14-03.16.53:819][179]LogModuleManager: Shutting down and abandoning module ClassViewer (390)
[2018.03.14-03.16.53:820][179]LogModuleManager: Shutting down and abandoning module Toolbox (388)
[2018.03.14-03.16.53:820][179]LogModuleManager: Shutting down and abandoning module ModuleUI (386)
[2018.03.14-03.16.53:836][179]LogModuleManager: Shutting down and abandoning module MovieSceneTools (384)
[2018.03.14-03.16.53:859][179]LogModuleManager: Shutting down and abandoning module OutputLog (382)
[2018.03.14-03.16.53:880][179]LogModuleManager: Shutting down and abandoning module GammaUI (380)
[2018.03.14-03.16.53:880][179]LogModuleManager: Shutting down and abandoning module Documentation (378)
[2018.03.14-03.16.53:880][179]LogModuleManager: Shutting down and abandoning module MovieSceneTracks (376)
[2018.03.14-03.16.53:880][179]LogModuleManager: Shutting down and abandoning module MovieScene (374)
[2018.03.14-03.16.53:880][179]LogModuleManager: Shutting down and abandoning module StreamingPauseRendering (372)
[2018.03.14-03.16.53:880][179]LogModuleManager: Shutting down and abandoning module LauncherPlatform (370)
[2018.03.14-03.16.53:880][179]LogModuleManager: Shutting down and abandoning module AnalyticsET (368)
[2018.03.14-03.16.53:880][179]LogModuleManager: Shutting down and abandoning module PortalServices (366)
[2018.03.14-03.16.53:880][179]LogModuleManager: Shutting down and abandoning module PortalRpc (364)
[2018.03.14-03.16.53:880][179]LogModuleManager: Shutting down and abandoning module MessagingRpc (362)
[2018.03.14-03.16.53:880][179]LogModuleManager: Shutting down and abandoning module AIModule (360)
[2018.03.14-03.16.53:880][179]LogModuleManager: Shutting down and abandoning module GameplayDebugger (359)
[2018.03.14-03.16.53:895][179]LogModuleManager: Shutting down and abandoning module AITestSuite (357)
[2018.03.14-03.16.53:909][179]LogModuleManager: Shutting down and abandoning module DesktopPlatform (354)
[2018.03.14-03.16.53:910][179]LogModuleManager: Shutting down and abandoning module ProfilerService (352)
[2018.03.14-03.16.53:973][179]LogModuleManager: Shutting down and abandoning module TaskGraph (350)
[2018.03.14-03.16.53:989][179]LogModuleManager: Shutting down and abandoning module SteamVRController (348)
[2018.03.14-03.16.53:989][179]LogModuleManager: Shutting down and abandoning module ProceduralMeshComponentEditor (346)
[2018.03.14-03.16.53:989][179]LogModuleManager: Shutting down and abandoning module ProceduralMeshComponent (344)
[2018.03.14-03.16.54:005][179]LogModuleManager: Shutting down and abandoning module OculusInput (342)
[2018.03.14-03.16.54:018][179]LogModuleManager: Shutting down and abandoning module MobilePatchingUtils (340)
[2018.03.14-03.16.54:018][179]LogModuleManager: Shutting down and abandoning module CustomMeshComponent (338)
[2018.03.14-03.16.54:018][179]LogModuleManager: Shutting down and abandoning module CableComponent (336)
[2018.03.14-03.16.54:035][179]LogModuleManager: Shutting down and abandoning module ArchVisCharacter (334)
[2018.03.14-03.16.54:035][179]LogModuleManager: Shutting down and abandoning module AndroidPermission (332)
[2018.03.14-03.16.54:035][179]LogModuleManager: Shutting down and abandoning module ActorSequence (328)
[2018.03.14-03.16.54:035][179]LogModuleManager: Shutting down and abandoning module MediaPlayerEditor (326)
[2018.03.14-03.16.54:060][179]LogModuleManager: Shutting down and abandoning module MediaCompositingEditor (324)
[2018.03.14-03.16.54:060][179]LogModuleManager: Shutting down and abandoning module MediaCompositing (322)
[2018.03.14-03.16.54:060][179]LogModuleManager: Shutting down and abandoning module LowEntryExtendedStandardLibraryEditor (320)
[2018.03.14-03.16.54:060][179]LogModuleManager: Shutting down and abandoning module HTML5Networking (318)
[2018.03.14-03.16.54:060][179]LogModuleManager: Shutting down and abandoning module AlembicImporter (316)
[2018.03.14-03.16.54:074][179]LogModuleManager: Shutting down and abandoning module AlembicLibrary (315)
[2018.03.14-03.16.54:074][179]LogModuleManager: Shutting down and abandoning module GeometryCache (314)
[2018.03.14-03.16.54:083][179]LogModuleManager: Shutting down and abandoning module GeometryCacheEd (313)
[2018.03.14-03.16.54:083][179]LogModuleManager: Shutting down and abandoning module SpeedTreeImporter (308)
[2018.03.14-03.16.54:083][179]LogModuleManager: Shutting down and abandoning module PluginBrowser (306)
[2018.03.14-03.16.54:101][179]LogModuleManager: Shutting down and abandoning module MobileLauncherProfileWizard (304)
[2018.03.14-03.16.54:112][179]LogModuleManager: Shutting down and abandoning module VisualStudioSourceCodeAccess (302)
[2018.03.14-03.16.54:112][179]LogModuleManager: Shutting down and abandoning module VisualStudioCodeSourceCodeAccess (300)
[2018.03.14-03.16.54:112][179]LogModuleManager: Shutting down and abandoning module UObjectPlugin (298)
[2018.03.14-03.16.54:112][179]LogModuleManager: Shutting down and abandoning module SubversionSourceControl (296)
[2018.03.14-03.16.54:132][179]LogModuleManager: Shutting down and abandoning module PerforceSourceControl (294)
[2018.03.14-03.16.54:159][179]LogModuleManager: Shutting down and abandoning module GitSourceControl (292)
[2018.03.14-03.16.54:201][179]LogModuleManager: Shutting down and abandoning module SourceControl (291)
[2018.03.14-03.16.54:220][179]LogModuleManager: Shutting down and abandoning module LightPropagationVolumeEditor (288)
[2018.03.14-03.16.54:220][179]LogModuleManager: Shutting down and abandoning module PaperTiledImporter (286)
[2018.03.14-03.16.54:220][179]LogModuleManager: Shutting down and abandoning module PaperSpriteSheetImporter (284)
[2018.03.14-03.16.54:221][179]LogModuleManager: Shutting down and abandoning module Paper2DEditor (282)
[2018.03.14-03.16.54:244][179]LogModuleManager: Shutting down and abandoning module MeshPaint (281)
[2018.03.14-03.16.54:256][179]LogModuleManager: Shutting down and abandoning module LevelEditor (279)
[2018.03.14-03.16.54:274][179]LogModuleManager: Shutting down and abandoning module PixelInspectorModule (278)
[2018.03.14-03.16.54:284][179]LogModuleManager: Shutting down and abandoning module MainFrame (276)
[2018.03.14-03.16.54:284][179]LogModuleManager: Shutting down and abandoning module HotReload (275)
[2018.03.14-03.16.54:380][179]LogModuleManager: Shutting down and abandoning module RuntimePhysXCooking (270)
[2018.03.14-03.16.54:380][179]LogModuleManager: Shutting down and abandoning module PhysXVehiclesEditor (268)
[2018.03.14-03.16.54:380][179]LogModuleManager: Shutting down and abandoning module PhysXVehicles (266)
[2018.03.14-03.16.54:380][179]LogModuleManager: Shutting down and abandoning module OculusEditor (264)
[2018.03.14-03.16.54:380][179]LogModuleManager: Shutting down and abandoning module LocationServicesBPLibrary (262)
[2018.03.14-03.16.54:380][179]LogModuleManager: Shutting down and abandoning module ImmediatePhysicsEditor (260)
[2018.03.14-03.16.54:380][179]LogModuleManager: Shutting down and abandoning module ImmediatePhysics (258)
[2018.03.14-03.16.54:395][179]LogModuleManager: Shutting down and abandoning module UdpMessaging (256)
[2018.03.14-03.16.54:507][179]LogModuleManager: Shutting down and abandoning module TcpMessaging (254)
[2018.03.14-03.16.54:621][179]LogModuleManager: Shutting down and abandoning module LowEntryExtendedStandardLibrary (252)
[2018.03.14-03.16.54:621][179]LogModuleManager: Shutting down and abandoning module GameplayTagsEditor (250)
[2018.03.14-03.16.54:647][179]LogModuleManager: Shutting down and abandoning module FacialAnimationEditor (248)
[2018.03.14-03.16.54:647][179]LogModuleManager: Shutting down and abandoning module FacialAnimation (246)
[2018.03.14-03.16.54:647][179]LogModuleManager: Shutting down and abandoning module AssetManagerEditor (244)
[2018.03.14-03.16.54:657][179]LogModuleManager: Shutting down and abandoning module GraphEditor (243)
[2018.03.14-03.16.54:657][179]LogModuleManager: Shutting down and abandoning module ContentBrowser (241)
[2018.03.14-03.16.54:658][179]LogModuleManager: Shutting down and abandoning module LightPropagationVolumeRuntime (238)
[2018.03.14-03.16.54:658][179]LogModuleManager: Shutting down and abandoning module Paper2D (236)
[2018.03.14-03.16.54:658][179]LogModuleManager: Shutting down and abandoning module WindowsMoviePlayer (234)
[2018.03.14-03.16.54:673][179]LogModuleManager: Shutting down and abandoning module WmfMedia (232)
[2018.03.14-03.16.54:678][179]LogModuleManager: Shutting down and abandoning module ImgMedia (230)
[2018.03.14-03.16.54:678][179]LogModuleManager: Shutting down and abandoning module PacketHandler (228)
[2018.03.14-03.16.54:679][179]LogModuleManager: Shutting down and abandoning module ClothingSystemEditor (226)
[2018.03.14-03.16.54:679][179]LogModuleManager: Shutting down and abandoning module ClothingSystemRuntime (224)
[2018.03.14-03.16.54:702][179]LogModuleManager: Shutting down and abandoning module MediaAssets (222)
[2018.03.14-03.16.54:702][179]LogModuleManager: Shutting down and abandoning module Media (221)
[2018.03.14-03.16.54:708][179]LogModuleManager: Shutting down and abandoning module Overlay (218)
[2018.03.14-03.16.54:708][179]LogModuleManager: Shutting down and abandoning module OverlayEditor (217)
[2018.03.14-03.16.54:708][179]LogModuleManager: Shutting down and abandoning module VREditor (214)
[2018.03.14-03.16.54:734][179]LogModuleManager: Shutting down and abandoning module StringTableEditor (212)
[2018.03.14-03.16.54:748][179]LogModuleManager: Shutting down and abandoning module GameplayTasksEditor (210)
[2018.03.14-03.16.54:748][179]LogModuleManager: Shutting down and abandoning module BehaviorTreeEditor (208)
[2018.03.14-03.16.54:781][179]LogModuleManager: Shutting down and abandoning module FunctionalTesting (206)
[2018.03.14-03.16.54:794][179]LogModuleManager: Shutting down and abandoning module CollisionAnalyzer (204)
[2018.03.14-03.16.54:806][179]LogModuleManager: Shutting down and abandoning module WorkspaceMenuStructure (203)
[2018.03.14-03.16.54:806][179]LogModuleManager: Shutting down and abandoning module UMG (200)
[2018.03.14-03.16.54:825][179]LogModuleManager: Shutting down and abandoning module UMGEditor (199)
[2018.03.14-03.16.54:858][179]LogModuleManager: Shutting down and abandoning module Sequencer (198)
[2018.03.14-03.16.54:900][179]LogModuleManager: Shutting down and abandoning module MessageLog (195)
[2018.03.14-03.16.54:900][179]LogModuleManager: Shutting down and abandoning module SlateReflector (190)
[2018.03.14-03.16.54:925][179]LogModuleManager: Shutting down and abandoning module Slate (188)
[2018.03.14-03.16.54:925][179]LogModuleManager: Shutting down and abandoning module EditorStyle (186)
[2018.03.14-03.16.54:932][179]LogModuleManager: Shutting down and abandoning module MRMesh (184)
[2018.03.14-03.16.54:932][179]LogModuleManager: Shutting down and abandoning module SourceCodeAccess (182)
[2018.03.14-03.16.54:932][179]LogModuleManager: Shutting down and abandoning module HeadMountedDisplay (180)
[2018.03.14-03.16.54:932][179]LogModuleManager: Shutting down and abandoning module XAudio2 (178)
[2018.03.14-03.16.54:932][179]LogModuleManager: Shutting down and abandoning module Networking (176)
[2018.03.14-03.16.54:933][179]LogModuleManager: Shutting down and abandoning module Core (172)
[2018.03.14-03.16.54:933][179]LogModuleManager: Shutting down and abandoning module LevelSequence (168)
[2018.03.14-03.16.54:943][179]LogModuleManager: Shutting down and abandoning module DirectoryWatcher (166)
[2018.03.14-03.16.54:944][179]LogModuleManager: Shutting down and abandoning module KismetCompiler (164)
[2018.03.14-03.16.54:944][179]LogModuleManager: Shutting down and abandoning module MeshUtilities (162)
[2018.03.14-03.16.54:968][179]LogModuleManager: Shutting down and abandoning module MeshMergeUtilities (161)
[2018.03.14-03.16.54:981][179]LogModuleManager: Shutting down and abandoning module MeshReductionInterface (160)
[2018.03.14-03.16.54:981][179]LogModuleManager: Shutting down and abandoning module SimplygonSwarm (159)
[2018.03.14-03.16.54:994][179]LogModuleManager: Shutting down and abandoning module SimplygonMeshReduction (157)
[2018.03.14-03.16.54:994][179]LogModuleManager: Shutting down and abandoning module QuadricMeshReduction (155)
[2018.03.14-03.16.55:012][179]LogModuleManager: Shutting down and abandoning module MaterialBaking (151)
[2018.03.14-03.16.55:044][179]LogModuleManager: Shutting down and abandoning module DerivedDataCache (148)
[2018.03.14-03.16.55:154][179]LogDerivedDataCache: Shutdown
[2018.03.14-03.16.55:154][179]LogModuleManager: Shutting down and abandoning module TargetPlatform (146)
[2018.03.14-03.16.55:155][179]LogModuleManager: Shutting down and abandoning module VulkanShaderFormat (145)
[2018.03.14-03.16.55:164][179]LogModuleManager: Shutting down and abandoning module ShaderFormatVectorVM (143)
[2018.03.14-03.16.55:181][179]LogModuleManager: Shutting down and abandoning module ShaderFormatOpenGL (141)
[2018.03.14-03.16.55:200][179]LogModuleManager: Shutting down and abandoning module ShaderFormatD3D (139)
[2018.03.14-03.16.55:212][179]LogModuleManager: Shutting down and abandoning module MetalShaderFormat (137)
[2018.03.14-03.16.55:227][179]LogModuleManager: Shutting down and abandoning module TextureFormatUncompressed (135)
[2018.03.14-03.16.55:227][179]LogModuleManager: Shutting down and abandoning module TextureFormatPVR (133)
[2018.03.14-03.16.55:227][179]LogModuleManager: Shutting down and abandoning module TextureFormatDXT (131)
[2018.03.14-03.16.55:245][179]LogModuleManager: Shutting down and abandoning module TextureFormatIntelISPCTexComp (129)
[2018.03.14-03.16.55:254][179]LogModuleManager: Shutting down and abandoning module TextureFormatASTC (127)
[2018.03.14-03.16.55:254][179]LogModuleManager: Shutting down and abandoning module ImageWrapper (126)
[2018.03.14-03.16.55:254][179]LogModuleManager: Shutting down and abandoning module TextureFormatAndroid (123)
[2018.03.14-03.16.55:254][179]LogModuleManager: Shutting down and abandoning module AudioFormatOpus (121)
[2018.03.14-03.16.55:254][179]LogModuleManager: Shutting down and abandoning module AudioFormatOgg (119)
[2018.03.14-03.16.55:254][179]LogModuleManager: Shutting down and abandoning module AudioFormatADPCM (117)
[2018.03.14-03.16.55:254][179]LogModuleManager: Shutting down and abandoning module LinuxTargetPlatform (115)
[2018.03.14-03.16.55:254][179]LogModuleManager: Shutting down and abandoning module LinuxServerTargetPlatform (113)
[2018.03.14-03.16.55:254][179]LogModuleManager: Shutting down and abandoning module LinuxNoEditorTargetPlatform (111)
[2018.03.14-03.16.55:254][179]LogModuleManager: Shutting down and abandoning module LinuxClientTargetPlatform (109)
[2018.03.14-03.16.55:254][179]LogModuleManager: Shutting down and abandoning module TVOSTargetPlatform (107)
[2018.03.14-03.16.55:254][179]LogModuleManager: Shutting down and abandoning module Messaging (105)
[2018.03.14-03.16.55:254][179]LogModuleManager: Shutting down and abandoning module IOSTargetPlatform (103)
[2018.03.14-03.16.55:254][179]LogModuleManager: Shutting down and abandoning module HTML5TargetPlatform (101)
[2018.03.14-03.16.55:254][179]LogModuleManager: Shutting down and abandoning module AndroidTargetPlatform (99)
[2018.03.14-03.16.55:254][179]LogModuleManager: Shutting down and abandoning module Android_PVRTCTargetPlatform (97)
[2018.03.14-03.16.55:254][179]LogModuleManager: Shutting down and abandoning module Android_MultiTargetPlatform (95)
[2018.03.14-03.16.55:255][179]LogModuleManager: Shutting down and abandoning module Android_ETC2TargetPlatform (93)
[2018.03.14-03.16.55:255][179]LogModuleManager: Shutting down and abandoning module Android_ETC1TargetPlatform (91)
[2018.03.14-03.16.55:255][179]LogModuleManager: Shutting down and abandoning module Android_DXTTargetPlatform (89)
[2018.03.14-03.16.55:255][179]LogModuleManager: Shutting down and abandoning module Android_ATCTargetPlatform (87)
[2018.03.14-03.16.55:255][179]LogModuleManager: Shutting down and abandoning module Android_ASTCTargetPlatform (85)
[2018.03.14-03.16.55:255][179]LogModuleManager: Shutting down and abandoning module WindowsTargetPlatform (83)
[2018.03.14-03.16.55:255][179]LogModuleManager: Shutting down and abandoning module WindowsServerTargetPlatform (81)
[2018.03.14-03.16.55:255][179]LogModuleManager: Shutting down and abandoning module WindowsNoEditorTargetPlatform (79)
[2018.03.14-03.16.55:255][179]LogModuleManager: Shutting down and abandoning module WindowsClientTargetPlatform (77)
[2018.03.14-03.16.55:255][179]LogModuleManager: Shutting down and abandoning module MacTargetPlatform (75)
[2018.03.14-03.16.55:255][179]LogModuleManager: Shutting down and abandoning module MacServerTargetPlatform (73)
[2018.03.14-03.16.55:255][179]LogModuleManager: Shutting down and abandoning module MacNoEditorTargetPlatform (71)
[2018.03.14-03.16.55:255][179]LogModuleManager: Shutting down and abandoning module MacClientTargetPlatform (69)
[2018.03.14-03.16.55:255][179]LogModuleManager: Shutting down and abandoning module AllDesktopTargetPlatform (67)
[2018.03.14-03.16.55:255][179]LogModuleManager: Shutting down and abandoning module InputCore (64)
[2018.03.14-03.16.55:255][179]LogModuleManager: Shutting down and abandoning module Settings (62)
[2018.03.14-03.16.55:255][179]LogModuleManager: Shutting down and abandoning module PhysXCooking (60)
[2018.03.14-03.16.55:255][179]LogModuleManager: Shutting down and abandoning module SteamVR (58)
[2018.03.14-03.16.55:255][179]LogModuleManager: Shutting down and abandoning module OculusHMD (56)
[2018.03.14-03.16.55:266][179]LogModuleManager: Shutting down and abandoning module ExampleDeviceProfileSelector (54)
[2018.03.14-03.16.55:266][179]LogModuleManager: Shutting down and abandoning module AppleARKit (52)
[2018.03.14-03.16.55:266][179]LogModuleManager: Shutting down and abandoning module AugmentedReality (51)
[2018.03.14-03.16.55:266][179]LogModuleManager: Shutting down and abandoning module OnlineBlueprintSupport (48)
[2018.03.14-03.16.55:266][179]LogModuleManager: Shutting down and abandoning module OnlineSubsystem (44)
[2018.03.14-03.16.55:302][179]LogModuleManager: Shutting down and abandoning module XMPP (43)
[2018.03.14-03.16.55:325][179]LogModuleManager: Shutting down and abandoning module HTTP (41)
[2018.03.14-03.16.55:325][179]LogHttp: Display: Http module shutting down, but needs to wait on 1 outstanding Http requests:
[2018.03.14-03.16.55:334][179]LogHttp: Display: 	verb=[POST] url=[https://datarouter.ol.epicgames.com/datarouter/api/v1/public/data?SessionID=%7B977C4147-48C3-84C2-1055-F5BEBF987176%7D&AppID=UEEditor.Rocket.Release&AppVersion=4.18.2-3794801%2B%2B%2BUE4%2BRelease-4.18&UserID=2511ffb84fd8f4af0bba8d971c3b6b3b%7C2ecf385aec3842a492ba377500556e21%7C0d883970-c28b-460a-a864-6ff464ead69e&AppEnvironment=datacollector-binary&UploadType=eteventstream] status=Processing
[2018.03.14-03.16.55:352][179]LogModuleManager: Shutting down and abandoning module SSL (40)
[2018.03.14-03.16.55:359][179]LogModuleManager: Shutting down and abandoning module AnimationModifiers (36)
[2018.03.14-03.16.55:430][179]LogModuleManager: Shutting down and abandoning module PropertyEditor (35)
[2018.03.14-03.16.55:430][179]LogModuleManager: Shutting down and abandoning module AudioEditor (32)
[2018.03.14-03.16.55:478][179]LogModuleManager: Shutting down and abandoning module TextureCompressor (30)
[2018.03.14-03.16.55:687][179]LogModuleManager: Shutting down and abandoning module ShaderCore (28)
[2018.03.14-03.16.55:687][179]LogModuleManager: Shutting down and abandoning module Landscape (26)
[2018.03.14-03.16.55:687][179]LogModuleManager: Shutting down and abandoning module SlateRHIRenderer (24)
[2018.03.14-03.16.55:701][179]LogModuleManager: Shutting down and abandoning module OpenGLDrv (22)
[2018.03.14-03.16.55:718][179]LogModuleManager: Shutting down and abandoning module D3D11RHI (20)
[2018.03.14-03.16.55:718][179]LogModuleManager: Shutting down and abandoning module AnimGraphRuntime (18)
[2018.03.14-03.16.55:734][179]LogModuleManager: Shutting down and abandoning module Renderer (16)
[2018.03.14-03.16.55:734][179]LogModuleManager: Shutting down and abandoning module Engine (14)
[2018.03.14-03.16.55:741][179]LogModuleManager: Shutting down and abandoning module CoreUObject (12)
[2018.03.14-03.16.55:741][179]LogModuleManager: Shutting down and abandoning module NetworkFile (10)
[2018.03.14-03.16.55:756][179]LogModuleManager: Shutting down and abandoning module CookedIterativeFile (8)
[2018.03.14-03.16.55:756][179]LogModuleManager: Shutting down and abandoning module StreamingFile (6)
[2018.03.14-03.16.55:769][179]LogModuleManager: Shutting down and abandoning module SandboxFile (4)
[2018.03.14-03.16.55:781][179]LogModuleManager: Shutting down and abandoning module PakFile (2)
[2018.03.14-03.16.55:797][179]LogExit: Exiting.
[2018.03.14-03.16.55:821][179]Log file closed, 03/13/18 23:16:55
