<<<<<<< Updated upstream
﻿Log file open, 03/23/18 22:58:52
=======
﻿Log file open, 03/23/18 22:17:30
>>>>>>> Stashed changes
LogWindows: Failed to load 'aqProf.dll' (GetLastError=126)
LogWindows: File 'aqProf.dll' does not exist
LogWindows: Failed to load 'VSPerf140.dll' (GetLastError=126)
LogWindows: File 'VSPerf140.dll' does not exist
LogWindows: Failed to load 'VtuneApi.dll' (GetLastError=126)
LogWindows: File 'VtuneApi.dll' does not exist
LogWindows: Failed to load 'VtuneApi32e.dll' (GetLastError=126)
LogWindows: File 'VtuneApi32e.dll' does not exist
LogInit: Display: Running engine for game: USG
LogPlatformFile: Not using cached read wrapper
<<<<<<< Updated upstream
LogInit: Display: RandInit(309526451) SRandInit(309526451).
LogInit: Read version file with build ID '3709383'
LogInit: Overriding engine version to CL 3794801, compatible CL 3709383
LogInit: Registered custom module enumerator with build ID '3709383'
LogTaskGraph: Started task graph with 5 named threads and 20 total threads with 3 sets of task threads.
LogStats: Stats thread started at 0.245907
=======
LogInit: Display: RandInit(232436236) SRandInit(232436236).
LogInit: Read version file with build ID '3709383'
LogInit: Overriding engine version to CL 3794801, compatible CL 3709383
LogInit: Registered custom module enumerator with build ID '3709383'
LogTaskGraph: Started task graph with 5 named threads and 11 total threads with 3 sets of task threads.
LogStats: Stats thread started at 4.009467
>>>>>>> Stashed changes
LogD3D11RHI: Aftermath initialized
LogModuleManager: Display: Found up-to-date module file ../../../Engine/Plugins/Marketplace/LowEntryExtStdLib/Binaries/Win64/UE4Editor-LowEntryExtendedStandardLibrary.dll (API version 3709383).
LogModuleManager: Display: Found up-to-date module file ../../../Engine/Plugins/Marketplace/LowEntryExtStdLib/Binaries/Win64/UE4Editor-LowEntryExtendedStandardLibraryEditor.dll (API version 3709383).
LogModuleManager: Display: Found up-to-date module file ../../../Engine/Plugins/2D/Paper2D/Binaries/Win64/UE4Editor-Paper2D.dll (API version 3709383).
LogModuleManager: Display: Found up-to-date module file ../../../Engine/Plugins/2D/Paper2D/Binaries/Win64/UE4Editor-Paper2DEditor.dll (API version 3709383).
LogModuleManager: Display: Found up-to-date module file ../../../Engine/Plugins/2D/Paper2D/Binaries/Win64/UE4Editor-PaperSpriteSheetImporter.dll (API version 3709383).
LogModuleManager: Display: Found up-to-date module file ../../../Engine/Plugins/2D/Paper2D/Binaries/Win64/UE4Editor-PaperTiledImporter.dll (API version 3709383).
LogModuleManager: Display: Found up-to-date module file ../../../Engine/Plugins/2D/Paper2D/Binaries/Win64/UE4Editor-SmartSnapping.dll (API version 3709383).
LogModuleManager: Display: Found up-to-date module file ../../../Engine/Plugins/Blendables/LightPropagationVolume/Binaries/Win64/UE4Editor-LightPropagationVolumeRuntime.dll (API version 3709383).
LogModuleManager: Display: Found up-to-date module file ../../../Engine/Plugins/Blendables/LightPropagationVolume/Binaries/Win64/UE4Editor-LightPropagationVolumeEditor.dll (API version 3709383).
LogModuleManager: Display: Found up-to-date module file ../../../Engine/Plugins/Developer/GitSourceControl/Binaries/Win64/UE4Editor-GitSourceControl.dll (API version 3709383).
LogModuleManager: Display: Found up-to-date module file ../../../Engine/Plugins/Developer/PerforceSourceControl/Binaries/Win64/UE4Editor-PerforceSourceControl.dll (API version 3709383).
LogModuleManager: Display: Found up-to-date module file ../../../Engine/Plugins/Developer/SubversionSourceControl/Binaries/Win64/UE4Editor-SubversionSourceControl.dll (API version 3709383).
LogModuleManager: Display: Found up-to-date module file ../../../Engine/Plugins/Developer/UObjectPlugin/Binaries/Win64/UE4Editor-UObjectPlugin.dll (API version 3709383).
LogModuleManager: Display: Found up-to-date module file ../../../Engine/Plugins/Developer/VisualStudioCodeSourceCodeAccess/Binaries/Win64/UE4Editor-VisualStudioCodeSourceCodeAccess.dll (API version 3709383).
LogModuleManager: Display: Found up-to-date module file ../../../Engine/Plugins/Developer/VisualStudioSourceCodeAccess/Binaries/Win64/UE4Editor-VisualStudioSourceCodeAccess.dll (API version 3709383).
LogModuleManager: Display: Found up-to-date module file ../../../Engine/Plugins/Editor/AssetManagerEditor/Binaries/Win64/UE4Editor-AssetManagerEditor.dll (API version 3709383).
LogModuleManager: Display: Found up-to-date module file ../../../Engine/Plugins/Editor/AudioCapture/Binaries/Win64/UE4Editor-AudioCapture.dll (API version 3709383).
LogModuleManager: Display: Found up-to-date module file ../../../Engine/Plugins/Editor/FacialAnimation/Binaries/Win64/UE4Editor-FacialAnimation.dll (API version 3709383).
LogModuleManager: Display: Found up-to-date module file ../../../Engine/Plugins/Editor/FacialAnimation/Binaries/Win64/UE4Editor-FacialAnimationEditor.dll (API version 3709383).
LogModuleManager: Display: Found up-to-date module file ../../../Engine/Plugins/Editor/GameplayTagsEditor/Binaries/Win64/UE4Editor-GameplayTagsEditor.dll (API version 3709383).
LogModuleManager: Display: Found up-to-date module file ../../../Engine/Plugins/Editor/MobileLauncherProfileWizard/Binaries/Win64/UE4Editor-MobileLauncherProfileWizard.dll (API version 3709383).
LogModuleManager: Display: Found up-to-date module file ../../../Engine/Plugins/Editor/PluginBrowser/Binaries/Win64/UE4Editor-PluginBrowser.dll (API version 3709383).
LogModuleManager: Display: Found up-to-date module file ../../../Engine/Plugins/Editor/SpeedTreeImporter/Binaries/Win64/UE4Editor-SpeedTreeImporter.dll (API version 3709383).
LogModuleManager: Display: Found up-to-date module file ../../../Engine/Plugins/Experimental/AlembicImporter/Binaries/Win64/UE4Editor-AlembicImporter.dll (API version 3709383).
LogModuleManager: Display: Found up-to-date module file ../../../Engine/Plugins/Experimental/AlembicImporter/Binaries/Win64/UE4Editor-AlembicLibrary.dll (API version 3709383).
LogModuleManager: Display: Found up-to-date module file ../../../Engine/Plugins/Experimental/CharacterAI/Binaries/Win64/UE4Editor-CharacterAI.dll (API version 3709383).
LogModuleManager: Display: Found up-to-date module file ../../../Engine/Plugins/Experimental/HTML5Networking/Binaries/Win64/UE4Editor-HTML5Networking.dll (API version 3709383).
LogModuleManager: Display: Found up-to-date module file ../../../Engine/Plugins/Media/AndroidMedia/Binaries/Win64/UE4Editor-AndroidMediaEditor.dll (API version 3709383).
LogModuleManager: Display: Found up-to-date module file ../../../Engine/Plugins/Media/AndroidMedia/Binaries/Win64/UE4Editor-AndroidMediaFactory.dll (API version 3709383).
LogModuleManager: Display: Found up-to-date module file ../../../Engine/Plugins/Media/AvfMedia/Binaries/Win64/UE4Editor-AvfMediaEditor.dll (API version 3709383).
LogModuleManager: Display: Found up-to-date module file ../../../Engine/Plugins/Media/AvfMedia/Binaries/Win64/UE4Editor-AvfMediaFactory.dll (API version 3709383).
LogModuleManager: Display: Found up-to-date module file ../../../Engine/Plugins/Media/AvfMedia/Binaries/Win64/UE4Editor-AvfMediaFactory.dll (API version 3709383).
LogModuleManager: Display: Found up-to-date module file ../../../Engine/Plugins/Media/ImgMedia/Binaries/Win64/UE4Editor-ImgMedia.dll (API version 3709383).
LogModuleManager: Display: Found up-to-date module file ../../../Engine/Plugins/Media/ImgMedia/Binaries/Win64/UE4Editor-ImgMediaEditor.dll (API version 3709383).
LogModuleManager: Display: Found up-to-date module file ../../../Engine/Plugins/Media/ImgMedia/Binaries/Win64/UE4Editor-ImgMediaFactory.dll (API version 3709383).
LogModuleManager: Display: Found up-to-date module file ../../../Engine/Plugins/Media/ImgMedia/Binaries/Win64/UE4Editor-ImgMediaFactory.dll (API version 3709383).
LogModuleManager: Display: Found up-to-date module file ../../../Engine/Plugins/Media/ImgMedia/Binaries/Win64/UE4Editor-OpenExrWrapper.dll (API version 3709383).
LogModuleManager: Display: Found up-to-date module file ../../../Engine/Plugins/Media/MediaCompositing/Binaries/Win64/UE4Editor-MediaCompositing.dll (API version 3709383).
LogModuleManager: Display: Found up-to-date module file ../../../Engine/Plugins/Media/MediaCompositing/Binaries/Win64/UE4Editor-MediaCompositingEditor.dll (API version 3709383).
LogModuleManager: Display: Found up-to-date module file ../../../Engine/Plugins/Media/MediaPlayerEditor/Binaries/Win64/UE4Editor-MediaPlayerEditor.dll (API version 3709383).
LogModuleManager: Display: Found up-to-date module file ../../../Engine/Plugins/Media/WmfMedia/Binaries/Win64/UE4Editor-WmfMedia.dll (API version 3709383).
LogModuleManager: Display: Found up-to-date module file ../../../Engine/Plugins/Media/WmfMedia/Binaries/Win64/UE4Editor-WmfMediaEditor.dll (API version 3709383).
LogModuleManager: Display: Found up-to-date module file ../../../Engine/Plugins/Media/WmfMedia/Binaries/Win64/UE4Editor-WmfMediaFactory.dll (API version 3709383).
LogModuleManager: Display: Found up-to-date module file ../../../Engine/Plugins/Media/WmfMedia/Binaries/Win64/UE4Editor-WmfMediaFactory.dll (API version 3709383).
LogModuleManager: Display: Found up-to-date module file ../../../Engine/Plugins/Messaging/TcpMessaging/Binaries/Win64/UE4Editor-TcpMessaging.dll (API version 3709383).
LogModuleManager: Display: Found up-to-date module file ../../../Engine/Plugins/Messaging/UdpMessaging/Binaries/Win64/UE4Editor-UdpMessaging.dll (API version 3709383).
LogModuleManager: Display: Found up-to-date module file ../../../Engine/Plugins/MovieScene/ActorSequence/Binaries/Win64/UE4Editor-ActorSequence.dll (API version 3709383).
LogModuleManager: Display: Found up-to-date module file ../../../Engine/Plugins/MovieScene/LevelSequenceEditor/Binaries/Win64/UE4Editor-LevelSequenceEditor.dll (API version 3709383).
LogModuleManager: Display: Found up-to-date module file ../../../Engine/Plugins/MovieScene/MatineeToLevelSequence/Binaries/Win64/UE4Editor-MatineeToLevelSequence.dll (API version 3709383).
LogModuleManager: Display: Found up-to-date module file ../../../Engine/Plugins/Online/OnlineSubsystem/Binaries/Win64/UE4Editor-OnlineSubsystem.dll (API version 3709383).
LogModuleManager: Display: Found up-to-date module file ../../../Engine/Plugins/Runtime/AndroidPermission/Binaries/Win64/UE4Editor-AndroidPermission.dll (API version 3709383).
LogModuleManager: Display: Found up-to-date module file ../../../Engine/Plugins/Online/OnlineSubsystemNull/Binaries/Win64/UE4Editor-OnlineSubsystemNull.dll (API version 3709383).
LogModuleManager: Display: Found up-to-date module file ../../../Engine/Plugins/Online/OnlineSubsystemUtils/Binaries/Win64/UE4Editor-OnlineSubsystemUtils.dll (API version 3709383).
LogModuleManager: Display: Found up-to-date module file ../../../Engine/Plugins/Online/OnlineSubsystemUtils/Binaries/Win64/UE4Editor-OnlineBlueprintSupport.dll (API version 3709383).
LogModuleManager: Display: Found up-to-date module file ../../../Engine/Plugins/Runtime/AndroidDeviceProfileSelector/Binaries/Win64/UE4Editor-AndroidDeviceProfileSelector.dll (API version 3709383).
LogModuleManager: Display: Found up-to-date module file ../../../Engine/Plugins/Runtime/AppleARKit/Binaries/Win64/UE4Editor-AppleARKit.dll (API version 3709383).
LogModuleManager: Display: Found up-to-date module file ../../../Engine/Plugins/Runtime/ArchVisCharacter/Binaries/Win64/UE4Editor-ArchVisCharacter.dll (API version 3709383).
LogModuleManager: Display: Found up-to-date module file ../../../Engine/Plugins/Runtime/CableComponent/Binaries/Win64/UE4Editor-CableComponent.dll (API version 3709383).
LogModuleManager: Display: Found up-to-date module file ../../../Engine/Plugins/Runtime/CustomMeshComponent/Binaries/Win64/UE4Editor-CustomMeshComponent.dll (API version 3709383).
LogModuleManager: Display: Found up-to-date module file ../../../Engine/Plugins/Runtime/ExampleDeviceProfileSelector/Binaries/Win64/UE4Editor-ExampleDeviceProfileSelector.dll (API version 3709383).
LogModuleManager: Display: Found up-to-date module file ../../../Engine/Plugins/Runtime/ImmediatePhysics/Binaries/Win64/UE4Editor-ImmediatePhysics.dll (API version 3709383).
LogModuleManager: Display: Found up-to-date module file ../../../Engine/Plugins/Runtime/ImmediatePhysics/Binaries/Win64/UE4Editor-ImmediatePhysicsEditor.dll (API version 3709383).
LogModuleManager: Display: Found up-to-date module file ../../../Engine/Plugins/Runtime/LocationServicesBPLibrary/Binaries/Win64/UE4Editor-LocationServicesBPLibrary.dll (API version 3709383).
LogModuleManager: Display: Found up-to-date module file ../../../Engine/Plugins/Runtime/MobilePatchingUtils/Binaries/Win64/UE4Editor-MobilePatchingUtils.dll (API version 3709383).
LogModuleManager: Display: Found up-to-date module file ../../../Engine/Plugins/Runtime/Oculus/OculusVR/Binaries/Win64/UE4Editor-OculusHMD.dll (API version 3709383).
LogModuleManager: Display: Found up-to-date module file ../../../Engine/Plugins/Runtime/Oculus/OculusVR/Binaries/Win64/UE4Editor-OculusInput.dll (API version 3709383).
LogModuleManager: Display: Found up-to-date module file ../../../Engine/Plugins/Runtime/Oculus/OculusVR/Binaries/Win64/UE4Editor-OculusEditor.dll (API version 3709383).
LogModuleManager: Display: Found up-to-date module file ../../../Engine/Plugins/Runtime/PhysXVehicles/Binaries/Win64/UE4Editor-PhysXVehicles.dll (API version 3709383).
LogModuleManager: Display: Found up-to-date module file ../../../Engine/Plugins/Runtime/PhysXVehicles/Binaries/Win64/UE4Editor-PhysXVehiclesEditor.dll (API version 3709383).
LogModuleManager: Display: Found up-to-date module file ../../../Engine/Plugins/Runtime/ProceduralMeshComponent/Binaries/Win64/UE4Editor-ProceduralMeshComponent.dll (API version 3709383).
LogModuleManager: Display: Found up-to-date module file ../../../Engine/Plugins/Runtime/ProceduralMeshComponent/Binaries/Win64/UE4Editor-ProceduralMeshComponentEditor.dll (API version 3709383).
LogModuleManager: Display: Found up-to-date module file ../../../Engine/Plugins/Runtime/RuntimePhysXCooking/Binaries/Win64/UE4Editor-RuntimePhysXCooking.dll (API version 3709383).
LogModuleManager: Display: Found up-to-date module file ../../../Engine/Plugins/Runtime/Steam/SteamVR/Binaries/Win64/UE4Editor-SteamVR.dll (API version 3709383).
LogModuleManager: Display: Found up-to-date module file ../../../Engine/Plugins/Runtime/Steam/SteamVR/Binaries/Win64/UE4Editor-SteamVRController.dll (API version 3709383).
LogModuleManager: Display: Found up-to-date module file ../../../Engine/Plugins/Runtime/WindowsMoviePlayer/Binaries/Win64/UE4Editor-WindowsMoviePlayer.dll (API version 3709383).
LogPluginManager: Mounting plugin Paper2D
LogPluginManager: Mounting plugin LightPropagationVolume
LogPluginManager: Mounting plugin CodeLiteSourceCodeAccess
LogPluginManager: Mounting plugin GitSourceControl
LogPluginManager: Mounting plugin KDevelopSourceCodeAccess
LogPluginManager: Mounting plugin NullSourceCodeAccess
LogPluginManager: Mounting plugin PerforceSourceControl
LogPluginManager: Mounting plugin SubversionSourceControl
LogPluginManager: Mounting plugin UObjectPlugin
LogPluginManager: Mounting plugin VisualStudioCodeSourceCodeAccess
LogPluginManager: Mounting plugin VisualStudioSourceCodeAccess
LogPluginManager: Mounting plugin XCodeSourceCodeAccess
LogPluginManager: Mounting plugin AssetManagerEditor
LogPluginManager: Mounting plugin AudioCapture
LogPluginManager: Mounting plugin FacialAnimation
LogPluginManager: Mounting plugin GameplayTagsEditor
LogPluginManager: Mounting plugin MobileLauncherProfileWizard
LogPluginManager: Mounting plugin PluginBrowser
LogPluginManager: Mounting plugin SpeedTreeImporter
LogPluginManager: Mounting plugin AlembicImporter
LogPluginManager: Mounting plugin CharacterAI
LogPluginManager: Mounting plugin HTML5Networking
LogPluginManager: Mounting plugin LowEntryExtStdLib
LogPluginManager: Mounting plugin AndroidMedia
LogPluginManager: Mounting plugin AvfMedia
LogPluginManager: Mounting plugin ImgMedia
LogPluginManager: Mounting plugin MediaCompositing
LogPluginManager: Mounting plugin MediaPlayerEditor
LogPluginManager: Mounting plugin WmfMedia
LogPluginManager: Mounting plugin TcpMessaging
LogPluginManager: Mounting plugin UdpMessaging
LogPluginManager: Mounting plugin ActorSequence
LogPluginManager: Mounting plugin LevelSequenceEditor
LogPluginManager: Mounting plugin MatineeToLevelSequence
LogPluginManager: Mounting plugin OnlineSubsystemGooglePlay
LogPluginManager: Mounting plugin OnlineSubsystemIOS
LogPluginManager: Mounting plugin OnlineSubsystem
LogPluginManager: Mounting plugin OnlineSubsystemNull
LogPluginManager: Mounting plugin OnlineSubsystemUtils
LogPluginManager: Mounting plugin AndroidDeviceProfileSelector
LogPluginManager: Mounting plugin AndroidMoviePlayer
LogPluginManager: Mounting plugin AndroidPermission
LogPluginManager: Mounting plugin AppleARKit
LogPluginManager: Mounting plugin AppleMoviePlayer
LogPluginManager: Mounting plugin ArchVisCharacter
LogPluginManager: Mounting plugin CableComponent
LogPluginManager: Mounting plugin CustomMeshComponent
LogPluginManager: Mounting plugin ExampleDeviceProfileSelector
LogPluginManager: Mounting plugin GoogleCloudMessaging
LogPluginManager: Mounting plugin ImmediatePhysics
LogPluginManager: Mounting plugin IOSDeviceProfileSelector
LogPluginManager: Mounting plugin LinuxDeviceProfileSelector
LogPluginManager: Mounting plugin LocationServicesBPLibrary
LogPluginManager: Mounting plugin MobilePatchingUtils
LogPluginManager: Mounting plugin OculusVR
LogPluginManager: Plugin shader directory ../../../Engine/Plugins/Runtime/Oculus/OculusVR/Shaders found
LogPluginManager: Mapping shader source directory ../../../Engine/Plugins/Runtime/Oculus/OculusVR/Shaders to virtual directory /Plugin/OculusVR
LogPluginManager: Mounting plugin PhysXVehicles
LogPluginManager: Mounting plugin ProceduralMeshComponent
LogPluginManager: Mounting plugin RuntimePhysXCooking
LogPluginManager: Mounting plugin SteamVR
LogPluginManager: Mounting plugin WindowsMoviePlayer
LogInit: Using libcurl 7.47.1
LogInit:  - built for x86_64-pc-win32
LogInit:  - supports SSL with OpenSSL/1.0.2g
LogInit:  - supports HTTP deflate (compression) using libz 1.2.8
LogInit:  - other features:
LogInit:      CURL_VERSION_SSL
LogInit:      CURL_VERSION_LIBZ
LogInit:      CURL_VERSION_IPV6
LogInit:      CURL_VERSION_ASYNCHDNS
LogInit:      CURL_VERSION_LARGEFILE
LogInit:      CURL_VERSION_IDN
LogInit:  CurlRequestOptions (configurable via config and command line):
LogInit:  - bVerifyPeer = false  - Libcurl will NOT verify peer certificate
LogInit:  - bUseHttpProxy = false  - Libcurl will NOT use HTTP proxy
LogInit:  - bDontReuseConnections = false  - Libcurl will reuse connections
LogInit:  - CertBundlePath = nullptr  - Libcurl will use whatever was configured at build time.
LogInit: Build: ++UE4+Release-4.18-CL-3794801
LogInit: Engine Version: 4.18.2-3794801+++UE4+Release-4.18
LogInit: Compatible Engine Version: 4.18.0-3709383+++UE4+Release-4.18
LogInit: Net CL: 3709383
LogDevObjectVersion: Number of dev versions registered: 16
LogDevObjectVersion:   Dev-Blueprints (B0D832E4-1F89-4F0D-ACCF-7EB736FD4AA2): 10
LogDevObjectVersion:   Dev-Build (E1C64328-A22C-4D53-A36C-8E866417BD8C): 0
LogDevObjectVersion:   Dev-Core (375EC13C-06E4-48FB-B500-84F0262A717E): 2
LogDevObjectVersion:   Dev-Editor (E4B068ED-F494-42E9-A231-DA0B2E46BB41): 20
LogDevObjectVersion:   Dev-Framework (CFFC743F-43B0-4480-9391-14DF171D2073): 30
LogDevObjectVersion:   Dev-Mobile (B02B49B5-BB20-44E9-A304-32B752E40360): 0
LogDevObjectVersion:   Dev-Networking (A4E4105C-59A1-49B5-A7C5-40C4547EDFEE): 0
LogDevObjectVersion:   Dev-Online (39C831C9-5AE6-47DC-9A44-9C173E1C8E7C): 0
LogDevObjectVersion:   Dev-Physics (78F01B33-EBEA-4F98-B9B4-84EACCB95AA2): 0
LogDevObjectVersion:   Dev-Platform (6631380F-2D4D-43E0-8009-CF276956A95A): 0
LogDevObjectVersion:   Dev-Rendering (12F88B9F-8875-4AFC-A67C-D90C383ABD29): 20
LogDevObjectVersion:   Dev-Sequencer (7B5AE74C-D270-4C10-A958-57980B212A5A): 4
LogDevObjectVersion:   Dev-VR (D7296918-1DD6-4BDD-9DE2-64A83CC13884): 0
LogDevObjectVersion:   Dev-LoadTimes (C2A15278-BFE7-4AFE-6C17-90FF531DF755): 1
LogDevObjectVersion:   Private-Geometry (6EACA3D4-40EC-4CC1-B786-8BED09428FC5): 1
LogDevObjectVersion:   Dev-AnimPhys (29E575DD-E0A3-4627-9D10-D276232CDCEA): 12
LogInit: Compiled (64-bit): Dec  8 2017 02:04:53
LogInit: Compiled with Visual C++: 19.00.24215.01
LogInit: Build Configuration: Development
LogInit: Branch Name: ++UE4+Release-4.18
LogInit: Command line:  
LogInit: Base directory: D:/Unreal/UE_4.18/Engine/Binaries/Win64/
LogInit: Installed Engine Build: 1
LogInit: Presizing for max 8388607 objects, including 0 objects not considered by GC, pre-allocating 0 bytes for permanent pool.
LogInit: Object subsystem initialized
<<<<<<< Updated upstream
[2018.03.24-02.58.53:848][  0]LogInit: Selected Device Profile: [Windows]
[2018.03.24-02.58.53:848][  0]LogInit: Applying CVar settings loaded from the selected device profile: [Windows]
[2018.03.24-02.58.53:878][  0]LogInit: Computer: VIEBLITZ-PC
[2018.03.24-02.58.53:878][  0]LogInit: User: Ryan
[2018.03.24-02.58.53:878][  0]LogInit: CPU Page size=4096, Cores=6
[2018.03.24-02.58.53:879][  0]LogInit: High frequency timer resolution =3.119138 MHz
[2018.03.24-02.58.53:879][  0]LogMemory: Memory total: Physical=16.0GB (16GB approx)
[2018.03.24-02.58.53:879][  0]LogMemory: Platform Memory Stats for Windows
[2018.03.24-02.58.53:879][  0]LogMemory: Process Physical Memory: 274.27 MB used, 274.27 MB peak
[2018.03.24-02.58.53:879][  0]LogMemory: Process Virtual Memory: 270.18 MB used, 270.18 MB peak
[2018.03.24-02.58.53:879][  0]LogMemory: Physical Memory: 4291.18 MB used,  12044.13 MB free, 16335.31 MB total
[2018.03.24-02.58.53:879][  0]LogMemory: Virtual Memory: 682.88 MB used,  12044.13 MB free, 134217728.00 MB total
[2018.03.24-02.58.54:008][  0]LogInit: Using OS detected language (en-US).
[2018.03.24-02.58.54:008][  0]LogInit: Using OS detected locale (en-US).
[2018.03.24-02.58.54:013][  0]LogTextLocalizationManager: No specific localization for 'en-US' exists, so the 'en' localization will be used.
[2018.03.24-02.58.54:449][  0]LogInit: Setting process to per monitor DPI aware
[2018.03.24-02.58.54:829][  0]LogD3D11RHI: D3D11 adapters:
[2018.03.24-02.58.54:874][  0]LogD3D11RHI:    0. 'NVIDIA GeForce GTX 1070' (Feature Level 11_0)
[2018.03.24-02.58.54:874][  0]LogD3D11RHI:       8096/0/8167 MB DedicatedVideo/DedicatedSystem/SharedSystem, Outputs:1, VendorId:0x10de
[2018.03.24-02.58.54:877][  0]LogD3D11RHI:    1. 'Microsoft Basic Render Driver' (Feature Level 11_0)
[2018.03.24-02.58.54:877][  0]LogD3D11RHI:       0/0/8167 MB DedicatedVideo/DedicatedSystem/SharedSystem, Outputs:0, VendorId:0x1414
[2018.03.24-02.58.54:877][  0]LogD3D11RHI: Chosen D3D11 Adapter: 0
[2018.03.24-02.58.54:884][  0]LogD3D11RHI: Creating new Direct3DDevice
[2018.03.24-02.58.54:884][  0]LogD3D11RHI:     GPU DeviceId: 0x1b81 (for the marketing name, search the web for "GPU Device Id")
[2018.03.24-02.58.54:884][  0]LogWindows: EnumDisplayDevices:
[2018.03.24-02.58.54:884][  0]LogWindows:    0. 'NVIDIA GeForce GTX 1070' (P:1 D:1)
[2018.03.24-02.58.54:884][  0]LogWindows:    1. 'NVIDIA GeForce GTX 1070' (P:0 D:0)
[2018.03.24-02.58.54:884][  0]LogWindows:    2. 'NVIDIA GeForce GTX 1070' (P:0 D:0)
[2018.03.24-02.58.54:884][  0]LogWindows:    3. 'NVIDIA GeForce GTX 1070' (P:0 D:0)
[2018.03.24-02.58.54:884][  0]LogWindows: DebugString: GetVideoDriverDetailsInvalid PrimaryIsNotTheChoosenAdapter GetVideoDriverDetailsInvalid PrimaryIsNotTheChoosenAdapter GetVideoDriverDetailsInvalid PrimaryIsNotTheChoosenAdapter GetVideoDriverDetailsInvalid PrimaryIsNotTheChoosenAdapter FoundDriverCount:0 
[2018.03.24-02.58.54:884][  0]LogD3D11RHI:     Adapter Name: NVIDIA GeForce GTX 1070
[2018.03.24-02.58.54:884][  0]LogD3D11RHI:   Driver Version: Unknown (internal:Unknown, unified:Unknown)
[2018.03.24-02.58.54:884][  0]LogD3D11RHI:      Driver Date: Unknown
[2018.03.24-02.58.54:884][  0]LogRHI: Texture pool is 5667 MB (70% of 8096 MB)
[2018.03.24-02.58.54:912][  0]LogD3D11RHI: Async texture creation enabled
[2018.03.24-02.58.54:923][  0]LogD3D11RHI: GPU Timing Frequency: 1000.000000 (Debug: 2 1)
[2018.03.24-02.58.54:969][  0]LogShaderCompilers: Guid format shader working directory is 18 characters bigger than the processId version (../../../../SandboxGame/USG/Intermediate/Shaders/WorkingDirectory/7428/).
[2018.03.24-02.58.54:969][  0]LogShaderCompilers: Cleaned the shader compiler working directory 'C:/Users/Ryan/AppData/Local/Temp/UnrealShaderWorkingDir/89C1748048C7A5ABA3819D80081FCC47/'.
[2018.03.24-02.58.54:969][  0]LogShaderCompilers: Display: Using Local Shader Compiler.
[2018.03.24-02.58.56:122][  0]LogTemp: Display: Loaded TP AllDesktopTargetPlatform
[2018.03.24-02.58.56:194][  0]LogTemp: Display: Loaded TP MacClientTargetPlatform
[2018.03.24-02.58.56:246][  0]LogTemp: Display: Loaded TP MacNoEditorTargetPlatform
[2018.03.24-02.58.56:298][  0]LogTemp: Display: Loaded TP MacServerTargetPlatform
[2018.03.24-02.58.56:350][  0]LogTemp: Display: Loaded TP MacTargetPlatform
[2018.03.24-02.58.56:420][  0]LogTemp: Display: Loaded TP WindowsClientTargetPlatform
[2018.03.24-02.58.56:483][  0]LogTemp: Display: Loaded TP WindowsNoEditorTargetPlatform
[2018.03.24-02.58.56:543][  0]LogTemp: Display: Loaded TP WindowsServerTargetPlatform
[2018.03.24-02.58.56:587][  0]LogTemp: Display: Loaded TP WindowsTargetPlatform
[2018.03.24-02.58.56:637][  0]LogTemp: Display: Loaded TP Android_ASTCTargetPlatform
[2018.03.24-02.58.56:688][  0]LogTemp: Display: Loaded TP Android_ATCTargetPlatform
[2018.03.24-02.58.56:740][  0]LogTemp: Display: Loaded TP Android_DXTTargetPlatform
[2018.03.24-02.58.56:791][  0]LogTemp: Display: Loaded TP Android_ETC1TargetPlatform
[2018.03.24-02.58.56:842][  0]LogTemp: Display: Loaded TP Android_ETC2TargetPlatform
[2018.03.24-02.58.56:944][  0]LogTemp: Display: Loaded TP Android_MultiTargetPlatform
[2018.03.24-02.58.56:944][  0]LogTemp: Display: Loaded TP Android_PVRTCTargetPlatform
[2018.03.24-02.58.56:995][  0]LogTemp: Display: Loaded TP AndroidTargetPlatform
[2018.03.24-02.58.57:052][  0]LogTemp: Display: Loaded TP HTML5TargetPlatform
[2018.03.24-02.58.57:142][  0]LogTemp: Display: Loaded TP IOSTargetPlatform
[2018.03.24-02.58.57:177][  0]LogTemp: Display: Loaded TP TVOSTargetPlatform
[2018.03.24-02.58.57:236][  0]LogTemp: Display: Loaded TP LinuxClientTargetPlatform
[2018.03.24-02.58.57:287][  0]LogTemp: Display: Loaded TP LinuxNoEditorTargetPlatform
[2018.03.24-02.58.57:338][  0]LogTemp: Display: Loaded TP LinuxServerTargetPlatform
[2018.03.24-02.58.57:389][  0]LogTemp: Display: Loaded TP LinuxTargetPlatform
[2018.03.24-02.58.57:389][  0]LogTargetPlatformManager: Display: Building Assets For Windows
[2018.03.24-02.58.57:864][  0]LogDerivedDataCache: Display: Max Cache Size: 512 MB
[2018.03.24-02.58.57:944][  0]LogDerivedDataCache: Loaded boot cache 0.08s 78MB C:/Users/Ryan/AppData/Local/UnrealEngine/4.18/DerivedDataCache/Boot.ddc.
[2018.03.24-02.58.57:944][  0]LogDerivedDataCache: Display: Loaded Boot cache: C:/Users/Ryan/AppData/Local/UnrealEngine/4.18/DerivedDataCache/Boot.ddc
[2018.03.24-02.58.57:944][  0]LogDerivedDataCache: FDerivedDataBackendGraph:  Pak pak cache file ../../../../SandboxGame/USG/DerivedDataCache/DDC.ddp not found, will not use a pak cache.
[2018.03.24-02.58.57:944][  0]LogDerivedDataCache: Unable to find inner node Pak for hierarchical cache Hierarchy.
[2018.03.24-02.58.57:944][  0]LogDerivedDataCache: FDerivedDataBackendGraph:  CompressedPak pak cache file ../../../../SandboxGame/USG/DerivedDataCache/Compressed.ddp not found, will not use a pak cache.
[2018.03.24-02.58.57:944][  0]LogDerivedDataCache: Unable to find inner node CompressedPak for hierarchical cache Hierarchy.
[2018.03.24-02.58.57:963][  0]LogDerivedDataCache: Display: Pak cache opened for reading ../../../Engine/DerivedDataCache/Compressed.ddp.
[2018.03.24-02.58.57:975][  0]LogDerivedDataCache: Using Local data cache path C:/Users/Ryan/AppData/Local/UnrealEngine/Common/DerivedDataCache: Writable
[2018.03.24-02.58.57:996][  0]LogMaterial: Verifying Global Shaders for PCD3D_SM5
[2018.03.24-02.58.57:996][  0]LogSlate: Using Freetype 2.6.0
[2018.03.24-02.58.57:998][  0]LogSlate: SlateFontCache - WITH_FREETYPE: 1, WITH_HARFBUZZ: 1
[2018.03.24-02.58.57:998][  0]LogSlate: SlateFontCache - WITH_FREETYPE: 1, WITH_HARFBUZZ: 1
[2018.03.24-02.58.58:467][  0]LogInit: Selected Device Profile: [Windows]
[2018.03.24-02.58.58:844][  0]LogSimplygon: Simplygon DLL not present - disabling.
[2018.03.24-02.58.58:889][  0]LogMeshReduction: Using SimplygonSwarm for distributed automatic mesh merging
[2018.03.24-02.58.58:889][  0]LogMeshReduction: Using QuadricMeshReduction for automatic static mesh reduction
[2018.03.24-02.58.58:889][  0]LogMeshReduction: No automatic skeletal mesh reduction module available
[2018.03.24-02.58.58:889][  0]LogMeshReduction: No automatic mesh merging module available
[2018.03.24-02.58.58:890][  0]LogMeshMerging: No automatic mesh merging module available
[2018.03.24-02.58.58:932][  0]LogNetVersion: USG , NetCL: 3709383, EngineNetVer: 2, GameNetVer: 0 (Checksum: 3135608703)
[2018.03.24-02.58.59:111][  0]LogAssetRegistry: FAssetRegistry took 0.0271 seconds to start up
[2018.03.24-02.58.59:743][  0]LogPackageLocalizationCache: Processed 8 localized package path(s) for 2 prioritized culture(s) in 0.101790 seconds
[2018.03.24-02.58.59:749][  0]LogUObjectArray: 35900 objects as part of root set at end of initial load.
[2018.03.24-02.58.59:749][  0]LogUObjectAllocator: 7372016 out of 0 bytes used by permanent object pool.
[2018.03.24-02.58.59:749][  0]LogUObjectArray: CloseDisregardForGC: 0/0 objects in disregard for GC pool
[2018.03.24-02.58.59:807][  0]LogInit: WinSock: version 1.1 (2.2), MaxSocks=32767, MaxUdp=65467
[2018.03.24-02.59.03:474][  0]LogTcpMessaging: Initializing TcpMessaging bridge
[2018.03.24-02.59.03:519][  0]LogUdpMessaging: Initializing bridge on interface 0.0.0.0:0 to multicast group 230.0.0.1:6666.
[2018.03.24-02.59.04:295][  0]LogMaterial: Uniform references updated for custom material expression Custom.
[2018.03.24-02.59.04:741][  0]SourceControl: Source control is disabled
[2018.03.24-02.59.06:467][  0]LogAndroidPermission: UAndroidPermissionCallbackProxy::GetInstance
[2018.03.24-02.59.06:795][  0]LogOcInput: OculusInput pre-init called
[2018.03.24-02.59.07:098][  0]LogEngine: Initializing Engine...
[2018.03.24-02.59.07:100][  0]LogHMD: Failed to initialize OpenVR with code 110
[2018.03.24-02.59.07:336][  0]LogStats: UGameplayTagsManager::ConstructGameplayTagTree: Construct from data asset -  0.000 s
[2018.03.24-02.59.07:337][  0]LogStats: UGameplayTagsManager::ConstructGameplayTagTree: GameplayTagTreeChangedEvent.Broadcast -  0.000 s
[2018.03.24-02.59.07:459][  0]LogAIModule: Creating AISystem for world Untitled
[2018.03.24-02.59.07:490][  0]LogInit: XAudio2 using 'Realtek HD Audio 2nd output (Realtek High Definition Audio)' : 2 channels at 48 kHz using 32 bits per sample (channel mask 0x3)
[2018.03.24-02.59.07:516][  0]LogInit: FAudioDevice initialized.
[2018.03.24-02.59.07:746][  0]LogDerivedDataCache: Saved boot cache 0.23s 78MB C:/Users/Ryan/AppData/Local/UnrealEngine/4.18/DerivedDataCache/Boot.ddc.
[2018.03.24-02.59.07:762][  0]LogInit: Texture streaming: Enabled
[2018.03.24-02.59.07:850][  0]LogEngineSessionManager: EngineSessionManager initialized
[2018.03.24-02.59.07:974][  0]LogInit: Transaction tracking system initialized
[2018.03.24-02.59.08:269][  0]BlueprintLog: New page: Editor Load
[2018.03.24-02.59.09:129][  0]LocalizationService: Localization service is disabled
[2018.03.24-02.59.09:902][  0]LogConsoleResponse: Display: 
[2018.03.24-02.59.10:092][  0]LogCook: Display: Max memory allowance for cook 16384mb min free memory 0mb
[2018.03.24-02.59.10:092][  0]LogCook: Display: Mobile HDR setting 1
[2018.03.24-02.59.10:093][  0]LogGameplayTags: Display: UGameplayTagsManager::DoneAddingNativeTags. DelegateIsBound: 0
[2018.03.24-02.59.10:331][  0]LogFileCache: Scanning file cache for directory 'D:/Unreal/SandboxGame/USG/Content/' took 0.02s
[2018.03.24-02.59.11:369][  0]Cmd: MAP LOAD FILE="../../../../SandboxGame/USG/Content/ThirdPersonBP/Maps/ThirdPersonExampleMap.umap" TEMPLATE=0 SHOWPROGRESS=1 FEATURELEVEL=3
[2018.03.24-02.59.11:369][  0]LightingResults: New page: Lighting Build
[2018.03.24-02.59.11:409][  0]MapCheck: New page: Map Check
[2018.03.24-02.59.11:409][  0]LightingResults: New page: Lighting Build
[2018.03.24-02.59.11:611][  0]LogLinker: Warning: Asset '../../../Engine/Plugins/Marketplace/LowEntryExtStdLib/Content/Blueprints/LowEntryExtendedStandardLibraryMacros.uasset' has been saved with empty engine version. The asset will be loaded but may be incompatible.
[2018.03.24-02.59.12:172][  0]LogAIModule: Creating AISystem for world ThirdPersonExampleMap
[2018.03.24-02.59.12:188][  0]LogEditorServer: Finished looking for orphan Actors (0.000 secs)
[2018.03.24-02.59.12:223][  0]Cmd: MAP CHECKDEP NOCLEARLOG
[2018.03.24-02.59.12:292][  0]MapCheck: Map check complete: 0 Error(s), 0 Warning(s), took 69.503ms to complete.
[2018.03.24-02.59.12:292][  0]LogFileHelpers: Loading map 'ThirdPersonExampleMap' took 0.924
[2018.03.24-02.59.12:468][  0]LogCollectionManager: Loaded 0 collections in 0.001305 seconds
[2018.03.24-02.59.12:550][  0]LogFileCache: Scanning file cache for directory 'D:/Unreal/SandboxGame/USG/Saved/Collections/' took 0.01s
[2018.03.24-02.59.12:550][  0]LogFileCache: Scanning file cache for directory 'D:/Unreal/SandboxGame/USG/Content/Developers/Ryan/Collections/' took 0.01s
[2018.03.24-02.59.12:550][  0]LogFileCache: Scanning file cache for directory 'D:/Unreal/SandboxGame/USG/Content/Collections/' took 0.01s
[2018.03.24-02.59.12:550][  0]LogCollectionManager: Rebuilt the GUID cache for 0 collections in 0.000000 seconds
[2018.03.24-02.59.12:560][  0]LogContentBrowser: Native class hierarchy populated in 0.0104 seconds. Added 2388 classes and 528 folders.
[2018.03.24-02.59.12:620][  0]LogContentBrowser: Native class hierarchy updated for 'WidgetCarousel' in 0.0003 seconds. Added 0 classes and 0 folders.
[2018.03.24-02.59.12:683][  0]LogContentBrowser: Native class hierarchy updated for 'AddContentDialog' in 0.0003 seconds. Added 0 classes and 0 folders.
[2018.03.24-02.59.12:726][  0]LogContentBrowser: Native class hierarchy updated for 'SceneOutliner' in 0.0004 seconds. Added 1 classes and 2 folders.
[2018.03.24-02.59.12:792][  0]LogSlate: Took 0.000620 seconds to synchronously load lazily loaded font '../../../Engine/Content/Slate/Fonts/Roboto-Regular.ttf' (155K)
[2018.03.24-02.59.12:798][  0]LogSlate: Took 0.000586 seconds to synchronously load lazily loaded font '../../../Engine/Content/Slate/Fonts/Roboto-Bold.ttf' (160K)
[2018.03.24-02.59.12:809][  0]LogSlate: Took 0.000311 seconds to synchronously load lazily loaded font '../../../Engine/Content/Editor/Slate/Fonts/FontAwesome.ttf' (139K)
[2018.03.24-02.59.12:906][  0]LogRenderer: Reallocating scene render targets to support 1224x576 Format 10 NumSamples 1 (Frame:1).
[2018.03.24-02.59.13:089][  0]LogContentBrowser: Native class hierarchy updated for 'HierarchicalLODOutliner' in 0.0004 seconds. Added 1 classes and 2 folders.
[2018.03.24-02.59.13:089][  0]LogLoad: (Engine Initialization) Total time: 22.34 seconds
[2018.03.24-02.59.13:089][  0]LogLoad: (Engine Initialization) Total Blueprint compile time: 0.00 seconds
[2018.03.24-02.59.13:089][  0]LogExternalProfiler: No external profilers were discovered.  External profiling features will not be available.
[2018.03.24-02.59.13:100][  0]LogWindowsTextInputMethodSystem: Display: IME system now deactivated.
[2018.03.24-02.59.13:121][  0]SourceControl: On branch master
[2018.03.24-02.59.13:121][  0]SourceControl: Your branch is up to date with 'UnrealSandboxGame/master'.
[2018.03.24-02.59.13:121][  0]SourceControl: Changes not staged for commit:
[2018.03.24-02.59.13:121][  0]SourceControl:   (use "git add <file>..." to update what will be committed)
[2018.03.24-02.59.13:121][  0]SourceControl:   (use "git checkout -- <file>..." to discard changes in working directory)
[2018.03.24-02.59.13:121][  0]SourceControl: 	modified:   USG/Intermediate/CachedAssetRegistry.bin
[2018.03.24-02.59.13:121][  0]SourceControl: 	modified:   USG/Saved/Config/Windows/Editor.ini
[2018.03.24-02.59.13:121][  0]SourceControl: 	modified:   USG/Saved/Config/Windows/Engine.ini
[2018.03.24-02.59.13:121][  0]SourceControl: 	modified:   USG/Saved/Logs/USG.log
[2018.03.24-02.59.13:121][  0]SourceControl: no changes added to commit (use "git add" and/or "git commit -a")
[2018.03.24-02.59.13:121][  0]LogContentStreaming: Texture pool size now 1000 MB
[2018.03.24-02.59.13:165][  0]LogSlate: Took 0.000209 seconds to synchronously load lazily loaded font '../../../Engine/Content/Slate/Fonts/Roboto-Light.ttf' (159K)
[2018.03.24-02.59.13:196][  1]LogAssetRegistry: Asset discovery search completed in 14.1073 seconds
[2018.03.24-02.59.13:200][  1]LogCollectionManager: Rebuilt the object cache for 0 collections in 0.000000 seconds (found 0 objects)
[2018.03.24-02.59.13:200][  1]LogCollectionManager: Fixed up redirectors for 0 collections in 0.000111 seconds (updated 0 objects)
[2018.03.24-03.05.51:115][198]SourceControl: On branch master
[2018.03.24-03.05.51:115][198]SourceControl: Your branch is up to date with 'UnrealSandboxGame/master'.
[2018.03.24-03.05.51:115][198]SourceControl: Changes not staged for commit:
[2018.03.24-03.05.51:115][198]SourceControl:   (use "git add <file>..." to update what will be committed)
[2018.03.24-03.05.51:115][198]SourceControl:   (use "git checkout -- <file>..." to discard changes in working directory)
[2018.03.24-03.05.51:115][198]SourceControl: 	modified:   USG/Intermediate/CachedAssetRegistry.bin
[2018.03.24-03.05.51:115][198]SourceControl: 	modified:   USG/Saved/Config/Windows/Editor.ini
[2018.03.24-03.05.51:115][198]SourceControl: 	modified:   USG/Saved/Config/Windows/EditorPerProjectUserSettings.ini
[2018.03.24-03.05.51:115][198]SourceControl: 	modified:   USG/Saved/Config/Windows/Engine.ini
[2018.03.24-03.05.51:115][198]SourceControl: 	modified:   USG/Saved/Logs/USG.log
[2018.03.24-03.05.51:115][198]SourceControl: no changes added to commit (use "git add" and/or "git commit -a")
=======
[2018.03.24-02.17.36:368][  0]LogInit: Selected Device Profile: [Windows]
[2018.03.24-02.17.36:368][  0]LogInit: Applying CVar settings loaded from the selected device profile: [Windows]
[2018.03.24-02.17.36:406][  0]LogInit: Computer: PEANUT
[2018.03.24-02.17.36:406][  0]LogInit: User: franc
[2018.03.24-02.17.36:406][  0]LogInit: CPU Page size=4096, Cores=3
[2018.03.24-02.17.36:406][  0]LogInit: High frequency timer resolution =3.433895 MHz
[2018.03.24-02.17.36:406][  0]LogMemory: Memory total: Physical=8.0GB (8GB approx)
[2018.03.24-02.17.36:406][  0]LogMemory: Platform Memory Stats for Windows
[2018.03.24-02.17.36:406][  0]LogMemory: Process Physical Memory: 274.93 MB used, 274.93 MB peak
[2018.03.24-02.17.36:406][  0]LogMemory: Process Virtual Memory: 269.37 MB used, 269.37 MB peak
[2018.03.24-02.17.36:406][  0]LogMemory: Physical Memory: 3078.13 MB used,  5080.43 MB free, 8158.56 MB total
[2018.03.24-02.17.36:406][  0]LogMemory: Virtual Memory: 676.03 MB used,  5080.43 MB free, 134217728.00 MB total
[2018.03.24-02.17.37:565][  0]LogInit: Using OS detected language (en-US).
[2018.03.24-02.17.37:565][  0]LogInit: Using OS detected locale (en-US).
[2018.03.24-02.17.37:858][  0]LogTextLocalizationManager: No specific localization for 'en-US' exists, so the 'en' localization will be used.
[2018.03.24-02.17.38:897][  0]LogInit: Setting process to per monitor DPI aware
[2018.03.24-02.17.43:624][  0]LogD3D11RHI: D3D11 adapters:
[2018.03.24-02.17.43:713][  0]LogD3D11RHI:    0. 'Radeon(TM) RX 460 Graphics' (Feature Level 11_0)
[2018.03.24-02.17.43:713][  0]LogD3D11RHI:       1993/0/4079 MB DedicatedVideo/DedicatedSystem/SharedSystem, Outputs:2, VendorId:0x1002
[2018.03.24-02.17.43:716][  0]LogD3D11RHI:    1. 'Microsoft Basic Render Driver' (Feature Level 11_0)
[2018.03.24-02.17.43:716][  0]LogD3D11RHI:       0/0/4079 MB DedicatedVideo/DedicatedSystem/SharedSystem, Outputs:0, VendorId:0x1414
[2018.03.24-02.17.43:716][  0]LogD3D11RHI: Chosen D3D11 Adapter: 0
[2018.03.24-02.17.43:728][  0]LogD3D11RHI: Creating new Direct3DDevice
[2018.03.24-02.17.43:728][  0]LogD3D11RHI:     GPU DeviceId: 0x67ef (for the marketing name, search the web for "GPU Device Id")
[2018.03.24-02.17.43:728][  0]LogWindows: EnumDisplayDevices:
[2018.03.24-02.17.43:728][  0]LogWindows:    0. 'Radeon(TM) RX 460 Graphics' (P:1 D:1)
[2018.03.24-02.17.43:728][  0]LogWindows:    1. 'Radeon(TM) RX 460 Graphics' (P:0 D:1)
[2018.03.24-02.17.43:728][  0]LogWindows:    2. 'Radeon(TM) RX 460 Graphics' (P:0 D:0)
[2018.03.24-02.17.43:729][  0]LogWindows:    3. 'Radeon(TM) RX 460 Graphics' (P:0 D:0)
[2018.03.24-02.17.43:729][  0]LogWindows:    4. 'Radeon(TM) RX 460 Graphics' (P:0 D:0)
[2018.03.24-02.17.43:729][  0]LogWindows:    5. 'Radeon(TM) RX 460 Graphics' (P:0 D:0)
[2018.03.24-02.17.43:729][  0]LogWindows:    6. 'Radeon(TM) RX 460 Graphics' (P:0 D:0)
[2018.03.24-02.17.43:729][  0]LogWindows:    7. 'Radeon(TM) RX 460 Graphics' (P:0 D:0)
[2018.03.24-02.17.43:729][  0]LogWindows:    8. 'Radeon(TM) RX 460 Graphics' (P:0 D:0)
[2018.03.24-02.17.43:730][  0]LogWindows:    9. 'Radeon(TM) RX 460 Graphics' (P:0 D:0)
[2018.03.24-02.17.43:730][  0]LogWindows:    10. 'Radeon(TM) RX 460 Graphics' (P:0 D:0)
[2018.03.24-02.17.43:730][  0]LogWindows:    11. 'Radeon(TM) RX 460 Graphics' (P:0 D:0)
[2018.03.24-02.17.43:730][  0]LogWindows:    12. 'Radeon(TM) RX 460 Graphics' (P:0 D:0)
[2018.03.24-02.17.43:730][  0]LogWindows:    13. 'Radeon(TM) RX 460 Graphics' (P:0 D:0)
[2018.03.24-02.17.43:731][  0]LogWindows:    14. 'Radeon(TM) RX 460 Graphics' (P:0 D:0)
[2018.03.24-02.17.43:731][  0]LogWindows:    15. 'Radeon(TM) RX 460 Graphics' (P:0 D:0)
[2018.03.24-02.17.43:731][  0]LogWindows: DebugString: GetVideoDriverDetailsInvalid PrimaryIsNotTheChoosenAdapter GetVideoDriverDetailsInvalid PrimaryIsNotTheChoosenAdapter GetVideoDriverDetailsInvalid PrimaryIsNotTheChoosenAdapter GetVideoDriverDetailsInvalid PrimaryIsNotTheChoosenAdapter GetVideoDriverDetailsInvalid PrimaryIsNotTheChoosenAdapter GetVideoDriverDetailsInvalid PrimaryIsNotTheChoosenAdapter GetVideoDriverDetailsInvalid PrimaryIsNotTheChoosenAdapter GetVideoDriverDetailsInvalid PrimaryIsNotTheChoosenAdapter GetVideoDriverDetailsInvalid PrimaryIsNotTheChoosenAdapter GetVideoDriverDetailsInvalid PrimaryIsNotTheChoosenAdapter GetVideoDriverDetailsInvalid PrimaryIsNotTheChoosenAdapter GetVideoDriverDetailsInvalid PrimaryIsNotTheChoosenAdapter GetVideoDriverDetailsInvalid PrimaryIsNotTheChoosenAdapter GetVideoDriverDetailsInvalid PrimaryIsNotTheChoosenAdapter GetVideoDriverDetailsInvalid PrimaryIsNotTheChoosenAdapter GetVideoDriverDetailsInvalid PrimaryIsNotTheChoosenAdapter FoundDriverCount:0 
[2018.03.24-02.17.43:731][  0]LogD3D11RHI:     Adapter Name: Radeon(TM) RX 460 Graphics
[2018.03.24-02.17.43:731][  0]LogD3D11RHI:   Driver Version: Unknown (internal:Unknown, unified:Unknown)
[2018.03.24-02.17.43:731][  0]LogD3D11RHI:      Driver Date: Unknown
[2018.03.24-02.17.43:731][  0]LogRHI: Texture pool is 1395 MB (70% of 1993 MB)
[2018.03.24-02.17.43:879][  0]LogD3D11RHI: Async texture creation enabled
[2018.03.24-02.17.43:895][  0]LogD3D11RHI: GPU Timing Frequency: 25.000000 (Debug: 2 1)
[2018.03.24-02.17.43:897][  0]LogShaderCompilers: Guid format shader working directory is 6 characters bigger than the processId version (../../../../../../UnrealSandboxGame/USG/Intermediate/Shaders/WorkingDirectory/11244/).
[2018.03.24-02.17.43:897][  0]LogShaderCompilers: Cleaned the shader compiler working directory 'C:/Users/franc/AppData/Local/Temp/UnrealShaderWorkingDir/F081A4214A8DC24EFB5D7D9BC95148E9/'.
[2018.03.24-02.17.43:897][  0]LogShaderCompilers: Display: Using Local Shader Compiler.
[2018.03.24-02.17.51:476][  0]LogTemp: Display: Loaded TP AllDesktopTargetPlatform
[2018.03.24-02.17.51:550][  0]LogTemp: Display: Loaded TP MacClientTargetPlatform
[2018.03.24-02.17.51:625][  0]LogTemp: Display: Loaded TP MacNoEditorTargetPlatform
[2018.03.24-02.17.51:702][  0]LogTemp: Display: Loaded TP MacServerTargetPlatform
[2018.03.24-02.17.51:805][  0]LogTemp: Display: Loaded TP MacTargetPlatform
[2018.03.24-02.17.51:877][  0]LogTemp: Display: Loaded TP WindowsClientTargetPlatform
[2018.03.24-02.17.51:951][  0]LogTemp: Display: Loaded TP WindowsNoEditorTargetPlatform
[2018.03.24-02.17.52:024][  0]LogTemp: Display: Loaded TP WindowsServerTargetPlatform
[2018.03.24-02.17.52:088][  0]LogTemp: Display: Loaded TP WindowsTargetPlatform
[2018.03.24-02.17.52:160][  0]LogTemp: Display: Loaded TP Android_ASTCTargetPlatform
[2018.03.24-02.17.52:232][  0]LogTemp: Display: Loaded TP Android_ATCTargetPlatform
[2018.03.24-02.17.52:305][  0]LogTemp: Display: Loaded TP Android_DXTTargetPlatform
[2018.03.24-02.17.52:379][  0]LogTemp: Display: Loaded TP Android_ETC1TargetPlatform
[2018.03.24-02.17.52:454][  0]LogTemp: Display: Loaded TP Android_ETC2TargetPlatform
[2018.03.24-02.17.52:600][  0]LogTemp: Display: Loaded TP Android_MultiTargetPlatform
[2018.03.24-02.17.52:600][  0]LogTemp: Display: Loaded TP Android_PVRTCTargetPlatform
[2018.03.24-02.17.52:765][  0]LogTemp: Display: Loaded TP AndroidTargetPlatform
[2018.03.24-02.17.52:820][  0]LogTemp: Display: Loaded TP HTML5TargetPlatform
[2018.03.24-02.17.53:025][  0]LogTemp: Display: Loaded TP IOSTargetPlatform
[2018.03.24-02.17.53:086][  0]LogTemp: Display: Loaded TP TVOSTargetPlatform
[2018.03.24-02.17.53:157][  0]LogTemp: Display: Loaded TP LinuxClientTargetPlatform
[2018.03.24-02.17.53:229][  0]LogTemp: Display: Loaded TP LinuxNoEditorTargetPlatform
[2018.03.24-02.17.53:302][  0]LogTemp: Display: Loaded TP LinuxServerTargetPlatform
[2018.03.24-02.17.53:412][  0]LogTemp: Display: Loaded TP LinuxTargetPlatform
[2018.03.24-02.17.53:412][  0]LogTargetPlatformManager: Display: Building Assets For Windows
[2018.03.24-02.17.55:416][  0]LogDerivedDataCache: Display: Max Cache Size: 512 MB
[2018.03.24-02.17.56:973][  0]LogDerivedDataCache: Loaded boot cache 1.53s 78MB C:/Users/franc/AppData/Local/UnrealEngine/4.18/DerivedDataCache/Boot.ddc.
[2018.03.24-02.17.56:974][  0]LogDerivedDataCache: Display: Loaded Boot cache: C:/Users/franc/AppData/Local/UnrealEngine/4.18/DerivedDataCache/Boot.ddc
[2018.03.24-02.17.56:974][  0]LogDerivedDataCache: FDerivedDataBackendGraph:  Pak pak cache file ../../../../../../UnrealSandboxGame/USG/DerivedDataCache/DDC.ddp not found, will not use a pak cache.
[2018.03.24-02.17.56:974][  0]LogDerivedDataCache: Unable to find inner node Pak for hierarchical cache Hierarchy.
[2018.03.24-02.17.56:974][  0]LogDerivedDataCache: FDerivedDataBackendGraph:  CompressedPak pak cache file ../../../../../../UnrealSandboxGame/USG/DerivedDataCache/Compressed.ddp not found, will not use a pak cache.
[2018.03.24-02.17.56:974][  0]LogDerivedDataCache: Unable to find inner node CompressedPak for hierarchical cache Hierarchy.
[2018.03.24-02.17.57:084][  0]LogDerivedDataCache: Display: Pak cache opened for reading ../../../Engine/DerivedDataCache/Compressed.ddp.
[2018.03.24-02.17.57:121][  0]LogDerivedDataCache: Using Local data cache path C:/Users/franc/AppData/Local/UnrealEngine/Common/DerivedDataCache: Writable
[2018.03.24-02.17.57:138][  0]LogMaterial: Verifying Global Shaders for PCD3D_SM5
[2018.03.24-02.17.57:139][  0]LogSlate: Using Freetype 2.6.0
[2018.03.24-02.17.57:211][  0]LogSlate: SlateFontCache - WITH_FREETYPE: 1, WITH_HARFBUZZ: 1
[2018.03.24-02.17.57:211][  0]LogSlate: SlateFontCache - WITH_FREETYPE: 1, WITH_HARFBUZZ: 1
[2018.03.24-02.18.06:016][  0]LogInit: Selected Device Profile: [Windows]
[2018.03.24-02.18.07:595][  0]LogSimplygon: Simplygon DLL not present - disabling.
[2018.03.24-02.18.07:682][  0]LogMeshReduction: Using SimplygonSwarm for distributed automatic mesh merging
[2018.03.24-02.18.07:682][  0]LogMeshReduction: Using QuadricMeshReduction for automatic static mesh reduction
[2018.03.24-02.18.07:682][  0]LogMeshReduction: No automatic skeletal mesh reduction module available
[2018.03.24-02.18.07:682][  0]LogMeshReduction: No automatic mesh merging module available
[2018.03.24-02.18.07:682][  0]LogMeshMerging: No automatic mesh merging module available
[2018.03.24-02.18.07:984][  0]LogNetVersion: USG , NetCL: 3709383, EngineNetVer: 2, GameNetVer: 0 (Checksum: 3135608703)
[2018.03.24-02.18.09:331][  0]LogAssetRegistry: FAssetRegistry took 0.0280 seconds to start up
[2018.03.24-02.18.15:734][  0]LogPackageLocalizationCache: Processed 8 localized package path(s) for 2 prioritized culture(s) in 0.076752 seconds
[2018.03.24-02.18.15:741][  0]LogUObjectArray: 35900 objects as part of root set at end of initial load.
[2018.03.24-02.18.15:742][  0]LogUObjectAllocator: 7372016 out of 0 bytes used by permanent object pool.
[2018.03.24-02.18.15:742][  0]LogUObjectArray: CloseDisregardForGC: 0/0 objects in disregard for GC pool
[2018.03.24-02.18.15:816][  0]LogInit: WinSock: version 1.1 (2.2), MaxSocks=32767, MaxUdp=65467
[2018.03.24-02.18.45:780][  0]LogTcpMessaging: Initializing TcpMessaging bridge
[2018.03.24-02.18.45:835][  0]LogUdpMessaging: Initializing bridge on interface 0.0.0.0:0 to multicast group 230.0.0.1:6666.
[2018.03.24-02.18.47:542][  0]LogMaterial: Uniform references updated for custom material expression Custom.
[2018.03.24-02.18.48:509][  0]SourceControl: Source control is disabled
[2018.03.24-02.18.48:510][  0]SourceControl: Source control is disabled
[2018.03.24-02.18.48:583][  0]SourceControl: Source control is disabled
[2018.03.24-02.18.48:655][  0]SourceControl: Source control is disabled
[2018.03.24-02.18.50:156][  0]LogAndroidPermission: UAndroidPermissionCallbackProxy::GetInstance
[2018.03.24-02.18.50:551][  0]LogOcInput: OculusInput pre-init called
[2018.03.24-02.18.51:211][  0]LogEngine: Initializing Engine...
[2018.03.24-02.18.51:236][  0]LogHMD: Failed to initialize OpenVR with code 101
[2018.03.24-02.18.52:304][  0]LogStats: UGameplayTagsManager::ConstructGameplayTagTree: Construct from data asset -  0.000 s
[2018.03.24-02.18.52:304][  0]LogStats: UGameplayTagsManager::ConstructGameplayTagTree: GameplayTagTreeChangedEvent.Broadcast -  0.000 s
[2018.03.24-02.18.52:656][  0]LogAIModule: Creating AISystem for world Untitled
[2018.03.24-02.18.52:714][  0]LogInit: XAudio2 using 'Headphones (TaoTronics TT-BH21 Stereo)' : 2 channels at 44.1 kHz using 16 bits per sample (channel mask 0x3)
[2018.03.24-02.18.52:737][  0]LogInit: FAudioDevice initialized.
[2018.03.24-02.18.53:170][  0]LogDerivedDataCache: Saved boot cache 0.43s 78MB C:/Users/franc/AppData/Local/UnrealEngine/4.18/DerivedDataCache/Boot.ddc.
[2018.03.24-02.18.53:191][  0]LogInit: Texture streaming: Enabled
[2018.03.24-02.18.53:344][  0]LogEngineSessionManager: EngineSessionManager initialized
[2018.03.24-02.18.53:344][  0]LogEngineSessionManager: EngineSessionManager sent abnormal shutdown report. Type=AbnormalShutdown, SessionId={66073471-443F-98DE-E260-D8B92E38F66C}
[2018.03.24-02.18.53:527][  0]LogInit: Transaction tracking system initialized
[2018.03.24-02.18.53:998][  0]BlueprintLog: New page: Editor Load
[2018.03.24-02.18.56:152][  0]LocalizationService: Localization service is disabled
[2018.03.24-02.18.59:029][  0]LogConsoleResponse: Display: 
[2018.03.24-02.19.02:442][  0]LogCook: Display: Max memory allowance for cook 16384mb min free memory 0mb
[2018.03.24-02.19.02:442][  0]LogCook: Display: Mobile HDR setting 1
[2018.03.24-02.19.02:442][  0]LogGameplayTags: Display: UGameplayTagsManager::DoneAddingNativeTags. DelegateIsBound: 0
[2018.03.24-02.19.02:516][  0]LogFileCache: Scanning file cache for directory 'D:/UnrealSandboxGame/USG/Content/' took 0.01s
[2018.03.24-02.19.05:736][  0]SourceControl: Source control is disabled
[2018.03.24-02.19.05:736][  0]Cmd: MAP LOAD FILE="../../../../../../UnrealSandboxGame/USG/Content/ThirdPersonBP/Maps/ThirdPersonExampleMap.umap" TEMPLATE=0 SHOWPROGRESS=1 FEATURELEVEL=3
[2018.03.24-02.19.05:736][  0]LightingResults: New page: Lighting Build
[2018.03.24-02.19.05:795][  0]MapCheck: New page: Map Check
[2018.03.24-02.19.05:796][  0]LightingResults: New page: Lighting Build
[2018.03.24-02.19.06:361][  0]LogLinker: Warning: Asset '../../../Engine/Plugins/Marketplace/LowEntryExtStdLib/Content/Blueprints/LowEntryExtendedStandardLibraryMacros.uasset' has been saved with empty engine version. The asset will be loaded but may be incompatible.
[2018.03.24-02.19.08:040][  0]LogAIModule: Creating AISystem for world ThirdPersonExampleMap
[2018.03.24-02.19.08:149][  0]LogEditorServer: Finished looking for orphan Actors (0.000 secs)
[2018.03.24-02.19.08:185][  0]Cmd: MAP CHECKDEP NOCLEARLOG
[2018.03.24-02.19.08:255][  0]MapCheck: Map check complete: 0 Error(s), 0 Warning(s), took 69.614ms to complete.
[2018.03.24-02.19.08:255][  0]LogFileHelpers: Loading map 'ThirdPersonExampleMap' took 2.519
[2018.03.24-02.19.08:804][  0]LogCollectionManager: Loaded 0 collections in 0.003086 seconds
[2018.03.24-02.19.08:943][  0]LogFileCache: Scanning file cache for directory 'D:/UnrealSandboxGame/USG/Saved/Collections/' took 0.01s
[2018.03.24-02.19.08:943][  0]LogFileCache: Scanning file cache for directory 'D:/UnrealSandboxGame/USG/Content/Developers/franc/Collections/' took 0.01s
[2018.03.24-02.19.08:943][  0]LogFileCache: Scanning file cache for directory 'D:/UnrealSandboxGame/USG/Content/Collections/' took 0.01s
[2018.03.24-02.19.08:943][  0]LogCollectionManager: Rebuilt the GUID cache for 0 collections in 0.000000 seconds
[2018.03.24-02.19.08:959][  0]LogContentBrowser: Native class hierarchy populated in 0.0148 seconds. Added 2388 classes and 528 folders.
[2018.03.24-02.19.09:051][  0]LogContentBrowser: Native class hierarchy updated for 'WidgetCarousel' in 0.0003 seconds. Added 0 classes and 0 folders.
[2018.03.24-02.19.11:178][  0]LogContentBrowser: Native class hierarchy updated for 'AddContentDialog' in 0.0003 seconds. Added 0 classes and 0 folders.
[2018.03.24-02.19.11:291][  0]LogContentBrowser: Native class hierarchy updated for 'SceneOutliner' in 0.0003 seconds. Added 1 classes and 2 folders.
[2018.03.24-02.19.11:357][  0]LogSlate: Took 0.023139 seconds to synchronously load lazily loaded font '../../../Engine/Content/Slate/Fonts/Roboto-Regular.ttf' (155K)
[2018.03.24-02.19.11:375][  0]LogSlate: Took 0.015964 seconds to synchronously load lazily loaded font '../../../Engine/Content/Slate/Fonts/Roboto-Bold.ttf' (160K)
[2018.03.24-02.19.11:402][  0]LogSlate: Took 0.020582 seconds to synchronously load lazily loaded font '../../../Engine/Content/Editor/Slate/Fonts/FontAwesome.ttf' (139K)
[2018.03.24-02.19.11:836][  0]LogRenderer: Reallocating scene render targets to support 920x472 Format 10 NumSamples 1 (Frame:1).
[2018.03.24-02.19.12:139][  0]LogContentBrowser: Native class hierarchy updated for 'HierarchicalLODOutliner' in 0.0003 seconds. Added 1 classes and 2 folders.
[2018.03.24-02.19.12:139][  0]LogLoad: (Engine Initialization) Total time: 133.98 seconds
[2018.03.24-02.19.12:139][  0]LogLoad: (Engine Initialization) Total Blueprint compile time: 0.00 seconds
[2018.03.24-02.19.12:139][  0]LogExternalProfiler: No external profilers were discovered.  External profiling features will not be available.
[2018.03.24-02.19.12:502][  0]LogContentStreaming: Texture pool size now 1000 MB
[2018.03.24-02.19.12:602][  0]LogSlate: Took 0.011175 seconds to synchronously load lazily loaded font '../../../Engine/Content/Slate/Fonts/Roboto-Light.ttf' (159K)
[2018.03.24-02.19.12:825][  1]LogAssetRegistry: Asset discovery search completed in 63.5151 seconds
[2018.03.24-02.19.12:827][  1]LogCollectionManager: Rebuilt the object cache for 0 collections in 0.000001 seconds (found 0 objects)
[2018.03.24-02.19.12:828][  1]LogCollectionManager: Fixed up redirectors for 0 collections in 0.000071 seconds (updated 0 objects)
[2018.03.24-02.19.41:312][ 66]SourceControl: Error: Failed to enable Git source control. You need to install Git and specify a valid path to git executable.
[2018.03.24-02.20.23:179][365]SourceControl: On branch master
[2018.03.24-02.20.23:179][365]SourceControl: Your branch is up to date with 'origin/master'.
[2018.03.24-02.20.23:179][365]SourceControl: Changes not staged for commit:
[2018.03.24-02.20.23:179][365]SourceControl:   (use "git add/rm <file>..." to update what will be committed)
[2018.03.24-02.20.23:179][365]SourceControl:   (use "git checkout -- <file>..." to discard changes in working directory)
[2018.03.24-02.20.23:179][365]SourceControl: 	modified:   USG/Intermediate/CachedAssetRegistry.bin
[2018.03.24-02.20.23:179][365]SourceControl: 	modified:   USG/Saved/Config/Windows/Editor.ini
[2018.03.24-02.20.23:179][365]SourceControl: 	modified:   USG/Saved/Config/Windows/EditorPerProjectUserSettings.ini
[2018.03.24-02.20.23:179][365]SourceControl: 	modified:   USG/Saved/Config/Windows/Engine.ini
[2018.03.24-02.20.23:179][365]SourceControl: 	deleted:    USG/Saved/Logs/USG-backup-2018.03.11-19.35.51.log
[2018.03.24-02.20.23:180][365]SourceControl: 	deleted:    USG/Saved/Logs/USG-backup-2018.03.11-22.26.50.log
[2018.03.24-02.20.23:180][365]SourceControl: 	deleted:    USG/Saved/Logs/USG-backup-2018.03.11-23.01.27.log
[2018.03.24-02.20.23:180][365]SourceControl: 	deleted:    USG/Saved/Logs/USG-backup-2018.03.12-18.45.43.log
[2018.03.24-02.20.23:180][365]SourceControl: 	deleted:    USG/Saved/Logs/USG-backup-2018.03.13-18.33.18.log
[2018.03.24-02.20.23:180][365]SourceControl: 	deleted:    USG/Saved/Logs/USG-backup-2018.03.14-19.15.13.log
[2018.03.24-02.20.23:180][365]SourceControl: 	modified:   USG/Saved/Logs/USG.log
[2018.03.24-02.20.23:180][365]SourceControl: Untracked files:
[2018.03.24-02.20.23:180][365]SourceControl:   (use "git add <file>..." to include in what will be committed)
[2018.03.24-02.20.23:180][365]SourceControl: 	USG/Saved/Config/CrashReportClient/UE4CC-Windows-12C8D7C642D35133DDA704BB745D00C8/
[2018.03.24-02.20.23:180][365]SourceControl: 	USG/Saved/Logs/USG-backup-2018.03.23-22.17.30.log
[2018.03.24-02.20.23:180][365]SourceControl: no changes added to commit (use "git add" and/or "git commit -a")
[2018.03.24-02.22.24:552][323]SourceControl: fatal: D:/Program Files (x86)/Epic Games/UE_4.18/Engine/Content/Functions/Engine_MaterialFunctions02/Utility/BlendAngleCorrectedNormals.uasset: 'D:/Program Files (x86)/Epic Games/UE_4.18/Engine/Content/Functions/Engine_MaterialFunctions02/Utility/BlendAngleCorrectedNormals.uasset' is outside repository
[2018.03.24-02.22.24:552][323]SourceControl: fatal: D:/Program Files (x86)/Epic Games/UE_4.18/Engine/Content/Functions/MaterialLayerFunctions/MatLayerBlend_NormalBlend.uasset: 'D:/Program Files (x86)/Epic Games/UE_4.18/Engine/Content/Functions/MaterialLayerFunctions/MatLayerBlend_NormalBlend.uasset' is outside repository
[2018.03.24-02.22.25:159][323]SourceControl: Error: error: cannot pull with rebase: You have unstaged changes.
[2018.03.24-02.22.25:159][323]SourceControl: Error: error: please commit or stash them.
[2018.03.24-02.22.25:221][323]LogSlate: Took 0.000249 seconds to synchronously load lazily loaded font '../../../Engine/Content/Slate/Fonts/Roboto-Light.ttf' (159K)
[2018.03.24-02.22.25:303][323]LogUObjectGlobals: Display: ReloadPackage failed to find a replacement object for 'Default__ThirdPersonCharacter_C:CollisionCylinder.BodySetup_0' (transient) in the new package '/Game/ThirdPersonBP/Blueprints/ThirdPersonCharacter'. Any existing references to this object will be nulled out.
[2018.03.24-02.22.29:325][509]LogSlate: Took 0.000249 seconds to synchronously load lazily loaded font '../../../Engine/Content/Slate/Fonts/Roboto-Regular.ttf' (155K)
[2018.03.24-02.22.29:435][509]LogContentBrowser: Native class hierarchy updated for 'BlueprintGraph' in 0.0009 seconds. Added 116 classes and 0 folders.
[2018.03.24-02.22.30:974][509]LogSlate: Took 0.016332 seconds to synchronously load lazily loaded font '../../../Engine/Content/Editor/Slate/Fonts/Roboto-BoldCondensed.ttf' (158K)
[2018.03.24-02.22.41:916][352]LogRenderer: Reallocating scene render targets to support 1000x568 Format 10 NumSamples 1 (Frame:1).
[2018.03.24-02.23.37:177][811]SourceControl: fatal: D:/Program Files (x86)/Epic Games/UE_4.18/Engine/Content/Functions/Engine_MaterialFunctions02/Utility/BlendAngleCorrectedNormals.uasset: 'D:/Program Files (x86)/Epic Games/UE_4.18/Engine/Content/Functions/Engine_MaterialFunctions02/Utility/BlendAngleCorrectedNormals.uasset' is outside repository
[2018.03.24-02.23.37:177][811]SourceControl: fatal: D:/Program Files (x86)/Epic Games/UE_4.18/Engine/Content/Functions/MaterialLayerFunctions/MatLayerBlend_NormalBlend.uasset: 'D:/Program Files (x86)/Epic Games/UE_4.18/Engine/Content/Functions/MaterialLayerFunctions/MatLayerBlend_NormalBlend.uasset' is outside repository
[2018.03.24-02.23.37:691][811]SourceControl: Error: error: cannot pull with rebase: You have unstaged changes.
[2018.03.24-02.23.37:691][811]SourceControl: Error: error: please commit or stash them.
[2018.03.24-02.23.37:838][811]LogUObjectGlobals: Display: ReloadPackage failed to find a replacement object for 'Default__ThirdPersonCharacter_C:CollisionCylinder.BodySetup_0' (transient) in the new package '/Game/ThirdPersonBP/Blueprints/ThirdPersonCharacter'. Any existing references to this object will be nulled out.
[2018.03.24-02.53.23:938][367]SourceControl: On branch master
[2018.03.24-02.53.23:939][367]SourceControl: Your branch is up to date with 'origin/master'.
[2018.03.24-02.53.23:939][367]SourceControl: Changes not staged for commit:
[2018.03.24-02.53.23:939][367]SourceControl:   (use "git add/rm <file>..." to update what will be committed)
[2018.03.24-02.53.23:939][367]SourceControl:   (use "git checkout -- <file>..." to discard changes in working directory)
[2018.03.24-02.53.23:939][367]SourceControl: 	modified:   USG/Intermediate/CachedAssetRegistry.bin
[2018.03.24-02.53.23:939][367]SourceControl: 	modified:   USG/Saved/Autosaves/PackageRestoreData.json
[2018.03.24-02.53.23:939][367]SourceControl: 	modified:   USG/Saved/Config/Windows/Editor.ini
[2018.03.24-02.53.23:939][367]SourceControl: 	modified:   USG/Saved/Config/Windows/EditorPerProjectUserSettings.ini
[2018.03.24-02.53.23:939][367]SourceControl: 	modified:   USG/Saved/Config/Windows/Engine.ini
[2018.03.24-02.53.23:939][367]SourceControl: 	deleted:    USG/Saved/Logs/USG-backup-2018.03.11-19.35.51.log
[2018.03.24-02.53.23:939][367]SourceControl: 	deleted:    USG/Saved/Logs/USG-backup-2018.03.11-22.26.50.log
[2018.03.24-02.53.23:939][367]SourceControl: 	deleted:    USG/Saved/Logs/USG-backup-2018.03.11-23.01.27.log
[2018.03.24-02.53.23:939][367]SourceControl: 	deleted:    USG/Saved/Logs/USG-backup-2018.03.12-18.45.43.log
[2018.03.24-02.53.23:939][367]SourceControl: 	deleted:    USG/Saved/Logs/USG-backup-2018.03.13-18.33.18.log
[2018.03.24-02.53.23:939][367]SourceControl: 	deleted:    USG/Saved/Logs/USG-backup-2018.03.14-19.15.13.log
[2018.03.24-02.53.23:939][367]SourceControl: 	modified:   USG/Saved/Logs/USG.log
[2018.03.24-02.53.23:939][367]SourceControl: Untracked files:
[2018.03.24-02.53.23:939][367]SourceControl:   (use "git add <file>..." to include in what will be committed)
[2018.03.24-02.53.23:939][367]SourceControl: 	USG/Saved/Config/CrashReportClient/UE4CC-Windows-12C8D7C642D35133DDA704BB745D00C8/
[2018.03.24-02.53.23:939][367]SourceControl: 	USG/Saved/Logs/USG-backup-2018.03.23-22.17.30.log
[2018.03.24-02.53.23:939][367]SourceControl: no changes added to commit (use "git add" and/or "git commit -a")
[2018.03.24-02.55.10:062][469]Cmd: QUIT_EDITOR
[2018.03.24-02.55.10:086][469]LogWindowsTextInputMethodSystem: Display: IME system now deactivated.
[2018.03.24-02.55.10:106][469]LogExit: Preparing to exit.
[2018.03.24-02.55.10:907][469]LogDirectoryWatcher: A directory notification for 'D:/UnrealSandboxGame/USG/Content/' was aborted.
[2018.03.24-02.55.11:035][469]LogExit: Editor shut down
[2018.03.24-02.55.11:076][469]LogExit: Transaction tracking system shut down
[2018.03.24-02.55.11:273][469]LogDirectoryWatcher: A directory notification for '../../../Engine/Content/' was aborted.
[2018.03.24-02.55.11:274][469]LogDirectoryWatcher: A directory notification for '../../../../../../UnrealSandboxGame/USG/Content/' was aborted.
[2018.03.24-02.55.11:274][469]LogDirectoryWatcher: A directory notification for '../../../Engine/Plugins/2D/Paper2D/Content/' was aborted.
[2018.03.24-02.55.11:274][469]LogDirectoryWatcher: A directory notification for '../../../Engine/Plugins/Marketplace/LowEntryExtStdLib/Content/' was aborted.
[2018.03.24-02.55.11:274][469]LogDirectoryWatcher: A directory notification for '../../../Engine/Plugins/Media/MediaCompositing/Content/' was aborted.
[2018.03.24-02.55.11:274][469]LogDirectoryWatcher: A directory notification for '../../../Engine/Plugins/Runtime/AppleARKit/Content/' was aborted.
[2018.03.24-02.55.11:274][469]LogDirectoryWatcher: A directory notification for '../../../Engine/Plugins/Runtime/Oculus/OculusVR/Content/' was aborted.
[2018.03.24-02.55.11:274][469]LogDirectoryWatcher: A directory notification for '../../../Engine/Plugins/Runtime/Steam/SteamVR/Content/' was aborted.
[2018.03.24-02.55.11:481][469]LogExit: Object subsystem successfully closed.
[2018.03.24-02.55.11:562][469]LogD3D11RHI: Shutdown
[2018.03.24-02.55.11:562][469]LogD3D11RHI: CleanupD3DDevice
[2018.03.24-02.55.11:570][469]LogD3D11RHI: ~FD3D11DynamicRHI
[2018.03.24-02.55.11:589][469]LogModuleManager: Shutting down and abandoning module BlueprintGraph (554)
[2018.03.24-02.55.11:589][469]LogModuleManager: Shutting down and abandoning module HierarchicalLODOutliner (552)
[2018.03.24-02.55.11:589][469]LogModuleManager: Shutting down and abandoning module SceneOutliner (550)
[2018.03.24-02.55.11:589][469]LogModuleManager: Shutting down and abandoning module AddContentDialog (548)
[2018.03.24-02.55.11:589][469]LogDirectoryWatcher: A directory notification for 'D:/Program Files (x86)/Epic Games/UE_4.18/FeaturePacks/' was aborted.
[2018.03.24-02.55.11:598][469]LogModuleManager: Shutting down and abandoning module WidgetCarousel (547)
[2018.03.24-02.55.11:598][469]LogModuleManager: Shutting down and abandoning module EditorWidgets (544)
[2018.03.24-02.55.11:598][469]LogModuleManager: Shutting down and abandoning module CollectionManager (542)
[2018.03.24-02.55.11:598][469]LogDirectoryWatcher: A directory notification for 'D:/UnrealSandboxGame/USG/Content/Collections/' was aborted.
[2018.03.24-02.55.11:598][469]LogDirectoryWatcher: A directory notification for 'D:/UnrealSandboxGame/USG/Content/Developers/franc/Collections/' was aborted.
[2018.03.24-02.55.11:598][469]LogDirectoryWatcher: A directory notification for 'D:/UnrealSandboxGame/USG/Saved/Collections/' was aborted.
[2018.03.24-02.55.11:598][469]LogModuleManager: Shutting down and abandoning module StatsViewer (540)
[2018.03.24-02.55.11:598][469]LogModuleManager: Shutting down and abandoning module FoliageEdit (538)
[2018.03.24-02.55.11:598][469]LogModuleManager: Shutting down and abandoning module LandscapeEditor (536)
[2018.03.24-02.55.11:598][469]LogModuleManager: Shutting down and abandoning module MeshPaintMode (534)
[2018.03.24-02.55.11:598][469]LogModuleManager: Shutting down and abandoning module SceneDepthPickerMode (532)
[2018.03.24-02.55.11:598][469]LogModuleManager: Shutting down and abandoning module ActorPickerMode (530)
[2018.03.24-02.55.11:599][469]LogModuleManager: Shutting down and abandoning module GeometryMode (528)
[2018.03.24-02.55.11:599][469]LogModuleManager: Shutting down and abandoning module TextureAlignMode (526)
[2018.03.24-02.55.11:599][469]LogModuleManager: Shutting down and abandoning module BspMode (524)
[2018.03.24-02.55.11:599][469]LogModuleManager: Shutting down and abandoning module PIEPreviewDeviceProfileSelector (522)
[2018.03.24-02.55.11:599][469]LogModuleManager: Shutting down and abandoning module HardwareSurvey (520)
[2018.03.24-02.55.11:599][469]LogModuleManager: Shutting down and abandoning module SequenceRecorderSections (518)
[2018.03.24-02.55.11:599][469]LogModuleManager: Shutting down and abandoning module AutomationWorker (516)
[2018.03.24-02.55.11:599][469]LogModuleManager: Shutting down and abandoning module MatineeToLevelSequence (514)
[2018.03.24-02.55.11:599][469]LogModuleManager: Shutting down and abandoning module LevelSequenceEditor (512)
[2018.03.24-02.55.11:599][469]LogModuleManager: Shutting down and abandoning module PlacementMode (511)
[2018.03.24-02.55.11:599][469]LogModuleManager: Shutting down and abandoning module WmfMediaFactory (508)
[2018.03.24-02.55.11:599][469]LogModuleManager: Shutting down and abandoning module WmfMediaEditor (506)
[2018.03.24-02.55.11:599][469]LogModuleManager: Shutting down and abandoning module OpenExrWrapper (504)
[2018.03.24-02.55.11:599][469]LogModuleManager: Shutting down and abandoning module ImgMediaFactory (502)
[2018.03.24-02.55.11:599][469]LogModuleManager: Shutting down and abandoning module ImgMediaEditor (500)
[2018.03.24-02.55.11:599][469]LogModuleManager: Shutting down and abandoning module AvfMediaFactory (498)
[2018.03.24-02.55.11:599][469]LogModuleManager: Shutting down and abandoning module AvfMediaEditor (496)
[2018.03.24-02.55.11:599][469]LogModuleManager: Shutting down and abandoning module AndroidMediaFactory (494)
[2018.03.24-02.55.11:599][469]LogModuleManager: Shutting down and abandoning module AndroidMediaEditor (492)
[2018.03.24-02.55.11:599][469]LogModuleManager: Shutting down and abandoning module CharacterAI (490)
[2018.03.24-02.55.11:599][469]LogModuleManager: Shutting down and abandoning module AudioCapture (488)
[2018.03.24-02.55.11:599][469]LogModuleManager: Shutting down and abandoning module SequenceRecorder (487)
[2018.03.24-02.55.11:599][469]LogModuleManager: Shutting down and abandoning module SmartSnapping (484)
[2018.03.24-02.55.11:600][469]LogModuleManager: Shutting down and abandoning module SessionServices (482)
[2018.03.24-02.55.11:600][469]LogModuleManager: Shutting down and abandoning module ViewportSnapping (480)
[2018.03.24-02.55.11:600][469]LogModuleManager: Shutting down and abandoning module ViewportInteraction (478)
[2018.03.24-02.55.11:600][469]LogModuleManager: Shutting down and abandoning module ClothPainter (476)
[2018.03.24-02.55.11:600][469]LogModuleManager: Shutting down and abandoning module SkeletalMeshEditor (475)
[2018.03.24-02.55.11:600][469]LogModuleManager: Shutting down and abandoning module LogVisualizer (472)
[2018.03.24-02.55.11:600][469]LogModuleManager: Shutting down and abandoning module IntroTutorials (470)
[2018.03.24-02.55.11:600][469]LogModuleManager: Shutting down and abandoning module GameProjectGeneration (469)
[2018.03.24-02.55.11:600][469]LogModuleManager: Shutting down and abandoning module IOSPlatformEditor (466)
[2018.03.24-02.55.11:600][469]LogModuleManager: Shutting down and abandoning module HTML5PlatformEditor (464)
[2018.03.24-02.55.11:600][469]LogModuleManager: Shutting down and abandoning module AndroidPlatformEditor (462)
[2018.03.24-02.55.11:600][469]LogModuleManager: Shutting down and abandoning module AndroidDeviceDetection (461)
[2018.03.24-02.55.12:242][469]LogModuleManager: Shutting down and abandoning module WindowsPlatformEditor (458)
[2018.03.24-02.55.12:242][469]LogModuleManager: Shutting down and abandoning module IOSRuntimeSettings (456)
[2018.03.24-02.55.12:242][469]LogModuleManager: Shutting down and abandoning module AndroidRuntimeSettings (454)
[2018.03.24-02.55.12:242][469]LogModuleManager: Shutting down and abandoning module InputBindingEditor (452)
[2018.03.24-02.55.12:242][469]LogModuleManager: Shutting down and abandoning module MergeActors (450)
[2018.03.24-02.55.12:242][469]LogModuleManager: Shutting down and abandoning module SizeMap (448)
[2018.03.24-02.55.12:242][469]LogModuleManager: Shutting down and abandoning module TreeMap (446)
[2018.03.24-02.55.12:242][469]LogModuleManager: Shutting down and abandoning module ReferenceViewer (444)
[2018.03.24-02.55.12:242][469]LogModuleManager: Shutting down and abandoning module LocalizationDashboard (442)
[2018.03.24-02.55.12:242][469]LogModuleManager: Shutting down and abandoning module LocalizationService (441)
[2018.03.24-02.55.12:242][469]LogModuleManager: Shutting down and abandoning module HardwareTargeting (438)
[2018.03.24-02.55.12:242][469]LogModuleManager: Shutting down and abandoning module DeviceProfileEditor (436)
[2018.03.24-02.55.12:242][469]LogModuleManager: Shutting down and abandoning module UndoHistory (434)
[2018.03.24-02.55.12:242][469]LogModuleManager: Shutting down and abandoning module XmlParser (432)
[2018.03.24-02.55.12:243][469]LogModuleManager: Shutting down and abandoning module Blutility (430)
[2018.03.24-02.55.12:243][469]LogModuleManager: Shutting down and abandoning module ProjectSettingsViewer (428)
[2018.03.24-02.55.12:243][469]LogModuleManager: Shutting down and abandoning module ProjectTargetPlatformEditor (427)
[2018.03.24-02.55.12:243][469]LogModuleManager: Shutting down and abandoning module EditorSettingsViewer (424)
[2018.03.24-02.55.12:243][469]LogModuleManager: Shutting down and abandoning module SettingsEditor (422)
[2018.03.24-02.55.12:243][469]LogModuleManager: Shutting down and abandoning module ProjectLauncher (420)
[2018.03.24-02.55.12:243][469]LogModuleManager: Shutting down and abandoning module SessionFrontend (418)
[2018.03.24-02.55.12:243][469]LogModuleManager: Shutting down and abandoning module ProfilerClient (416)
[2018.03.24-02.55.12:243][469]LogModuleManager: Shutting down and abandoning module DeviceManager (414)
[2018.03.24-02.55.12:243][469]LogModuleManager: Shutting down and abandoning module TargetDeviceServices (413)
[2018.03.24-02.55.12:296][469]LogModuleManager: Shutting down and abandoning module AutomationController (410)
[2018.03.24-02.55.12:296][469]LogModuleManager: Shutting down and abandoning module AutomationWindow (408)
[2018.03.24-02.55.12:297][469]LogModuleManager: Shutting down and abandoning module Layers (406)
[2018.03.24-02.55.12:297][469]LogModuleManager: Shutting down and abandoning module ComponentVisualizers (404)
[2018.03.24-02.55.12:297][469]LogModuleManager: Shutting down and abandoning module DetailCustomizations (402)
[2018.03.24-02.55.12:297][469]LogModuleManager: Shutting down and abandoning module PackagesDialog (400)
[2018.03.24-02.55.12:297][469]LogModuleManager: Shutting down and abandoning module Persona (398)
[2018.03.24-02.55.12:297][469]LogModuleManager: Shutting down and abandoning module AdvancedPreviewScene (397)
[2018.03.24-02.55.12:297][469]LogModuleManager: Shutting down and abandoning module AnimGraph (395)
[2018.03.24-02.55.12:297][469]LogModuleManager: Shutting down and abandoning module Kismet (392)
[2018.03.24-02.55.12:313][469]LogModuleManager: Shutting down and abandoning module ClassViewer (390)
[2018.03.24-02.55.12:313][469]LogModuleManager: Shutting down and abandoning module Toolbox (388)
[2018.03.24-02.55.12:313][469]LogModuleManager: Shutting down and abandoning module ModuleUI (386)
[2018.03.24-02.55.12:313][469]LogModuleManager: Shutting down and abandoning module MovieSceneTools (384)
[2018.03.24-02.55.12:313][469]LogModuleManager: Shutting down and abandoning module OutputLog (382)
[2018.03.24-02.55.12:313][469]LogModuleManager: Shutting down and abandoning module GammaUI (380)
[2018.03.24-02.55.12:313][469]LogModuleManager: Shutting down and abandoning module Documentation (378)
[2018.03.24-02.55.12:313][469]LogModuleManager: Shutting down and abandoning module MovieSceneTracks (376)
[2018.03.24-02.55.12:313][469]LogModuleManager: Shutting down and abandoning module MovieScene (374)
[2018.03.24-02.55.12:313][469]LogModuleManager: Shutting down and abandoning module StreamingPauseRendering (372)
[2018.03.24-02.55.12:313][469]LogModuleManager: Shutting down and abandoning module LauncherPlatform (370)
[2018.03.24-02.55.12:313][469]LogModuleManager: Shutting down and abandoning module AnalyticsET (368)
[2018.03.24-02.55.12:313][469]LogModuleManager: Shutting down and abandoning module PortalServices (366)
[2018.03.24-02.55.12:313][469]LogModuleManager: Shutting down and abandoning module PortalRpc (364)
[2018.03.24-02.55.12:313][469]LogModuleManager: Shutting down and abandoning module MessagingRpc (362)
[2018.03.24-02.55.12:313][469]LogModuleManager: Shutting down and abandoning module AIModule (360)
[2018.03.24-02.55.12:314][469]LogModuleManager: Shutting down and abandoning module GameplayDebugger (359)
[2018.03.24-02.55.12:314][469]LogModuleManager: Shutting down and abandoning module AITestSuite (357)
[2018.03.24-02.55.12:314][469]LogModuleManager: Shutting down and abandoning module DesktopPlatform (354)
[2018.03.24-02.55.12:314][469]LogModuleManager: Shutting down and abandoning module ProfilerService (352)
[2018.03.24-02.55.12:556][469]LogModuleManager: Shutting down and abandoning module TaskGraph (350)
[2018.03.24-02.55.12:556][469]LogModuleManager: Shutting down and abandoning module SteamVRController (348)
[2018.03.24-02.55.12:556][469]LogModuleManager: Shutting down and abandoning module ProceduralMeshComponentEditor (346)
[2018.03.24-02.55.12:556][469]LogModuleManager: Shutting down and abandoning module ProceduralMeshComponent (344)
[2018.03.24-02.55.12:556][469]LogModuleManager: Shutting down and abandoning module OculusInput (342)
[2018.03.24-02.55.12:556][469]LogModuleManager: Shutting down and abandoning module MobilePatchingUtils (340)
[2018.03.24-02.55.12:556][469]LogModuleManager: Shutting down and abandoning module CustomMeshComponent (338)
[2018.03.24-02.55.12:556][469]LogModuleManager: Shutting down and abandoning module CableComponent (336)
[2018.03.24-02.55.12:556][469]LogModuleManager: Shutting down and abandoning module ArchVisCharacter (334)
[2018.03.24-02.55.12:556][469]LogModuleManager: Shutting down and abandoning module AndroidPermission (332)
[2018.03.24-02.55.12:556][469]LogModuleManager: Shutting down and abandoning module ActorSequence (328)
[2018.03.24-02.55.12:556][469]LogModuleManager: Shutting down and abandoning module MediaPlayerEditor (326)
[2018.03.24-02.55.12:556][469]LogModuleManager: Shutting down and abandoning module MediaCompositingEditor (324)
[2018.03.24-02.55.12:557][469]LogModuleManager: Shutting down and abandoning module MediaCompositing (322)
[2018.03.24-02.55.12:557][469]LogModuleManager: Shutting down and abandoning module LowEntryExtendedStandardLibraryEditor (320)
[2018.03.24-02.55.12:557][469]LogModuleManager: Shutting down and abandoning module HTML5Networking (318)
[2018.03.24-02.55.12:557][469]LogModuleManager: Shutting down and abandoning module AlembicImporter (316)
[2018.03.24-02.55.12:557][469]LogModuleManager: Shutting down and abandoning module AlembicLibrary (315)
[2018.03.24-02.55.12:557][469]LogModuleManager: Shutting down and abandoning module GeometryCache (314)
[2018.03.24-02.55.12:557][469]LogModuleManager: Shutting down and abandoning module GeometryCacheEd (313)
[2018.03.24-02.55.12:557][469]LogModuleManager: Shutting down and abandoning module SpeedTreeImporter (308)
[2018.03.24-02.55.12:557][469]LogModuleManager: Shutting down and abandoning module PluginBrowser (306)
[2018.03.24-02.55.12:557][469]LogModuleManager: Shutting down and abandoning module MobileLauncherProfileWizard (304)
[2018.03.24-02.55.12:557][469]LogModuleManager: Shutting down and abandoning module VisualStudioSourceCodeAccess (302)
[2018.03.24-02.55.12:557][469]LogModuleManager: Shutting down and abandoning module VisualStudioCodeSourceCodeAccess (300)
[2018.03.24-02.55.12:557][469]LogModuleManager: Shutting down and abandoning module UObjectPlugin (298)
[2018.03.24-02.55.12:557][469]LogModuleManager: Shutting down and abandoning module SubversionSourceControl (296)
[2018.03.24-02.55.12:557][469]LogModuleManager: Shutting down and abandoning module PerforceSourceControl (294)
[2018.03.24-02.55.12:557][469]LogModuleManager: Shutting down and abandoning module GitSourceControl (292)
[2018.03.24-02.55.12:557][469]LogModuleManager: Shutting down and abandoning module SourceControl (291)
[2018.03.24-02.55.12:557][469]LogModuleManager: Shutting down and abandoning module LightPropagationVolumeEditor (288)
[2018.03.24-02.55.12:557][469]LogModuleManager: Shutting down and abandoning module PaperTiledImporter (286)
[2018.03.24-02.55.12:558][469]LogModuleManager: Shutting down and abandoning module PaperSpriteSheetImporter (284)
[2018.03.24-02.55.12:558][469]LogModuleManager: Shutting down and abandoning module Paper2DEditor (282)
[2018.03.24-02.55.12:558][469]LogModuleManager: Shutting down and abandoning module MeshPaint (281)
[2018.03.24-02.55.12:558][469]LogModuleManager: Shutting down and abandoning module LevelEditor (279)
[2018.03.24-02.55.12:560][469]LogModuleManager: Shutting down and abandoning module PixelInspectorModule (278)
[2018.03.24-02.55.12:560][469]LogModuleManager: Shutting down and abandoning module MainFrame (276)
[2018.03.24-02.55.12:560][469]LogModuleManager: Shutting down and abandoning module HotReload (275)
[2018.03.24-02.55.12:561][469]LogModuleManager: Shutting down and abandoning module RuntimePhysXCooking (270)
[2018.03.24-02.55.12:561][469]LogModuleManager: Shutting down and abandoning module PhysXVehiclesEditor (268)
[2018.03.24-02.55.12:561][469]LogModuleManager: Shutting down and abandoning module PhysXVehicles (266)
[2018.03.24-02.55.12:561][469]LogModuleManager: Shutting down and abandoning module OculusEditor (264)
[2018.03.24-02.55.12:561][469]LogModuleManager: Shutting down and abandoning module LocationServicesBPLibrary (262)
[2018.03.24-02.55.12:561][469]LogModuleManager: Shutting down and abandoning module ImmediatePhysicsEditor (260)
[2018.03.24-02.55.12:561][469]LogModuleManager: Shutting down and abandoning module ImmediatePhysics (258)
[2018.03.24-02.55.12:561][469]LogModuleManager: Shutting down and abandoning module UdpMessaging (256)
[2018.03.24-02.55.12:685][469]LogModuleManager: Shutting down and abandoning module TcpMessaging (254)
[2018.03.24-02.55.12:790][469]LogModuleManager: Shutting down and abandoning module LowEntryExtendedStandardLibrary (252)
[2018.03.24-02.55.12:790][469]LogModuleManager: Shutting down and abandoning module GameplayTagsEditor (250)
[2018.03.24-02.55.12:790][469]LogModuleManager: Shutting down and abandoning module FacialAnimationEditor (248)
[2018.03.24-02.55.12:790][469]LogModuleManager: Shutting down and abandoning module FacialAnimation (246)
[2018.03.24-02.55.12:791][469]LogModuleManager: Shutting down and abandoning module AssetManagerEditor (244)
[2018.03.24-02.55.12:791][469]LogModuleManager: Shutting down and abandoning module GraphEditor (243)
[2018.03.24-02.55.12:791][469]LogModuleManager: Shutting down and abandoning module ContentBrowser (241)
[2018.03.24-02.55.13:056][469]LogModuleManager: Shutting down and abandoning module LightPropagationVolumeRuntime (238)
[2018.03.24-02.55.13:056][469]LogModuleManager: Shutting down and abandoning module Paper2D (236)
[2018.03.24-02.55.13:056][469]LogModuleManager: Shutting down and abandoning module WindowsMoviePlayer (234)
[2018.03.24-02.55.13:057][469]LogModuleManager: Shutting down and abandoning module WmfMedia (232)
[2018.03.24-02.55.13:096][469]LogModuleManager: Shutting down and abandoning module ImgMedia (230)
[2018.03.24-02.55.13:096][469]LogModuleManager: Shutting down and abandoning module PacketHandler (228)
[2018.03.24-02.55.13:096][469]LogModuleManager: Shutting down and abandoning module ClothingSystemEditor (226)
[2018.03.24-02.55.13:096][469]LogModuleManager: Shutting down and abandoning module ClothingSystemRuntime (224)
[2018.03.24-02.55.13:165][469]LogModuleManager: Shutting down and abandoning module MediaAssets (222)
[2018.03.24-02.55.13:165][469]LogModuleManager: Shutting down and abandoning module Media (221)
[2018.03.24-02.55.13:175][469]LogModuleManager: Shutting down and abandoning module Overlay (218)
[2018.03.24-02.55.13:175][469]LogModuleManager: Shutting down and abandoning module OverlayEditor (217)
[2018.03.24-02.55.13:175][469]LogModuleManager: Shutting down and abandoning module VREditor (214)
[2018.03.24-02.55.13:175][469]LogModuleManager: Shutting down and abandoning module StringTableEditor (212)
[2018.03.24-02.55.13:175][469]LogModuleManager: Shutting down and abandoning module GameplayTasksEditor (210)
[2018.03.24-02.55.13:175][469]LogModuleManager: Shutting down and abandoning module BehaviorTreeEditor (208)
[2018.03.24-02.55.13:175][469]LogModuleManager: Shutting down and abandoning module FunctionalTesting (206)
[2018.03.24-02.55.13:176][469]LogModuleManager: Shutting down and abandoning module CollisionAnalyzer (204)
[2018.03.24-02.55.13:176][469]LogModuleManager: Shutting down and abandoning module WorkspaceMenuStructure (203)
[2018.03.24-02.55.13:176][469]LogModuleManager: Shutting down and abandoning module UMG (200)
[2018.03.24-02.55.13:176][469]LogModuleManager: Shutting down and abandoning module UMGEditor (199)
[2018.03.24-02.55.13:176][469]LogModuleManager: Shutting down and abandoning module Sequencer (198)
[2018.03.24-02.55.13:179][469]LogModuleManager: Shutting down and abandoning module MessageLog (195)
[2018.03.24-02.55.13:179][469]LogModuleManager: Shutting down and abandoning module SlateReflector (190)
[2018.03.24-02.55.13:180][469]LogModuleManager: Shutting down and abandoning module Slate (188)
[2018.03.24-02.55.13:180][469]LogModuleManager: Shutting down and abandoning module EditorStyle (186)
[2018.03.24-02.55.13:221][469]LogModuleManager: Shutting down and abandoning module MRMesh (184)
[2018.03.24-02.55.13:221][469]LogModuleManager: Shutting down and abandoning module SourceCodeAccess (182)
[2018.03.24-02.55.13:221][469]LogModuleManager: Shutting down and abandoning module HeadMountedDisplay (180)
[2018.03.24-02.55.13:221][469]LogModuleManager: Shutting down and abandoning module XAudio2 (178)
[2018.03.24-02.55.13:221][469]LogModuleManager: Shutting down and abandoning module Networking (176)
[2018.03.24-02.55.13:225][469]LogModuleManager: Shutting down and abandoning module Core (172)
[2018.03.24-02.55.13:225][469]LogModuleManager: Shutting down and abandoning module LevelSequence (168)
[2018.03.24-02.55.13:225][469]LogModuleManager: Shutting down and abandoning module DirectoryWatcher (166)
[2018.03.24-02.55.13:255][469]LogModuleManager: Shutting down and abandoning module KismetCompiler (164)
[2018.03.24-02.55.13:255][469]LogModuleManager: Shutting down and abandoning module MeshUtilities (162)
[2018.03.24-02.55.13:255][469]LogModuleManager: Shutting down and abandoning module MeshMergeUtilities (161)
[2018.03.24-02.55.13:255][469]LogModuleManager: Shutting down and abandoning module MeshReductionInterface (160)
[2018.03.24-02.55.13:255][469]LogModuleManager: Shutting down and abandoning module SimplygonSwarm (159)
[2018.03.24-02.55.13:255][469]LogModuleManager: Shutting down and abandoning module SimplygonMeshReduction (157)
[2018.03.24-02.55.13:255][469]LogModuleManager: Shutting down and abandoning module QuadricMeshReduction (155)
[2018.03.24-02.55.13:255][469]LogModuleManager: Shutting down and abandoning module MaterialBaking (151)
[2018.03.24-02.55.13:255][469]LogModuleManager: Shutting down and abandoning module DerivedDataCache (148)
[2018.03.24-02.55.13:297][469]LogDerivedDataCache: Shutdown
[2018.03.24-02.55.13:297][469]LogModuleManager: Shutting down and abandoning module TargetPlatform (146)
[2018.03.24-02.55.13:297][469]LogModuleManager: Shutting down and abandoning module VulkanShaderFormat (145)
[2018.03.24-02.55.13:297][469]LogModuleManager: Shutting down and abandoning module ShaderFormatVectorVM (143)
[2018.03.24-02.55.13:302][469]LogModuleManager: Shutting down and abandoning module ShaderFormatOpenGL (141)
[2018.03.24-02.55.13:319][469]LogModuleManager: Shutting down and abandoning module ShaderFormatD3D (139)
[2018.03.24-02.55.13:320][469]LogModuleManager: Shutting down and abandoning module MetalShaderFormat (137)
[2018.03.24-02.55.13:320][469]LogModuleManager: Shutting down and abandoning module TextureFormatUncompressed (135)
[2018.03.24-02.55.13:321][469]LogModuleManager: Shutting down and abandoning module TextureFormatPVR (133)
[2018.03.24-02.55.13:321][469]LogModuleManager: Shutting down and abandoning module TextureFormatDXT (131)
[2018.03.24-02.55.13:321][469]LogModuleManager: Shutting down and abandoning module TextureFormatIntelISPCTexComp (129)
[2018.03.24-02.55.13:329][469]LogModuleManager: Shutting down and abandoning module TextureFormatASTC (127)
[2018.03.24-02.55.13:330][469]LogModuleManager: Shutting down and abandoning module ImageWrapper (126)
[2018.03.24-02.55.13:330][469]LogModuleManager: Shutting down and abandoning module TextureFormatAndroid (123)
[2018.03.24-02.55.13:330][469]LogModuleManager: Shutting down and abandoning module AudioFormatOpus (121)
[2018.03.24-02.55.13:330][469]LogModuleManager: Shutting down and abandoning module AudioFormatOgg (119)
[2018.03.24-02.55.13:330][469]LogModuleManager: Shutting down and abandoning module AudioFormatADPCM (117)
[2018.03.24-02.55.13:331][469]LogModuleManager: Shutting down and abandoning module LinuxTargetPlatform (115)
[2018.03.24-02.55.13:331][469]LogModuleManager: Shutting down and abandoning module LinuxServerTargetPlatform (113)
[2018.03.24-02.55.13:331][469]LogModuleManager: Shutting down and abandoning module LinuxNoEditorTargetPlatform (111)
[2018.03.24-02.55.13:331][469]LogModuleManager: Shutting down and abandoning module LinuxClientTargetPlatform (109)
[2018.03.24-02.55.13:332][469]LogModuleManager: Shutting down and abandoning module TVOSTargetPlatform (107)
[2018.03.24-02.55.13:332][469]LogModuleManager: Shutting down and abandoning module Messaging (105)
[2018.03.24-02.55.13:333][469]LogModuleManager: Shutting down and abandoning module IOSTargetPlatform (103)
[2018.03.24-02.55.13:333][469]LogModuleManager: Shutting down and abandoning module HTML5TargetPlatform (101)
[2018.03.24-02.55.13:333][469]LogModuleManager: Shutting down and abandoning module AndroidTargetPlatform (99)
[2018.03.24-02.55.13:333][469]LogModuleManager: Shutting down and abandoning module Android_PVRTCTargetPlatform (97)
[2018.03.24-02.55.13:333][469]LogModuleManager: Shutting down and abandoning module Android_MultiTargetPlatform (95)
[2018.03.24-02.55.13:333][469]LogModuleManager: Shutting down and abandoning module Android_ETC2TargetPlatform (93)
[2018.03.24-02.55.13:333][469]LogModuleManager: Shutting down and abandoning module Android_ETC1TargetPlatform (91)
[2018.03.24-02.55.13:333][469]LogModuleManager: Shutting down and abandoning module Android_DXTTargetPlatform (89)
[2018.03.24-02.55.13:334][469]LogModuleManager: Shutting down and abandoning module Android_ATCTargetPlatform (87)
[2018.03.24-02.55.13:334][469]LogModuleManager: Shutting down and abandoning module Android_ASTCTargetPlatform (85)
[2018.03.24-02.55.13:334][469]LogModuleManager: Shutting down and abandoning module WindowsTargetPlatform (83)
[2018.03.24-02.55.13:334][469]LogModuleManager: Shutting down and abandoning module WindowsServerTargetPlatform (81)
[2018.03.24-02.55.13:335][469]LogModuleManager: Shutting down and abandoning module WindowsNoEditorTargetPlatform (79)
[2018.03.24-02.55.13:335][469]LogModuleManager: Shutting down and abandoning module WindowsClientTargetPlatform (77)
[2018.03.24-02.55.13:335][469]LogModuleManager: Shutting down and abandoning module MacTargetPlatform (75)
[2018.03.24-02.55.13:335][469]LogModuleManager: Shutting down and abandoning module MacServerTargetPlatform (73)
[2018.03.24-02.55.13:335][469]LogModuleManager: Shutting down and abandoning module MacNoEditorTargetPlatform (71)
[2018.03.24-02.55.13:335][469]LogModuleManager: Shutting down and abandoning module MacClientTargetPlatform (69)
[2018.03.24-02.55.13:335][469]LogModuleManager: Shutting down and abandoning module AllDesktopTargetPlatform (67)
[2018.03.24-02.55.13:335][469]LogModuleManager: Shutting down and abandoning module InputCore (64)
[2018.03.24-02.55.13:335][469]LogModuleManager: Shutting down and abandoning module Settings (62)
[2018.03.24-02.55.13:335][469]LogModuleManager: Shutting down and abandoning module PhysXCooking (60)
[2018.03.24-02.55.13:335][469]LogModuleManager: Shutting down and abandoning module SteamVR (58)
[2018.03.24-02.55.13:336][469]LogModuleManager: Shutting down and abandoning module OculusHMD (56)
[2018.03.24-02.55.13:336][469]LogModuleManager: Shutting down and abandoning module ExampleDeviceProfileSelector (54)
[2018.03.24-02.55.13:336][469]LogModuleManager: Shutting down and abandoning module AppleARKit (52)
[2018.03.24-02.55.13:336][469]LogModuleManager: Shutting down and abandoning module AugmentedReality (51)
[2018.03.24-02.55.13:336][469]LogModuleManager: Shutting down and abandoning module OnlineBlueprintSupport (48)
[2018.03.24-02.55.13:336][469]LogModuleManager: Shutting down and abandoning module OnlineSubsystem (44)
[2018.03.24-02.55.13:336][469]LogModuleManager: Shutting down and abandoning module XMPP (43)
[2018.03.24-02.55.13:336][469]LogModuleManager: Shutting down and abandoning module HTTP (41)
[2018.03.24-02.55.13:336][469]LogHttp: Display: Http module shutting down, but needs to wait on 1 outstanding Http requests:
[2018.03.24-02.55.13:336][469]LogHttp: Display: 	verb=[POST] url=[https://datarouter.ol.epicgames.com/datarouter/api/v1/public/data?SessionID=%7BB248AEC1-43A9-8393-5258-699D7D08DF42%7D&AppID=UEEditor.Rocket.Release&AppVersion=4.18.2-3794801%2B%2B%2BUE4%2BRelease-4.18&UserID=2511ffb84fd8f4af0bba8d971c3b6b3b%7C2ecf385aec3842a492ba377500556e21%7C0d883970-c28b-460a-a864-6ff464ead69e&AppEnvironment=datacollector-binary&UploadType=eteventstream] status=Processing
[2018.03.24-02.55.13:336][469]LogHttp: Display: Sleeping 0.5s to wait for 1 outstanding Http requests.
[2018.03.24-02.55.13:841][469]LogHttp: Display: Sleeping 0.5s to wait for 1 outstanding Http requests.
[2018.03.24-02.55.14:343][469]LogHttp: Display: Sleeping 0.5s to wait for 1 outstanding Http requests.
[2018.03.24-02.55.14:844][469]LogHttp: Display: Sleeping 0.5s to wait for 1 outstanding Http requests.
[2018.03.24-02.55.15:345][469]LogHttp: Display: Sleeping 0.5s to wait for 1 outstanding Http requests.
[2018.03.24-02.55.15:846][469]LogHttp: Display: Sleeping 0.5s to wait for 1 outstanding Http requests.
[2018.03.24-02.55.16:347][469]LogHttp: Display: Sleeping 0.5s to wait for 1 outstanding Http requests.
[2018.03.24-02.55.16:848][469]LogHttp: Display: Sleeping 0.5s to wait for 1 outstanding Http requests.
[2018.03.24-02.55.17:349][469]LogHttp: Display: Sleeping 0.5s to wait for 1 outstanding Http requests.
[2018.03.24-02.55.17:849][469]LogHttp: Display: Sleeping 0.5s to wait for 1 outstanding Http requests.
[2018.03.24-02.55.18:349][469]LogHttp: Display: Sleeping 0.5s to wait for 1 outstanding Http requests.
[2018.03.24-02.55.18:851][469]LogHttp: Display: Sleeping 0.5s to wait for 1 outstanding Http requests.
[2018.03.24-02.55.19:351][469]LogHttp: Display: Sleeping 0.5s to wait for 1 outstanding Http requests.
[2018.03.24-02.55.19:851][469]LogHttp: Display: Sleeping 0.5s to wait for 1 outstanding Http requests.
[2018.03.24-02.55.20:352][469]LogHttp: Display: Sleeping 0.5s to wait for 1 outstanding Http requests.
[2018.03.24-02.55.20:853][469]LogHttp: Display: Sleeping 0.5s to wait for 1 outstanding Http requests.
[2018.03.24-02.55.21:353][469]LogHttp: Warning: 00000185A0FD7580: request failed, libcurl error: 6 (Couldn't resolve host name)
[2018.03.24-02.55.21:353][469]LogHttp: Warning: 00000185A0FD7580: libcurl info message cache 0 (Connection 16 seems to be dead!)
[2018.03.24-02.55.21:353][469]LogHttp: Warning: 00000185A0FD7580: libcurl info message cache 1 (Closing connection 16)
[2018.03.24-02.55.21:353][469]LogHttp: Warning: 00000185A0FD7580: libcurl info message cache 2 (TLSv1.2 (OUT), TLS alert, Client hello (1):)
[2018.03.24-02.55.21:353][469]LogHttp: Warning: 00000185A0FD7580: libcurl info message cache 3 (Could not resolve host: datarouter.ol.epicgames.com)
[2018.03.24-02.55.21:353][469]LogHttp: Warning: 00000185A0FD7580: libcurl info message cache 4 (Closing connection 17)
[2018.03.24-02.55.21:370][469]LogModuleManager: Shutting down and abandoning module SSL (40)
[2018.03.24-02.55.21:373][469]LogModuleManager: Shutting down and abandoning module AnimationModifiers (36)
[2018.03.24-02.55.21:373][469]LogModuleManager: Shutting down and abandoning module PropertyEditor (35)
[2018.03.24-02.55.21:373][469]LogModuleManager: Shutting down and abandoning module AudioEditor (32)
[2018.03.24-02.55.21:373][469]LogModuleManager: Shutting down and abandoning module TextureCompressor (30)
[2018.03.24-02.55.21:374][469]LogModuleManager: Shutting down and abandoning module ShaderCore (28)
[2018.03.24-02.55.21:374][469]LogModuleManager: Shutting down and abandoning module Landscape (26)
[2018.03.24-02.55.21:374][469]LogModuleManager: Shutting down and abandoning module SlateRHIRenderer (24)
[2018.03.24-02.55.21:379][469]LogModuleManager: Shutting down and abandoning module OpenGLDrv (22)
[2018.03.24-02.55.21:379][469]LogModuleManager: Shutting down and abandoning module D3D11RHI (20)
[2018.03.24-02.55.21:379][469]LogModuleManager: Shutting down and abandoning module AnimGraphRuntime (18)
[2018.03.24-02.55.21:379][469]LogModuleManager: Shutting down and abandoning module Renderer (16)
[2018.03.24-02.55.21:379][469]LogModuleManager: Shutting down and abandoning module Engine (14)
[2018.03.24-02.55.21:379][469]LogModuleManager: Shutting down and abandoning module CoreUObject (12)
[2018.03.24-02.55.21:379][469]LogModuleManager: Shutting down and abandoning module NetworkFile (10)
[2018.03.24-02.55.21:379][469]LogModuleManager: Shutting down and abandoning module CookedIterativeFile (8)
[2018.03.24-02.55.21:379][469]LogModuleManager: Shutting down and abandoning module StreamingFile (6)
[2018.03.24-02.55.21:379][469]LogModuleManager: Shutting down and abandoning module SandboxFile (4)
[2018.03.24-02.55.21:379][469]LogModuleManager: Shutting down and abandoning module PakFile (2)
[2018.03.24-02.55.21:384][469]LogExit: Exiting.
[2018.03.24-02.55.21:410][469]Log file closed, 03/23/18 22:55:21
>>>>>>> Stashed changes
